(base) 10:33:22|hrbjoern-Think:/media/hrbjoern/Extreme SSD/Cucumber_Hidrive$ ls setup_015/probe_015/_probe_001/
001.png  006.png  011.png  016.png  021.png  026.png  031.png  036.png  041.png  046.png  051.png  056.png  061.png  066.png
002.png  007.png  012.png  017.png  022.png  027.png  032.png  037.png  042.png  047.png  052.png  057.png  062.png  067.png
003.png  008.png  013.png  018.png  023.png  028.png  033.png  038.png  043.png  048.png  053.png  058.png  063.png  068.png
004.png  009.png  014.png  019.png  024.png  029.png  034.png  039.png  044.png  049.png  054.png  059.png  064.png  069.png
005.png  010.png  015.png  020.png  025.png  030.png  035.png  040.png  045.png  050.png  055.png  060.png  065.png  annotations.json
(base) 10:33:30|hrbjoern-Think:/media/hrbjoern/Extreme SSD/Cucumber_Hidrive$ ls setup_002/probe_002/_probe_000_unfinished/
annotations.json  dsc01843.png  dsc01862.png  dsc01882.png  dsc01907.png  dsc01931.png  dsc01947.png  dsc01963.png  dsc01981.png  dsc02000.png  dsc02030.png
dsc01826.png      dsc01844.png  dsc01863.png  dsc01883.png  dsc01909.png  dsc01932.png  dsc01948.png  dsc01964.png  dsc01982.png  dsc02001.png  dsc02031.png
dsc01827.png      dsc01845.png  dsc01865.png  dsc01885.png  dsc01910.png  dsc01933.png  dsc01949.png  dsc01965.png  dsc01983.png  dsc02002.png  dsc02032.png
dsc01828.png      dsc01846.png  dsc01866.png  dsc01891.png  dsc01911.png  dsc01934.png  dsc01950.png  dsc01966.png  dsc01985.png  dsc02003.png  dsc02033.png
dsc01829.png      dsc01848.png  dsc01867.png  dsc01892.png  dsc01912.png  dsc01935.png  dsc01951.png  dsc01967.png  dsc01986.png  dsc02004.png  dsc02034.png
dsc01830.png      dsc01849.png  dsc01868.png  dsc01894.png  dsc01913.png  dsc01936.png  dsc01952.png  dsc01968.png  dsc01988.png  dsc02005.png  dsc02035.png
dsc01831.png      dsc01850.png  dsc01869.png  dsc01895.png  dsc01914.png  dsc01937.png  dsc01953.png  dsc01969.png  dsc01989.png  dsc02006.png
dsc01832.png      dsc01851.png  dsc01870.png  dsc01897.png  dsc01915.png  dsc01938.png  dsc01954.png  dsc01970.png  dsc01990.png  dsc02007.png
dsc01833.png      dsc01852.png  dsc01872.png  dsc01898.png  dsc01917.png  dsc01939.png  dsc01955.png  dsc01971.png  dsc01991.png  dsc02009.png
dsc01834.png      dsc01853.png  dsc01873.png  dsc01899.png  dsc01919.png  dsc01940.png  dsc01956.png  dsc01973.png  dsc01992.png  dsc02010.png
dsc01836.png      dsc01854.png  dsc01874.png  dsc01900.png  dsc01920.png  dsc01941.png  dsc01957.png  dsc01974.png  dsc01993.png  dsc02012.png
dsc01837.png      dsc01855.png  dsc01875.png  dsc01901.png  dsc01923.png  dsc01942.png  dsc01958.png  dsc01975.png  dsc01995.png  dsc02013.png
dsc01838.png      dsc01856.png  dsc01877.png  dsc01903.png  dsc01924.png  dsc01943.png  dsc01959.png  dsc01977.png  dsc01996.png  dsc02014.png
dsc01839.png      dsc01857.png  dsc01878.png  dsc01904.png  dsc01927.png  dsc01944.png  dsc01960.png  dsc01978.png  dsc01997.png  dsc02015.png
dsc01840.png      dsc01859.png  dsc01880.png  dsc01905.png  dsc01928.png  dsc01945.png  dsc01961.png  dsc01979.png  dsc01998.png  dsc02027.png
dsc01841.png      dsc01861.png  dsc01881.png  dsc01906.png  dsc01930.png  dsc01946.png  dsc01962.png  dsc01980.png  dsc01999.png  dsc02029.png
(base) 10:33:39|hrbjoern-Think:/media/hrbjoern/Extreme SSD/Cucumber_Hidrive$ ls setup_003/probe_003/_probe_001/
20220614_131055.png  20220614_131112.png  20220614_131131.png    20220614_131149.png    20220614_131204.png    20220614_131234.png    20220614_131250.png
20220614_131056.png  20220614_131113.png  20220614_131132.png    20220614_131150.png    20220614_131205.png    20220614_131235.png    20220614_131251.png
20220614_131057.png  20220614_131115.png  20220614_131133.png    20220614_131151_a.png  20220614_131206.png    20220614_131236.png    20220614_131252.png
20220614_131058.png  20220614_131116.png  20220614_131134.png    20220614_131151.png    20220614_131207.png    20220614_131237.png    20220614_131253.png
20220614_131059.png  20220614_131117.png  20220614_131135.png    20220614_131152.png    20220614_131208.png    20220614_131238.png    20220614_131254.png
20220614_131100.png  20220614_131118.png  20220614_131136.png    20220614_131153.png    20220614_131209.png    20220614_131239.png    20220614_131255.png
20220614_131101.png  20220614_131119.png  20220614_131137.png    20220614_131154.png    20220614_131210.png    20220614_131240.png    20220614_131256.png
20220614_131102.png  20220614_131120.png  20220614_131139.png    20220614_131155.png    20220614_131211.png    20220614_131241_a.png  20220614_131257.png
20220614_131103.png  20220614_131121.png  20220614_131140.png    20220614_131156.png    20220614_131212.png    20220614_131241.png    20220614_131258.png
20220614_131104.png  20220614_131122.png  20220614_131141.png    20220614_131157.png    20220614_131217.png    20220614_131243.png    20220614_131259.png
20220614_131105.png  20220614_131124.png  20220614_131142.png    20220614_131158.png    20220614_131218.png    20220614_131244_a.png  20220614_131300.png
20220614_131106.png  20220614_131125.png  20220614_131143.png    20220614_131159.png    20220614_131219.png    20220614_131244.png    annotations.json
20220614_131107.png  20220614_131126.png  20220614_131144.png    20220614_131200_a.png  20220614_131220.png    20220614_131245.png
20220614_131108.png  20220614_131127.png  20220614_131145_a.png  20220614_131200.png    20220614_131224.png    20220614_131246.png
20220614_131109.png  20220614_131128.png  20220614_131145.png    20220614_131201.png    20220614_131225_a.png  20220614_131247.png
20220614_131110.png  20220614_131129.png  20220614_131146.png    20220614_131202.png    20220614_131225.png    20220614_131248.png
20220614_131111.png  20220614_131130.png  20220614_131148.png    20220614_131203.png    20220614_131233.png    20220614_131249.png
(base) 10:33:57|hrbjoern-Think:/media/hrbjoern/Extreme SSD/Cucumber_Hidrive$ ls setup_011/probe_011/
.DAV/                  _probe_001/            _probe_002_unfinished/ 
(base) 10:33:57|hrbjoern-Think:/media/hrbjoern/Extreme SSD/Cucumber_Hidrive$ ls setup_011/probe_011/_probe_00*/
setup_011/probe_011/_probe_001/:
20220614_131055.png  20220614_131112.png  20220614_131131.png    20220614_131149.png    20220614_131204.png    20220614_131234.png    20220614_131250.png
20220614_131056.png  20220614_131113.png  20220614_131132.png    20220614_131150.png    20220614_131205.png    20220614_131235.png    20220614_131251.png
20220614_131057.png  20220614_131115.png  20220614_131133.png    20220614_131151_a.png  20220614_131206.png    20220614_131236.png    20220614_131252.png
20220614_131058.png  20220614_131116.png  20220614_131134.png    20220614_131151_b.png  20220614_131207.png    20220614_131237.png    20220614_131253.png
20220614_131059.png  20220614_131117.png  20220614_131135.png    20220614_131152.png    20220614_131208.png    20220614_131238.png    20220614_131254.png
20220614_131100.png  20220614_131118.png  20220614_131136.png    20220614_131153.png    20220614_131209.png    20220614_131239.png    20220614_131255.png
20220614_131101.png  20220614_131119.png  20220614_131137.png    20220614_131154.png    20220614_131210.png    20220614_131240.png    20220614_131256.png
20220614_131102.png  20220614_131120.png  20220614_131139.png    20220614_131155.png    20220614_131211.png    20220614_131241_a.png  20220614_131257.png
20220614_131103.png  20220614_131121.png  20220614_131140.png    20220614_131156.png    20220614_131212.png    20220614_131241_b.png  20220614_131258.png
20220614_131104.png  20220614_131122.png  20220614_131141.png    20220614_131157.png    20220614_131217.png    20220614_131243.png    20220614_131259.png
20220614_131105.png  20220614_131124.png  20220614_131142.png    20220614_131158.png    20220614_131218.png    20220614_131244_a.png  20220614_131300.png
20220614_131106.png  20220614_131125.png  20220614_131143.png    20220614_131159.png    20220614_131219.png    20220614_131244_b.png  annotations.json
20220614_131107.png  20220614_131126.png  20220614_131144.png    20220614_131200_a.png  20220614_131220.png    20220614_131245.png
20220614_131108.png  20220614_131127.png  20220614_131145_a.png  20220614_131200_b.png  20220614_131224.png    20220614_131246.png
20220614_131109.png  20220614_131128.png  20220614_131145_b.png  20220614_131201.png    20220614_131225_a.png  20220614_131247.png
20220614_131110.png  20220614_131129.png  20220614_131146.png    20220614_131202.png    20220614_131225_b.png  20220614_131248.png
20220614_131111.png  20220614_131130.png  20220614_131148.png    20220614_131203.png    20220614_131233.png    20220614_131249.png

setup_011/probe_011/_probe_002_unfinished/:
20220614_131213_a.png  20220614_131214.png  20220614_131216.png  20220614_131222.png  20220614_131227.png  20220614_131229.png  20220614_131231.png
20220614_131213_b.png  20220614_131215.png  20220614_131221.png  20220614_131226.png  20220614_131228.png  20220614_131230.png  20220614_131232.png
