setup_000/field_000/raw/:

setup_001/field_001/raw/:
dsc04609.arw
dsc04610.arw
dsc04611.arw
dsc04612.arw
dsc04613.arw
dsc04614.arw
dsc04615.arw
dsc04616.arw
dsc04617.arw
dsc04618.arw
dsc04619.arw
dsc04620.arw
dsc04621.arw
dsc04622.arw
dsc04623.arw
dsc04624.arw
dsc04625.arw
dsc04626.arw
dsc04627.arw
dsc04628.arw
dsc04629.arw
dsc04630.arw
dsc04631.arw
dsc04632.arw
dsc04633.arw
dsc04634.arw
dsc04635.arw
dsc04636.arw
dsc04637.arw
dsc04638.arw
dsc04639.arw
dsc04640.arw
dsc04641.arw
dsc04642.arw
dsc04643.arw
dsc04644.arw
dsc04645.arw
dsc04646.arw
dsc04647.arw
dsc04648.arw
dsc04649.arw
dsc04650.arw
dsc04651.arw
dsc04652.arw
dsc04653.arw
dsc04654.arw
dsc04655.arw
dsc04656.arw
dsc04657.arw
dsc04658.arw
dsc04659.arw
dsc04660.arw
dsc04661.arw
dsc04662.arw
dsc04663.arw
dsc04664.arw
dsc04665.arw
dsc04666.arw
dsc04667.arw
dsc04668.arw
dsc04669.arw
dsc04670.arw
dsc04671.arw
dsc04672.arw
dsc04673.arw
dsc04674.arw
dsc04675.arw
dsc04676.arw
dsc04677.arw
dsc04678.arw
dsc04679.arw
dsc04680.arw
dsc04681.arw

setup_002/field_002/raw/:

setup_003/field_003/raw/:

setup_004/field_004/raw/:

setup_005/field_005/raw/:

setup_006/field_006/raw/:

setup_007/field_007/raw/:

setup_008/field_008/raw/:

setup_009/field_009/raw/:

setup_011/field_011/raw/:
dsc03474.arw
dsc03475.arw
dsc03476.arw
dsc03477.arw
dsc03478.arw
dsc03479.arw
dsc03480.arw
dsc03481.arw
dsc03482.arw
dsc03483.arw
dsc03484.arw
dsc03485.arw
dsc03486.arw
dsc03487.arw
dsc03488.arw
dsc03489.arw
dsc03490.arw
dsc03491.arw
dsc03492.arw
dsc03493.arw
dsc03494.arw
dsc03495.arw
dsc03496.arw
dsc03497.arw
dsc03498.arw
dsc03499.arw
dsc03500.arw
dsc03501.arw
dsc03502.arw
dsc03503.arw
dsc03504.arw
dsc03505.arw
dsc03506.arw
dsc03507.arw
dsc03508.arw
dsc03509.arw
dsc03510.arw
dsc03511.arw
dsc03512.arw
dsc03513.arw
dsc03514.arw
dsc03515.arw
dsc03516.arw
dsc03517.arw
dsc03518.arw
dsc03519.arw
dsc03520.arw
dsc03521.arw
dsc03522.arw
dsc03523.arw
dsc03524.arw
dsc03525.arw
dsc03526.arw
dsc03527.arw
dsc03528.arw
dsc03529.arw
dsc03530.arw
dsc03531.arw
dsc03532.arw
dsc03533.arw
dsc03534.arw
dsc03535.arw
dsc03536.arw
dsc03537.arw
dsc03538.arw
dsc03539.arw
dsc03540.arw
dsc03541.arw
dsc03542.arw
dsc03543.arw
dsc03544.arw
dsc03545.arw
dsc03546.arw
dsc03547.arw
dsc03548.arw
dsc03549.arw
dsc03550.arw
dsc03551.arw
dsc03552.arw
dsc03553.arw
dsc03554.arw
dsc03555.arw
dsc03556.arw
dsc03557.arw
dsc03558.arw
dsc03559.arw
dsc03560.arw
dsc03561.arw
dsc03562.arw
dsc03563.arw
dsc03564.arw
dsc03565.arw
dsc03566.arw
dsc03567.arw
dsc03568.arw
dsc03569.arw
dsc03570.arw
dsc03571.arw
dsc03572.arw
dsc03573.arw
dsc03574.arw
dsc03575.arw
dsc03576.arw
dsc03577.arw
dsc03578.arw
dsc03579.arw
dsc03580.arw
dsc03581.arw
dsc03582.arw
dsc03583.arw
dsc03584.arw
dsc03585.arw
dsc03586.arw
dsc03587.arw
dsc03588.arw
dsc03589.arw
dsc03590.arw
dsc03591.arw
dsc03592.arw
dsc03593.arw
dsc03594.arw
dsc03595.arw
dsc03596.arw
dsc03597.arw
dsc03598.arw
dsc03599.arw
dsc03600.arw
dsc03601.arw
dsc03602.arw
dsc03603.arw
dsc03604.arw
dsc03605.arw
dsc03606.arw
dsc03607.arw
dsc03608.arw
dsc03609.arw
dsc03610.arw
dsc03611.arw
dsc03612.arw
dsc03613.arw
dsc03614.arw
dsc03615.arw
dsc03616.arw
dsc03617.arw
dsc03618.arw
dsc03619.arw
dsc03620.arw
dsc03621.arw
dsc03622.arw
dsc03623.arw
dsc03624.arw
dsc03625.arw
dsc03626.arw
dsc03627.arw
dsc03628.arw
dsc03629.arw
dsc03630.arw
dsc03631.arw
dsc03632.arw
dsc03633.arw
dsc03634.arw
dsc03635.arw
dsc03636.arw
dsc03637.arw
dsc03638.arw
dsc03639.arw
dsc03640.arw
dsc03641.arw
dsc03642.arw
dsc03643.arw
dsc03644.arw
dsc03645.arw
dsc03646.arw
dsc03647.arw
dsc03648.arw
dsc03649.arw
dsc03650.arw
dsc03651.arw
dsc03652.arw
dsc03653.arw
dsc03654.arw
dsc03655.arw
dsc03656.arw
dsc03657.arw
dsc03658.arw
dsc03659.arw
dsc03660.arw
dsc03661.arw
dsc03662.arw
dsc03663.arw
dsc03664.arw
dsc03665.arw
dsc03666.arw
dsc03667.arw
dsc03668.arw
dsc03669.arw
dsc03670.arw
dsc03671.arw
dsc03672.arw
dsc03673.arw
dsc03674.arw
dsc03675.arw
dsc03676.arw
dsc03677.arw
dsc03678.arw
dsc03679.arw
dsc03680.arw
dsc03681.arw
dsc03682.arw
dsc03683.arw
dsc03684.arw
dsc03685.arw
dsc03686.arw
dsc03687.arw
dsc03688.arw
dsc03689.arw
dsc03690.arw
dsc03691.arw
dsc03692.arw
dsc03693.arw
dsc03694.arw
dsc03695.arw
dsc03696.arw
dsc03697.arw
dsc03698.arw
dsc03699.arw
dsc03700.arw
dsc03701.arw
dsc03702.arw
dsc03703.arw
dsc03704.arw
dsc03705.arw
dsc03706.arw
dsc03707.arw
dsc03708.arw
dsc03709.arw
dsc03710.arw
dsc03711.arw
dsc03712.arw
dsc03713.arw
dsc03714.arw
dsc03715.arw
dsc03716.arw
dsc03717.arw
dsc03718.arw
dsc03719.arw
dsc03720.arw
dsc03721.arw
dsc03722.arw
dsc03723.arw
dsc03724.arw
dsc03725.arw
dsc03726.arw
dsc03727.arw
dsc03728.arw
dsc03729.arw
dsc03730.arw
dsc03731.arw
dsc03732.arw
dsc03733.arw
dsc03734.arw
dsc03735.arw
dsc03736.arw
dsc03737.arw
dsc03738.arw
dsc03739.arw
dsc03740.arw
dsc03741.arw
dsc03742.arw
dsc03743.arw
dsc03744.arw
dsc03745.arw
dsc03746.arw
dsc03747.arw
dsc03748.arw
dsc03749.arw
dsc03750.arw
dsc03751.arw
dsc03752.arw
dsc03753.arw
dsc03754.arw
dsc03755.arw
dsc03756.arw
dsc03757.arw
dsc03758.arw
dsc03759.arw
dsc03760.arw
dsc03761.arw
dsc03762.arw
dsc03763.arw
dsc03764.arw
dsc03765.arw
dsc03766.arw
dsc03767.arw
dsc03768.arw
dsc03769.arw
dsc03770.arw
dsc03771.arw
dsc03772.arw
dsc03773.arw
dsc03774.arw
dsc03775.arw
dsc03776.arw
dsc03777.arw
dsc03778.arw
dsc03779.arw
dsc03780.arw
dsc03781.arw
dsc03782.arw
dsc03783.arw
dsc03784.arw
dsc03785.arw
dsc03786.arw
dsc03787.arw
dsc03788.arw
dsc03789.arw

setup_012/field_012/raw/:
DSC03791.ARW
DSC03792.ARW
DSC03793.ARW
DSC03794.ARW
DSC03795.ARW
DSC03796.ARW
DSC03797.ARW
DSC03798.ARW
DSC03799.ARW
DSC03800.ARW
DSC03801.ARW
DSC03802.ARW
DSC03803.ARW
DSC03804.ARW
DSC03805.ARW
DSC03806.ARW
DSC03807.ARW
DSC03808.ARW
DSC03809.ARW
DSC03810.ARW
DSC03811.ARW
DSC03812.ARW
DSC03813.ARW
DSC03814.ARW
DSC03815.ARW
DSC03816.ARW
DSC03817.ARW
DSC03818.ARW
DSC03819.ARW
DSC03820.ARW
DSC03821.ARW
DSC03822.ARW
DSC03823.ARW
DSC03824.ARW
DSC03825.ARW
DSC03826.ARW
DSC03827.ARW
DSC03828.ARW
DSC03829.ARW
DSC03830.ARW
DSC03831.ARW
DSC03832.ARW
DSC03833.ARW
DSC03834.ARW
DSC03835.ARW
DSC03836.ARW
DSC03837.ARW
DSC03838.ARW
DSC03839.ARW
DSC03840.ARW
DSC03841.ARW
DSC03842.ARW
DSC03843.ARW
DSC03844.ARW
DSC03845.ARW
DSC03846.ARW
DSC03847.ARW
DSC03848.ARW
DSC03849.ARW
DSC03850.ARW
DSC03851.ARW
DSC03852.ARW
DSC03853.ARW
DSC03854.ARW
DSC03855.ARW
DSC03856.ARW
DSC03857.ARW
DSC03858.ARW
DSC03859.ARW
DSC03860.ARW
DSC03861.ARW
DSC03862.ARW
DSC03863.ARW
DSC03864.ARW
DSC03865.ARW
DSC03866.ARW
DSC03867.ARW
DSC03868.ARW
DSC03869.ARW
DSC03870.ARW
DSC03871.ARW
DSC03872.ARW
DSC03873.ARW
DSC03874.ARW
DSC03875.ARW
DSC03876.ARW
DSC03877.ARW
DSC03878.ARW
DSC03879.ARW
DSC03880.ARW
DSC03881.ARW
DSC03882.ARW
DSC03883.ARW
DSC03884.ARW
DSC03885.ARW
DSC03886.ARW
DSC03887.ARW
DSC03888.ARW
DSC03889.ARW
DSC03890.ARW
DSC03891.ARW
DSC03892.ARW
DSC03893.ARW
DSC03894.ARW
DSC03895.ARW
DSC03896.ARW
DSC03897.ARW
DSC03898.ARW
DSC03899.ARW
DSC03900.ARW
DSC03901.ARW
DSC03902.ARW
DSC03903.ARW
DSC03904.ARW
DSC03905.ARW
DSC03906.ARW
DSC03907.ARW
DSC03908.ARW
DSC03909.ARW
DSC03910.ARW
DSC03911.ARW
DSC03912.ARW
DSC03913.ARW
DSC03914.ARW
DSC03915.ARW

setup_014/field_014/raw/:
dsc03920.arw
dsc03921.arw
dsc03922.arw
dsc03923.arw
dsc03924.arw
dsc03925.arw
dsc03926.arw
dsc03927.arw
dsc03928.arw
dsc03929.arw
dsc03930.arw
dsc03931.arw
dsc03932.arw
dsc03933.arw
dsc03934.arw
dsc03935.arw
dsc03936.arw
dsc03937.arw
dsc03938.arw
dsc03939.arw
dsc03940.arw
dsc03941.arw
dsc03942.arw
dsc03943.arw
dsc03944.arw
dsc03945.arw
dsc03946.arw
dsc03947.arw
dsc03948.arw
dsc03949.arw
dsc03950.arw
dsc03951.arw
dsc03952.arw
dsc03953.arw
dsc03954.arw
dsc03955.arw
dsc03956.arw
dsc03957.arw
dsc03958.arw
dsc03959.arw
dsc03960.arw
dsc03961.arw
dsc03962.arw
dsc03963.arw
dsc03964.arw
dsc03965.arw
dsc03966.arw
dsc03967.arw
dsc03968.arw
dsc03969.arw
dsc03970.arw
dsc03971.arw
dsc03972.arw
dsc03973.arw
dsc03974.arw
dsc03975.arw
dsc03976.arw
dsc03977.arw
dsc03978.arw
dsc03979.arw
dsc03980.arw
dsc03981.arw
dsc03982.arw
dsc03983.arw
dsc03984.arw
dsc03985.arw
dsc03986.arw
dsc03987.arw
dsc03988.arw
dsc03989.arw
dsc03990.arw
dsc03991.arw
dsc03992.arw
dsc03993.arw
dsc03994.arw
dsc03995.arw
dsc03996.arw
dsc03997.arw
dsc03998.arw
dsc03999.arw
dsc04000.arw
dsc04001.arw
dsc04002.arw
dsc04003.arw
dsc04004.arw
dsc04005.arw
dsc04006.arw
dsc04007.arw
dsc04008.arw
dsc04009.arw
dsc04010.arw
dsc04011.arw
dsc04012.arw
dsc04013.arw
dsc04014.arw
dsc04015.arw
dsc04016.arw
dsc04017.arw
dsc04018.arw
dsc04019.arw
dsc04020.arw
dsc04021.arw
dsc04022.arw
dsc04023.arw
dsc04024.arw
dsc04025.arw
dsc04026.arw
dsc04027.arw
dsc04028.arw
dsc04029.arw
dsc04030.arw
dsc04031.arw
dsc04032.arw
dsc04033.arw
dsc04034.arw
dsc04035.arw
dsc04036.arw
dsc04037.arw
dsc04038.arw
dsc04039.arw
dsc04040.arw
dsc04041.arw
dsc04042.arw
dsc04043.arw
dsc04044.arw
dsc04045.arw
dsc04046.arw
dsc04047.arw
dsc04048.arw
dsc04049.arw
dsc04050.arw
dsc04051.arw
dsc04052.arw
dsc04053.arw
dsc04054.arw
dsc04055.arw
dsc04056.arw
dsc04057.arw
dsc04058.arw
dsc04059.arw
dsc04060.arw
dsc04061.arw
dsc04062.arw
dsc04063.arw
dsc04064.arw
dsc04065.arw
dsc04066.arw
dsc04067.arw
dsc04068.arw
dsc04069.arw
dsc04070.arw
dsc04071.arw
dsc04072.arw
dsc04073.arw
dsc04074.arw
dsc04075.arw
dsc04076.arw
dsc04077.arw
dsc04078.arw
dsc04079.arw
dsc04080.arw
dsc04081.arw
dsc04082.arw
dsc04083.arw
dsc04084.arw
dsc04085.arw
dsc04086.arw
dsc04087.arw
dsc04088.arw
dsc04089.arw
dsc04090.arw
dsc04091.arw
dsc04092.arw
dsc04093.arw
dsc04094.arw
dsc04095.arw
dsc04096.arw
dsc04097.arw
dsc04098.arw
dsc04099.arw
dsc04100.arw
dsc04101.arw
dsc04102.arw
dsc04103.arw
dsc04104.arw
dsc04105.arw
dsc04106.arw
dsc04107.arw
dsc04108.arw
dsc04109.arw
dsc04110.arw
dsc04111.arw
dsc04112.arw
dsc04113.arw
dsc04114.arw
dsc04115.arw
dsc04116.arw
dsc04117.arw
dsc04118.arw
dsc04119.arw
dsc04120.arw
dsc04121.arw
dsc04122.arw
dsc04123.arw
dsc04124.arw
dsc04125.arw
dsc04126.arw
dsc04127.arw
dsc04128.arw
dsc04129.arw
dsc04130.arw
dsc04131.arw
dsc04132.arw
dsc04133.arw
dsc04134.arw
dsc04135.arw
dsc04136.arw
dsc04137.arw
dsc04138.arw
dsc04139.arw
dsc04140.arw
dsc04141.arw
dsc04142.arw
dsc04143.arw
dsc04144.arw
dsc04145.arw
dsc04146.arw
dsc04147.arw
dsc04148.arw
dsc04149.arw
dsc04150.arw
dsc04151.arw
dsc04152.arw
dsc04153.arw
dsc04154.arw
dsc04155.arw
dsc04156.arw
dsc04157.arw
dsc04158.arw
dsc04159.arw
dsc04160.arw
dsc04161.arw
dsc04162.arw
dsc04163.arw
dsc04164.arw
dsc04165.arw
dsc04166.arw
dsc04167.arw
dsc04168.arw
dsc04169.arw
dsc04170.arw
dsc04171.arw
dsc04172.arw
dsc04173.arw
dsc04174.arw
dsc04175.arw
dsc04176.arw
dsc04177.arw
dsc04178.arw
dsc04179.arw
dsc04180.arw
dsc04181.arw
dsc04182.arw
dsc04183.arw
dsc04184.arw
dsc04185.arw
dsc04186.arw
dsc04187.arw
dsc04188.arw
dsc04189.arw
dsc04190.arw
dsc04191.arw
dsc04192.arw
dsc04193.arw
dsc04194.arw
dsc04195.arw
dsc04196.arw
dsc04197.arw
dsc04198.arw
dsc04199.arw
dsc04200.arw
dsc04201.arw
dsc04202.arw
dsc04203.arw
dsc04204.arw
dsc04205.arw
dsc04206.arw
dsc04207.arw
dsc04208.arw
dsc04209.arw
dsc04210.arw
dsc04211.arw
dsc04212.arw
dsc04213.arw
dsc04214.arw
dsc04215.arw
dsc04216.arw
dsc04217.arw
dsc04218.arw
dsc04219.arw
dsc04220.arw
dsc04221.arw
dsc04222.arw
dsc04223.arw
dsc04224.arw
dsc04225.arw
dsc04226.arw
dsc04227.arw
dsc04228.arw
dsc04229.arw
dsc04230.arw
dsc04231.arw
dsc04232.arw
dsc04233.arw
dsc04234.arw
dsc04235.arw
dsc04236.arw
dsc04237.arw
dsc04238.arw
dsc04239.arw
dsc04240.arw
dsc04241.arw
dsc04242.arw
dsc04243.arw
dsc04244.arw
dsc04245.arw
dsc04246.arw
dsc04247.arw
dsc04248.arw
dsc04249.arw
dsc04250.arw
dsc04251.arw
dsc04252.arw
dsc04253.arw
dsc04254.arw
dsc04255.arw
dsc04256.arw
dsc04257.arw
dsc04258.arw
dsc04259.arw
dsc04260.arw
dsc04261.arw
dsc04262.arw
dsc04263.arw
dsc04264.arw
dsc04265.arw
dsc04266.arw
dsc04267.arw
dsc04268.arw
dsc04269.arw
dsc04270.arw
dsc04271.arw
dsc04272.arw
dsc04273.arw
dsc04274.arw
dsc04275.arw
dsc04276.arw
dsc04277.arw
dsc04278.arw
dsc04279.arw
dsc04280.arw
dsc04281.arw
dsc04282.arw
dsc04283.arw
dsc04284.arw
dsc04285.arw
dsc04286.arw
dsc04287.arw
dsc04288.arw
dsc04289.arw
dsc04290.arw
dsc04291.arw
dsc04292.arw
dsc04293.arw
dsc04294.arw
dsc04295.arw
dsc04296.arw
dsc04297.arw
dsc04298.arw
dsc04299.arw
dsc04300.arw
dsc04301.arw
dsc04302.arw
dsc04303.arw
dsc04304.arw
dsc04305.arw
dsc04306.arw
dsc04307.arw
dsc04308.arw
dsc04309.arw
dsc04310.arw
dsc04311.arw
dsc04312.arw
dsc04313.arw
dsc04314.arw
dsc04315.arw
dsc04316.arw
dsc04317.arw
dsc04318.arw
dsc04319.arw
dsc04320.arw
dsc04321.arw
dsc04322.arw
dsc04323.arw
dsc04324.arw
dsc04325.arw
dsc04326.arw
dsc04327.arw
dsc04328.arw
dsc04329.arw
dsc04330.arw

setup_015/field_015/raw/:
dsc04332.arw
dsc04333.arw
dsc04334.arw
dsc04335.arw
dsc04336.arw
dsc04337.arw
dsc04338.arw
dsc04339.arw
dsc04340.arw
dsc04341.arw
dsc04342.arw
dsc04343.arw
dsc04344.arw
dsc04345.arw
dsc04346.arw
dsc04347.arw
dsc04348.arw
dsc04349.arw
dsc04350.arw
dsc04351.arw
dsc04352.arw
dsc04353.arw
dsc04354.arw
dsc04355.arw
dsc04356.arw
dsc04357.arw
dsc04358.arw
dsc04359.arw
dsc04360.arw
dsc04361.arw
dsc04362.arw
dsc04363.arw
dsc04364.arw
dsc04365.arw
dsc04366.arw
dsc04367.arw
dsc04368.arw
dsc04369.arw
dsc04370.arw
dsc04371.arw
dsc04372.arw
dsc04373.arw
dsc04374.arw
dsc04375.arw
dsc04376.arw
dsc04377.arw
dsc04378.arw
dsc04379.arw
dsc04380.arw
dsc04381.arw
dsc04382.arw
dsc04383.arw
dsc04384.arw
dsc04385.arw
dsc04386.arw
dsc04387.arw
dsc04388.arw
dsc04389.arw
dsc04390.arw
dsc04391.arw
dsc04392.arw
dsc04393.arw
dsc04394.arw
dsc04395.arw
dsc04396.arw
dsc04397.arw
dsc04398.arw
dsc04399.arw
dsc04400.arw
dsc04401.arw
dsc04402.arw
dsc04403.arw
dsc04404.arw
dsc04405.arw
dsc04406.arw
dsc04407.arw
dsc04408.arw
dsc04409.arw
dsc04410.arw

setup_016/field_016/raw/:
dsc04412.raw
dsc04413.arw
dsc04414.arw
dsc04415.arw
dsc04416.arw
dsc04417.arw
dsc04418.arw
dsc04419.arw
dsc04420.arw
dsc04421.arw
dsc04422.arw
dsc04423.arw
dsc04424.arw
dsc04425.arw
dsc04426.arw
dsc04427.arw
dsc04428.arw
dsc04429.arw
dsc04430.arw
dsc04431.arw
dsc04432.arw
dsc04433.arw
dsc04434.arw
dsc04435.arw
dsc04436.arw
dsc04437.arw
dsc04438.arw
dsc04439.arw
dsc04440.arw
dsc04441.arw
dsc04442.arw
dsc04443.arw
dsc04444.arw
dsc04445.arw
dsc04446.arw
dsc04447.arw
dsc04448.arw
dsc04449.arw
dsc04450.arw
dsc04451.arw
dsc04452.arw
dsc04453.arw
dsc04454.arw
dsc04455.arw
dsc04456.arw
dsc04457.arw
dsc04458.arw
dsc04459.arw
dsc04460.arw
dsc04461.arw
dsc04462.arw
dsc04463.arw
dsc04464.arw
dsc04465.arw
dsc04466.arw
dsc04467.arw
dsc04468.arw
dsc04469.arw
dsc04470.arw
dsc04471.arw
dsc04472.arw
dsc04473.arw
dsc04474.arw
dsc04475.arw
dsc04476.arw
dsc04477.arw
dsc04478.arw
dsc04479.arw
dsc04480.arw
dsc04481.arw
dsc04482.arw
dsc04483.arw
dsc04484.arw
dsc04485.arw
dsc04486.arw
dsc04487.arw
dsc04488.arw
dsc04489.arw
dsc04490.arw
dsc04491.arw
dsc04492.arw
dsc04493.arw
dsc04494.arw
dsc04495.arw
dsc04496.arw
dsc04497.arw
dsc04498.arw
dsc04499.arw
dsc04500.arw
dsc04501.arw
dsc04502.arw
dsc04503.arw
dsc04504.arw
dsc04505.arw
dsc04506.arw
dsc04507.arw
dsc04508.arw
dsc04509.arw
dsc04510.arw
dsc04511.arw
dsc04512.arw
dsc04513.arw
dsc04514.arw
dsc04515.arw
dsc04516.arw
dsc04517.arw
dsc04518.arw
dsc04519.arw
dsc04520.arw
dsc04521.arw
dsc04522.arw
dsc04523.arw
dsc04524.arw
dsc04525.arw
dsc04526.arw
dsc04527.arw
dsc04528.arw
dsc04529.arw
dsc04530.arw
dsc04531.arw
dsc04532.arw
dsc04533.arw
dsc04534.arw
dsc04535.arw
dsc04536.arw
dsc04537.arw
dsc04538.arw
dsc04539.arw
dsc04540.arw
dsc04541.arw
dsc04542.arw
dsc04543.arw
dsc04544.arw
dsc04545.arw
dsc04546.arw
dsc04547.arw
dsc04548.arw
dsc04549.arw
dsc04550.arw
dsc04551.arw
dsc04552.arw
dsc04553.arw
dsc04554.arw
dsc04555.arw
dsc04556.arw
dsc04557.arw
dsc04558.arw
dsc04559.arw
dsc04560.arw
dsc04561.arw
dsc04562.arw
dsc04563.arw
dsc04564.arw
dsc04565.arw
dsc04566.arw
dsc04567.arw
dsc04568.arw
dsc04569.arw
dsc04570.arw
dsc04571.arw
dsc04572.arw
dsc04573.arw
dsc04576.arw
dsc04577.arw
dsc04578.arw
dsc04579.arw
dsc04580.arw
dsc04581.arw
dsc04582.arw
dsc04583.arw
dsc04584.arw
dsc04585.arw
dsc04586.arw
dsc04587.arw
dsc04588.arw
dsc04589.arw
dsc04590.arw
dsc04591.arw
dsc04592.arw
dsc04593.arw
dsc04594.arw
dsc04595.arw
dsc04596.arw
dsc04597.arw
dsc04598.arw
dsc04599.arw
dsc04600.arw
dsc04601.arw
dsc04602.arw
dsc04603.arw
dsc04604.arw
dsc04605.arw
dsc04606.arw
dsc04607.arw
dsc04608.arw

setup_018/field_018/raw/:
dsc04682.arw
dsc04683.arw
dsc04684.arw
dsc04685.arw
dsc04686.arw
dsc04687.arw
dsc04688.arw
dsc04689.arw
dsc04690.arw
dsc04691.arw
dsc04692.arw
dsc04693.arw
dsc04694.arw
dsc04695.arw
dsc04696.arw
dsc04697.arw
dsc04698.arw
dsc04699.arw
dsc04700.arw
dsc04701.arw
dsc04702.arw
dsc04703.arw
dsc04704.arw
dsc04705.arw
dsc04706.arw
dsc04707.arw
dsc04708.arw
dsc04709.arw
dsc04710.arw
dsc04711.arw
dsc04712.arw
dsc04713.arw
dsc04714.arw
dsc04715.arw
dsc04716.arw
dsc04717.arw
dsc04718.arw
dsc04719.arw
dsc04720.arw
dsc04721.arw
dsc04722.arw
dsc04723.arw
dsc04724.arw
dsc04725.arw
dsc04726.arw
dsc04727.arw
dsc04728.arw
dsc04729.arw
dsc04730.arw
dsc04731.arw
dsc04732.arw
dsc04733.arw
dsc04734.arw
dsc04735.arw
dsc04736.arw
dsc04737.arw
dsc04738.arw
dsc04739.arw
dsc04740.arw
dsc04741.arw
dsc04742.arw
dsc04743.arw
dsc04744.arw
dsc04745.arw
dsc04746.arw
dsc04747.arw
dsc04748.arw
dsc04749.arw
dsc04750.arw
dsc04751.arw
dsc04752.arw
dsc04753.arw
dsc04754.arw
dsc04755.arw
dsc04756.arw
dsc04757.arw
dsc04758.arw
dsc04759.arw
dsc04760.arw
dsc04761.arw
dsc04762.arw
dsc04763.arw
dsc04764.arw
dsc04765.arw
dsc04766.arw
dsc04767.arw
dsc04768.arw
dsc04769.arw
dsc04770.arw
dsc04771.arw
dsc04772.arw
dsc04773.arw
dsc04778.arw

setup_019/field_019/raw/:

setup_020/field_020/raw/:

setup_021/field_021/raw/:

setup_022/field_022/raw/:

setup_023/field_023/raw/:

setup_024/field_024/raw/:

setup_025/field_025/raw/:
dsc03474.arw
dsc03475.arw
dsc03476.arw
dsc03477.arw
dsc03478.arw
dsc03479.arw
dsc03480.arw
dsc03481.arw
dsc03482.arw
dsc03483.arw
dsc03484.arw
dsc03485.arw
dsc03486.arw
dsc03487.arw
dsc03488.arw
dsc03489.arw
dsc03490.arw
dsc03491.arw
dsc03492.arw
dsc03493.arw
dsc03494.arw
dsc03495.arw
dsc03496.arw
dsc03497.arw
dsc03498.arw
dsc03499.arw
dsc03500.arw
dsc03501.arw
dsc03502.arw
dsc03503.arw
dsc03504.arw
dsc03505.arw
dsc03506.arw
dsc03507.arw
dsc03508.arw
dsc03509.arw
dsc03510.arw
dsc03511.arw
dsc03512.arw
dsc03513.arw
dsc03514.arw
dsc03515.arw
dsc03516.arw
dsc03517.arw
dsc03518.arw
dsc03519.arw
dsc03520.arw
dsc03521.arw
dsc03522.arw
dsc03523.arw
dsc03524.arw
dsc03525.arw
dsc03526.arw
dsc03527.arw
dsc03528.arw
dsc03529.arw
dsc03530.arw
dsc03531.arw
dsc03532.arw
dsc03533.arw
dsc03534.arw
dsc03535.arw
dsc03536.arw
dsc03537.arw
dsc03538.arw
dsc03539.arw
dsc03540.arw
dsc03541.arw
dsc03542.arw
dsc03543.arw
dsc03544.arw
dsc03545.arw
dsc03546.arw
dsc03547.arw
dsc03548.arw
dsc03549.arw
dsc03550.arw
dsc03551.arw
dsc03552.arw
dsc03553.arw
dsc03554.arw
dsc03555.arw
dsc03556.arw
dsc03557.arw
dsc03558.arw
dsc03559.arw
dsc03560.arw
dsc03561.arw
dsc03562.arw
dsc03563.arw
dsc03564.arw
dsc03565.arw
dsc03566.arw
dsc03567.arw
dsc03568.arw
dsc03569.arw
dsc03570.arw
dsc03571.arw
dsc03572.arw
dsc03573.arw
dsc03574.arw
dsc03575.arw
dsc03576.arw
dsc03577.arw
dsc03578.arw
dsc03579.arw
dsc03580.arw
dsc03581.arw
dsc03582.arw
dsc03583.arw
dsc03584.arw
dsc03585.arw
dsc03586.arw
dsc03587.arw
dsc03588.arw
dsc03589.arw
dsc03590.arw
dsc03591.arw
dsc03592.arw
dsc03593.arw
dsc03594.arw
dsc03595.arw
dsc03596.arw
dsc03597.arw
dsc03598.arw
dsc03599.arw
dsc03600.arw
dsc03601.arw
dsc03602.arw
dsc03603.arw
dsc03604.arw
dsc03605.arw
dsc03606.arw
dsc03607.arw
dsc03608.arw
dsc03609.arw
dsc03610.arw
dsc03611.arw
dsc03612.arw
dsc03613.arw
dsc03614.arw
dsc03615.arw
dsc03616.arw
dsc03617.arw
dsc03618.arw
dsc03619.arw
dsc03620.arw
dsc03621.arw
dsc03622.arw
dsc03623.arw
dsc03624.arw
dsc03625.arw
dsc03626.arw
dsc03627.arw
dsc03628.arw
dsc03629.arw
dsc03630.arw
dsc03631.arw
dsc03632.arw
dsc03633.arw
dsc03634.arw
dsc03635.arw
dsc03636.arw
dsc03637.arw
dsc03638.arw
dsc03639.arw
dsc03640.arw
dsc03641.arw
dsc03642.arw
dsc03643.arw
dsc03644.arw
dsc03645.arw
dsc03646.arw
dsc03647.arw
dsc03648.arw
dsc04018.arw
dsc04019.arw
dsc04020.arw
dsc04021.arw
dsc04022.arw
dsc04023.arw
dsc04024.arw
dsc04025.arw
dsc04026.arw
dsc04027.arw
dsc04028.arw
dsc04029.arw
dsc04030.arw
dsc04031.arw
dsc04032.arw
dsc04033.arw
dsc04034.arw
dsc04035.arw
dsc04036.arw
dsc04037.arw
dsc04038.arw
dsc04039.arw
dsc04040.arw
dsc04041.arw
dsc04042.arw
dsc04043.arw
dsc04044.arw
dsc04045.arw
dsc04046.arw
dsc04047.arw
dsc04048.arw
dsc04049.arw
dsc04050.arw
dsc04051.arw
dsc04052.arw
dsc04053.arw
dsc04054.arw
dsc04055.arw
dsc04056.arw
dsc04057.arw
dsc04058.arw
dsc04059.arw
dsc04060.arw
dsc04061.arw
dsc04062.arw
dsc04063.arw
dsc04064.arw
dsc04065.arw
dsc04066.arw
dsc04067.arw
dsc04068.arw
dsc04069.arw
dsc04070.arw
dsc04071.arw
dsc04072.arw
dsc04073.arw
dsc04074.arw
dsc04075.arw
dsc04076.arw
dsc04077.arw
dsc04078.arw
dsc04079.arw
dsc04080.arw
dsc04081.arw
dsc04082.arw
dsc04083.arw
dsc04084.arw
dsc04085.arw
dsc04086.arw
dsc04087.arw
dsc04088.arw
dsc04089.arw
dsc04090.arw
dsc04091.arw
dsc04092.arw
dsc04093.arw
dsc04094.arw
dsc04095.arw
dsc04096.arw
dsc04097.arw
dsc04098.arw
dsc04099.arw
dsc04100.arw
dsc04101.arw
dsc04102.arw
dsc04103.arw
dsc04104.arw
dsc04105.arw
dsc04106.arw
dsc04107.arw
dsc04108.arw
dsc04109.arw
dsc04110.arw
dsc04111.arw
dsc04112.arw
dsc04113.arw
dsc04114.arw
dsc04115.arw
dsc04116.arw
dsc04117.arw
dsc04118.arw
dsc04119.arw
dsc04120.arw
dsc04121.arw
dsc04122.arw
dsc04123.arw
dsc04124.arw
dsc04125.arw
dsc04126.arw
dsc04127.arw
dsc04128.arw
dsc04129.arw
dsc04130.arw
dsc04131.arw
dsc04132.arw
dsc04133.arw
dsc04134.arw
dsc04135.arw
dsc04136.arw
dsc04137.arw
dsc04138.arw
dsc04139.arw
dsc04140.arw
dsc04141.arw
dsc04142.arw
dsc04143.arw
dsc04144.arw
dsc04145.arw
dsc04146.arw
dsc04147.arw
dsc04148.arw
dsc04149.arw
dsc04150.arw
dsc04151.arw
dsc04152.arw
dsc04153.arw
dsc04154.arw
dsc04155.arw
dsc04156.arw
dsc04157.arw
dsc04158.arw
dsc04159.arw
dsc04160.arw
dsc04161.arw
dsc04162.arw
dsc04163.arw
dsc04164.arw
dsc04165.arw
dsc04166.arw
dsc04167.arw

setup_026/field_026/raw/:
dsc04169.arw
dsc04170.arw
dsc04171.arw
dsc04190.arw
dsc04192.arw
dsc04193.arw
dsc04194.arw
dsc04195.arw
dsc04209.arw
dsc04210.arw
dsc04214.arw
dsc04215.arw
dsc04216.arw
dsc04217.arw
dsc04218.arw
dsc04219.arw
dsc04220.arw
dsc04221.arw
dsc04222.arw
dsc04223.arw
dsc04224.arw
dsc04225.arw
dsc04226.arw
dsc04227.arw
dsc04228.arw
dsc04229.arw
dsc04230.arw
dsc04231.arw
dsc04232.arw
dsc04233.arw
dsc04234.arw
dsc04235.arw
dsc04236.arw
dsc04237.arw
dsc04238.arw
dsc04239.arw
dsc04240.arw
dsc04241.arw
dsc04242.arw
dsc04243.arw
dsc04244.arw
dsc04245.arw
dsc04246.arw
dsc04247.arw
dsc04248.arw
dsc04249.arw
dsc04250.arw
dsc04251.arw
dsc04252.arw
dsc04253.arw
dsc04254.arw
dsc04255.arw
dsc04256.arw
dsc04257.arw
dsc04258.arw
dsc04259.arw
dsc04260.arw
dsc04261.arw
dsc04262.arw
dsc04263.arw
dsc04264.arw
dsc04265.arw
dsc04266.arw
dsc04267.arw
dsc04268.arw
dsc04269.arw
dsc04270.arw
dsc04271.arw
dsc04272.arw
dsc04273.arw
dsc04274.arw
dsc04275.arw
dsc04276.arw
dsc04277.arw
dsc04278.arw
dsc04279.arw
dsc04280.arw
dsc04281.arw
dsc04282.arw
dsc04283.arw
dsc04284.arw
dsc04285.arw
dsc04286.arw
dsc04287.arw
dsc04288.arw
dsc04289.arw
dsc04290.arw
dsc04291.arw
dsc04292.arw
dsc04293.arw
dsc04294.arw
dsc04295.arw
dsc04296.arw
dsc04297.arw
dsc04298.arw
dsc04299.arw
dsc04300.arw
dsc04301.arw
dsc04302.arw
dsc04303.arw
dsc04304.arw
dsc04305.arw
dsc04306.arw
dsc04307.arw
dsc04308.arw
dsc04309.arw
dsc04310.arw
dsc04311.arw
dsc04312.arw
dsc04313.arw
dsc04314.arw
dsc04315.arw
dsc04316.arw
dsc04317.arw
dsc04318.arw
dsc04319.arw
dsc04320.arw
dsc04321.arw
dsc04322.arw
dsc04332.arw
dsc04333.arw
dsc04334.arw
dsc04335.arw
dsc04336.arw
dsc04337.arw
dsc04338.arw
dsc04339.arw
dsc04340.arw
dsc04341.arw
dsc04342.arw
dsc04343.arw
dsc04344.arw
dsc04345.arw
dsc04346.arw
dsc04347.arw
dsc04348.arw
dsc04349.arw
dsc04350.arw
dsc04351.arw
dsc04352.arw
dsc04353.arw
dsc04354.arw
dsc04355.arw
dsc04356.arw
dsc04357.arw
dsc04358.arw
dsc04360.arw
dsc04361.arw
dsc04362.arw
dsc04363.arw
dsc04364.arw
dsc04365.arw
dsc04366.arw
dsc04367.arw
dsc04368.arw
dsc04369.arw
dsc04370.arw
dsc04372.arw
dsc04373.arw
dsc04393.arw
dsc04394.arw
dsc04395.arw
dsc04396.arw
dsc04397.arw
dsc04398.arw
dsc04399.arw
dsc04400.arw
dsc04401.arw
dsc04402.arw
dsc04403.arw
dsc04404.arw
dsc04405.arw
dsc04406.arw
dsc04407.arw
dsc04408.arw
dsc04409.arw
dsc04410.arw

setup_027/field_027/raw/:

setup_028/field_028/raw/:
dsc03923.arw
dsc03924.arw
dsc03925.arw
dsc03926.arw
dsc03927.arw
dsc03928.arw
dsc03929.arw
dsc03930.arw
dsc03931.arw
dsc03935.arw
dsc03936.arw
dsc03937.arw
dsc03938.arw
dsc03939.arw
dsc03940.arw
dsc03941.arw
dsc03942.arw
dsc03943.arw
dsc03944.arw
dsc03945.arw
dsc03946.arw
dsc03947.arw
dsc03948.arw
dsc03949.arw
dsc03950.arw
dsc03951.arw
dsc03952.arw
dsc03953.arw
dsc03954.arw
dsc03955.arw
dsc03956.arw
dsc03957.arw
dsc03958.arw
dsc03959.arw
dsc03960.arw
dsc03961.arw
dsc03962.arw
dsc03963.arw
dsc03964.arw
dsc03965.arw
dsc03966.arw
dsc03967.arw
dsc03968.arw
dsc03969.arw
dsc03970.arw
dsc03971.arw
dsc03972.arw
dsc03973.arw
dsc03974.arw
dsc03975.arw
dsc03976.arw
dsc03977.arw
dsc03978.arw
dsc03979.arw
dsc03980.arw
dsc03981.arw
dsc03982.arw
dsc03983.arw
dsc03984.arw
dsc03985.arw
dsc03986.arw
dsc03987.arw
dsc03988.arw
dsc03989.arw
dsc03990.arw
dsc03991.arw
dsc03992.arw
dsc03993.arw
dsc03994.arw
dsc03995.arw
dsc03996.arw
dsc03997.arw
dsc03998.arw
dsc03999.arw
dsc04000.arw
dsc04001.arw
dsc04002.arw
dsc04003.arw
dsc04004.arw
dsc04005.arw
dsc04006.arw
dsc04007.arw
dsc04008.arw
dsc04009.arw
dsc04010.arw
dsc04011.arw
dsc04012.arw
dsc04013.arw
dsc04014.arw
dsc04015.arw
dsc04016.arw
dsc04017.arw

setup_029/field_029/raw/:
dsc03649.arw
dsc03650.arw
dsc03651.arw
dsc03652.arw
dsc03653.arw
dsc03654.arw
dsc03655.arw
dsc03656.arw
dsc03657.arw
dsc03658.arw
dsc03659.arw
dsc03660.arw
dsc03661.arw
dsc03662.arw
dsc03663.arw
dsc03664.arw
dsc03665.arw
dsc03666.arw
dsc03667.arw
dsc03668.arw
dsc03669.arw
dsc03670.arw
dsc03671.arw
dsc03672.arw
dsc03673.arw
dsc03674.arw
dsc03675.arw
dsc03676.arw
dsc03677.arw
dsc03678.arw
dsc03679.arw
dsc03680.arw
dsc03681.arw
dsc03682.arw
dsc03683.arw
dsc03684.arw
dsc03685.arw
dsc03686.arw
dsc03687.arw
dsc03688.arw
dsc03689.arw
dsc03690.arw
dsc03691.arw
dsc03692.arw
dsc03693.arw
dsc03694.arw
dsc03695.arw
dsc03696.arw
dsc03697.arw
dsc03698.arw
dsc03699.arw
dsc03700.arw
dsc03701.arw
dsc03702.arw
dsc03703.arw
dsc03704.arw
dsc03705.arw
dsc03706.arw
dsc03707.arw
dsc03708.arw
dsc03709.arw
dsc03710.arw
dsc03711.arw
dsc03712.arw
dsc03713.arw
dsc03714.arw
dsc03715.arw
dsc03716.arw
dsc03717.arw
dsc03718.arw
dsc03719.arw
dsc03720.arw
dsc03721.arw
dsc03722.arw
dsc03723.arw
dsc03724.arw
dsc03725.arw
dsc03726.arw
dsc03727.arw
dsc03728.arw
dsc03729.arw
dsc03730.arw
dsc03731.arw
dsc03732.arw
dsc03733.arw
dsc03734.arw
dsc03735.arw
dsc03736.arw
dsc03737.arw
dsc03738.arw
dsc03739.arw
dsc03740.arw
dsc03741.arw
dsc03742.arw
dsc03743.arw
dsc03744.arw
dsc03745.arw
dsc03746.arw
dsc03747.arw
dsc03748.arw
dsc03749.arw
dsc03750.arw
dsc03751.arw
dsc03752.arw
dsc03753.arw
dsc03754.arw
dsc03755.arw
dsc03756.arw
dsc03757.arw
dsc03758.arw
dsc03759.arw
dsc03760.arw
dsc03761.arw
dsc03762.arw
dsc03763.arw
dsc03764.arw
dsc03765.arw
dsc03766.arw
dsc03767.arw
dsc03768.arw
dsc03769.arw
dsc03770.arw
dsc03771.arw
dsc03772.arw
dsc03773.arw
dsc03774.arw
dsc03775.arw
dsc03776.arw
dsc03777.arw
dsc03778.arw
dsc03779.arw
dsc03780.arw
dsc03781.arw
dsc03782.arw
dsc03783.arw
dsc03784.arw
dsc03785.arw
dsc03786.arw
dsc03787.arw
dsc03788.arw
dsc03789.arw
dsc03790.arw
dsc03791.arw
dsc03792.arw
dsc03793.arw
dsc03794.arw
dsc03795.arw
dsc03796.arw
dsc03797.arw
dsc03798.arw
dsc03799.arw
dsc03800.arw
dsc03801.arw
dsc03802.arw
dsc03803.arw
dsc03804.arw
dsc03805.arw
dsc03806.arw
dsc03807.arw
dsc03808.arw
dsc03809.arw
dsc03810.arw
dsc03811.arw
dsc03812.arw
dsc03813.arw
dsc03814.arw
dsc03815.arw
dsc03816.arw
dsc03817.arw
dsc03818.arw
dsc03819.arw
dsc03820.arw
dsc03821.arw
dsc03822.arw
dsc03823.arw
dsc03824.arw
dsc03825.arw
dsc03826.arw
dsc03827.arw
dsc03828.arw
dsc03829.arw
dsc03830.arw
dsc03831.arw
dsc03832.arw
dsc03833.arw
dsc03834.arw
dsc03835.arw
dsc03836.arw
dsc03837.arw
dsc03838.arw
dsc03839.arw
dsc03840.arw
dsc03841.arw
dsc03842.arw
dsc03843.arw
dsc03844.arw
dsc03845.arw
dsc03846.arw
dsc03847.arw
dsc03848.arw
dsc03849.arw
dsc03850.arw
dsc03851.arw
dsc03852.arw
dsc03853.arw
dsc03854.arw
dsc03855.arw
dsc03856.arw
dsc03857.arw
dsc03858.arw
dsc03859.arw
dsc03860.arw
dsc03861.arw
dsc03862.arw
dsc03863.arw
dsc03864.arw
dsc03865.arw
dsc03866.arw
dsc03867.arw
dsc03868.arw
dsc03869.arw
dsc03870.arw
dsc03871.arw
dsc03872.arw
dsc03873.arw
dsc03874.arw
dsc03875.arw
dsc03876.arw
dsc03877.arw
dsc03878.arw
dsc03879.arw
dsc03880.arw
dsc03881.arw
dsc03882.arw
dsc03883.arw
dsc03884.arw
dsc03885.arw
dsc03886.arw
dsc03887.arw
dsc03888.arw
dsc03889.arw
dsc03890.arw
dsc03891.arw
dsc03892.arw
dsc03893.arw
dsc03894.arw
dsc03895.arw
dsc03896.arw
dsc03897.arw
dsc03898.arw
dsc03899.arw
dsc03900.arw
dsc03901.arw
dsc03902.arw
dsc03903.arw
dsc03904.arw
dsc03905.arw
dsc03906.arw
dsc03907.arw
dsc03908.arw
dsc03909.arw
dsc03910.arw
dsc03911.arw
dsc03912.arw
dsc03913.arw
dsc03914.arw
dsc03915.arw
dsc03920.arw
dsc03921.arw
dsc03922.arw
dsc03932.arw
dsc03933.arw
dsc03934.arw

setup_030/field_030/raw/:
dsc04172.arw
dsc04173.arw
dsc04174.arw
dsc04175.arw
dsc04176.arw
dsc04177.arw
dsc04178.arw
dsc04179.arw
dsc04180.arw
dsc04181.arw
dsc04182.arw
dsc04183.arw
dsc04184.arw
dsc04185.arw
dsc04186.arw
dsc04187.arw
dsc04188.arw
dsc04189.arw
dsc04196.arw
dsc04197.arw
dsc04198.arw
dsc04199.arw
dsc04200.arw
dsc04201.arw
dsc04202.arw
dsc04203.arw
dsc04204.arw
dsc04205.arw
dsc04206.arw
dsc04207.arw
dsc04208.arw
dsc04211.arw
dsc04212.arw
dsc04213.arw
dsc04223.arw
dsc04224.arw
dsc04225.arw
dsc04226.arw
dsc04227.arw
dsc04228.arw
dsc04229.arw
dsc04230.arw
dsc04259.arw
dsc04271.arw
dsc04274.arw
dsc04275.arw
dsc04276.arw
dsc04277.arw
dsc04278.arw
dsc04279.arw
dsc04280.arw
dsc04281.arw
dsc04282.arw
dsc04283.arw
dsc04284.arw
dsc04285.arw
dsc04286.arw
dsc04287.arw
dsc04288.arw
dsc04289.arw
dsc04290.arw
dsc04291.arw
dsc04292.arw

setup_031/field_031/raw/:
dsc02355.arw
dsc02356.arw
dsc02357.arw
dsc02358.arw
dsc02359.arw
dsc02360.arw
dsc02361.arw
dsc02362.arw
dsc02363.arw
dsc02364.arw
dsc02365.arw
dsc02366.arw
dsc02367.arw
dsc02368.arw
dsc02369.arw
dsc02370.arw
dsc02371.arw
dsc02372.arw
dsc02373.arw
dsc02374.arw
dsc02375.arw
dsc02376.arw
dsc02377.arw
dsc02378.arw
dsc02379.arw
dsc02380.arw
dsc02381.arw
dsc02382.arw
dsc02383.arw
dsc02384.arw
dsc02385.arw
dsc02386.arw
dsc02387.arw
dsc02388.arw
dsc02389.arw
dsc02390.arw
dsc02391.arw
dsc02392.arw
dsc02393.arw
dsc02394.arw
dsc02395.arw
dsc02396.arw
dsc02397.arw
dsc02398.arw
dsc02399.arw
dsc02400.arw
dsc02401.arw
dsc02402.arw
dsc02403.arw
dsc02404.arw
dsc02405.arw
dsc02406.arw
dsc02407.arw
dsc02408.arw
dsc02409.arw
dsc02410.arw
dsc02411.arw
dsc02412.arw
dsc02413.arw
dsc02414.arw
dsc02415.arw
dsc02416.arw
dsc02417.arw
dsc02418.arw
dsc02419.arw
dsc02420.arw
dsc02421.arw
dsc02422.arw
dsc02423.arw
dsc02424.arw
dsc02425.arw
dsc02426.arw
dsc02427.arw
dsc02428.arw
dsc02429.arw
dsc02430.arw
dsc02431.arw
dsc02432.arw
dsc02433.arw
dsc02434.arw
dsc02435.arw
dsc02436.arw
dsc02437.arw
dsc02438.arw
dsc02439.arw
dsc02440.arw
dsc02441.arw
dsc02442.arw
dsc02443.arw
dsc02444.arw
dsc02445.arw
dsc02446.arw
dsc02447.arw
dsc02448.arw
dsc02449.arw
dsc02450.arw
dsc02451.arw

setup_032/field_032/raw/:
dsc02464.arw
dsc02465.arw
dsc02466.arw
dsc02467.arw
dsc02468.arw
dsc02469.arw
dsc02470.arw
dsc02471.arw
dsc02472.arw
Thumbs.db

setup_033/field_033/raw/:
dsc02473.arw
dsc02474.arw
dsc02475.arw
dsc02476.arw
dsc02477.arw
dsc02478.arw
dsc02479.arw
dsc02480.arw
dsc02481.arw
dsc02482.arw
dsc02483.arw
dsc02484.arw
dsc02485.arw
dsc02486.arw
dsc02487.arw
dsc02488.arw
dsc02489.arw
dsc02490.arw
dsc02491.arw
dsc02492.arw
dsc02493.arw
dsc02494.arw
dsc02495.arw
dsc02496.arw
dsc02497.arw
dsc02498.arw
dsc02499.arw
dsc02500.arw
dsc02501.arw
dsc02502.arw
dsc02503.arw
dsc02504.arw
dsc02505.arw
dsc02506.arw
dsc02507.arw
dsc02508.arw
dsc02509.arw
dsc02510.arw
dsc02511.arw
dsc02512.arw
dsc02513.arw
dsc02514.arw
dsc02515.arw
dsc02516.arw
dsc02517.arw
dsc02518.arw
dsc02519.arw
dsc02520.arw
dsc02521.arw
dsc02522.arw
dsc02523.arw
dsc02524.arw
dsc02525.arw
dsc02526.arw
dsc02527.arw
dsc02528.arw
dsc02529.arw
dsc02530.arw
dsc02531.arw
dsc02532.arw
dsc02533.arw
dsc02534.arw
dsc02535.arw
dsc02536.arw
dsc02537.arw
dsc02538.arw
dsc02539.arw
dsc02540.arw
dsc02541.arw
dsc02542.arw
dsc02543.arw
dsc02544.arw
dsc02545.arw
dsc02546.arw
dsc02547.arw
dsc02548.arw
dsc02549.arw
dsc02550.arw
dsc02551.arw
dsc02552.arw
dsc02553.arw
dsc02554.arw
dsc02555.arw
dsc02556.arw
dsc02557.arw
dsc02558.arw
dsc02559.arw
dsc02560.arw
dsc02561.arw
dsc02562.arw
dsc02563.arw
dsc02564.arw
dsc02565.arw
dsc02566.arw
dsc02567.arw
dsc02568.arw
dsc02569.arw
dsc02570.arw
dsc02571.arw
dsc02572.arw
dsc02573.arw
dsc02574.arw
dsc02575.arw
dsc02576.arw
dsc02577.arw
dsc02578.arw
dsc02579.arw
dsc02580.arw
dsc02581.arw
dsc02582.arw
dsc02583.arw
dsc02584.arw
dsc02585.arw
dsc02586.arw
dsc02587.arw
dsc02588.arw
dsc02589.arw
dsc02590.arw
dsc02591.arw
dsc02592.arw
dsc02593.arw
dsc02594.arw
dsc02595.arw
dsc02596.arw
dsc02597.arw
dsc02598.arw
dsc02599.arw
dsc02600.arw
dsc02601.arw
dsc02602.arw
dsc02603.arw
dsc02604.arw
dsc02605.arw
dsc02606.arw
dsc02607.arw
dsc02608.arw
dsc02609.arw
dsc02610.arw
dsc02611.arw
dsc02612.arw
dsc02613.arw
dsc02614.arw
dsc02615.arw
dsc02616.arw
dsc02617.arw
dsc02618.arw
dsc02619.arw
dsc02620.arw
dsc02621.arw
dsc02622.arw
dsc02623.arw
dsc02624.arw
dsc02625.arw
dsc02626.arw
dsc02627.arw
dsc02628.arw
dsc02629.arw
dsc02630.arw
dsc02631.arw
dsc02632.arw
dsc02633.arw
dsc02634.arw
dsc02635.arw
dsc02636.arw
dsc02637.arw
dsc02638.arw
dsc02639.arw
dsc02640.arw
dsc02641.arw
dsc02642.arw
dsc02643.arw
dsc02644.arw
dsc02645.arw
dsc02646.arw
dsc02647.arw
dsc02648.arw
dsc02649.arw
dsc02650.arw
dsc02651.arw
dsc02652.arw
dsc02653.arw
dsc02654.arw
dsc02655.arw
dsc02656.arw
dsc02657.arw
dsc02658.arw
dsc02659.arw
dsc02660.arw
dsc02661.arw
dsc02662.arw
dsc02663.arw
dsc02664.arw
dsc02665.arw
dsc02666.arw
dsc02667.arw
dsc02668.arw
dsc02669.arw
dsc02670.arw
dsc02671.arw
dsc02672.arw
dsc02673.arw
dsc02674.arw
dsc02675.arw
dsc02676.arw
dsc02677.arw
dsc02678.arw
dsc02679.arw
dsc02680.arw
dsc02681.arw
dsc02682.arw
dsc02683.arw
dsc02684.arw
dsc02685.arw
dsc02686.arw
dsc02687.arw
dsc02688.arw
dsc02689.arw
dsc02690.arw
dsc02691.arw
dsc02692.arw
dsc02693.arw
dsc02694.arw
dsc02695.arw
dsc02696.arw
dsc02697.arw
dsc02698.arw
dsc02699.arw
dsc02700.arw
dsc02701.arw
dsc02702.arw
dsc02703.arw
dsc02704.arw
dsc02705.arw
dsc02706.arw
dsc02707.arw
dsc02708.arw
dsc02709.arw
dsc02710.arw
dsc02711.arw
dsc02712.arw
dsc02713.arw
dsc02714.arw
dsc02715.arw
dsc02716.arw
dsc02717.arw
dsc02718.arw
dsc02719.arw
dsc02720.arw
dsc02721.arw
dsc02722.arw
dsc02723.arw
dsc02724.arw
dsc02725.arw
dsc02726.arw
dsc02727.arw
dsc02728.arw
dsc02729.arw
dsc02730.arw
dsc02731.arw
dsc02732.arw
dsc02733.arw
dsc02734.arw
dsc02735.arw
dsc02736.arw
dsc02737.arw
dsc02738.arw
dsc02739.arw
dsc02740.arw
dsc02741.arw
dsc02742.arw
dsc02743.arw
dsc02744.arw
dsc02745.arw
dsc02746.arw
dsc02747.arw
dsc02748.arw
dsc02749.arw
dsc02750.arw
dsc02751.arw
dsc02752.arw
dsc02753.arw
dsc02754.arw
dsc02755.arw
dsc02756.arw
dsc02757.arw
dsc02758.arw
dsc02759.arw
dsc02760.arw
dsc02761.arw
dsc02762.arw
dsc02763.arw
dsc02764.arw
dsc02765.arw
dsc02766.arw
dsc02767.arw
dsc02768.arw
dsc02769.arw
dsc02770.arw
dsc02771.arw
dsc02772.arw
dsc02773.arw
dsc02774.arw
dsc02775.arw
dsc02776.arw
dsc02777.arw
dsc02778.arw
dsc02779.arw
dsc02780.arw
dsc02781.arw
dsc02782.arw
dsc02783.arw
dsc02784.arw
dsc02785.arw
dsc02786.arw
dsc02787.arw
dsc02788.arw
dsc02789.arw
dsc02790.arw
dsc02791.arw
dsc02792.arw
dsc02793.arw
dsc02794.arw
dsc02795.arw
dsc02796.arw
dsc02797.arw
dsc02798.arw
dsc02799.arw
dsc02800.arw
dsc02801.arw
dsc02802.arw
dsc02803.arw
dsc02804.arw
dsc02805.arw
dsc02806.arw
dsc02807.arw
dsc02808.arw
dsc02809.arw
dsc02810.arw
dsc02811.arw
dsc02812.arw
dsc02813.arw
dsc02814.arw
dsc02815.arw
dsc02816.arw
dsc02817.arw
dsc02818.arw
dsc02819.arw
dsc02820.arw
dsc02821.arw
dsc02822.arw
dsc02823.arw
dsc02824.arw
dsc02825.arw
dsc02826.arw
dsc02827.arw
dsc02828.arw
dsc02829.arw
dsc02830.arw

setup_034/field_034/raw/:
dsc02831.arw
dsc02832.arw
dsc02833.arw
dsc02834.arw
dsc02835.arw
dsc02836.arw
dsc02837.arw
dsc02838.arw
dsc02839.arw
dsc02840.arw
dsc02841.arw
dsc02842.arw
dsc02843.arw
dsc02844.arw
dsc02845.arw
dsc02846.arw
dsc02847.arw
dsc02848.arw
dsc02849.arw
dsc02850.arw
dsc02851.arw
dsc02852.arw
dsc02853.arw
dsc02854.arw
dsc02855.arw
dsc02856.arw
dsc02857.arw
dsc02858.arw
dsc02859.arw
dsc02860.arw
dsc02861.arw
dsc02862.arw
dsc02863.arw
dsc02864.arw
dsc02865.arw
dsc02866.arw
dsc02867.arw
dsc02868.arw
dsc02869.arw
dsc02870.arw
dsc02871.arw
dsc02872.arw
dsc02873.arw
dsc02874.arw
dsc02875.arw
dsc02876.arw
dsc02877.arw
dsc02878.arw
dsc02879.arw
dsc02880.arw
dsc02881.arw
dsc02882.arw
dsc02883.arw
dsc02884.arw
dsc02885.arw
dsc02886.arw
dsc02887.arw
dsc02888.arw
dsc02889.arw
dsc02890.arw
dsc02891.arw
dsc02892.arw
dsc02893.arw
dsc02894.arw
dsc02895.arw
dsc02896.arw
dsc02897.arw
dsc02898.arw
dsc02899.arw
dsc02900.arw
dsc02901.arw
dsc02902.arw
dsc02903.arw
dsc02904.arw
dsc02905.arw
dsc02906.arw
dsc02907.arw
dsc02908.arw
dsc02909.arw
dsc02910.arw
dsc02911.arw
dsc02912.arw
dsc02913.arw
dsc02914.arw
dsc02915.arw
dsc02916.arw
dsc02917.arw
dsc02918.arw
dsc02919.arw
dsc02920.arw
dsc02921.arw
dsc02922.arw
dsc02923.arw
dsc02924.arw
dsc02925.arw
dsc02926.arw
dsc02927.arw
dsc02928.arw
dsc02929.arw
dsc02930.arw
dsc02931.arw
dsc02932.arw
dsc02933.arw
dsc02934.arw
dsc02935.arw
dsc02936.arw
dsc02937.arw
dsc02938.arw
dsc02939.arw
dsc02940.arw
dsc02941.arw
dsc02942.arw
dsc02943.arw
dsc02944.arw
dsc02945.arw
dsc02946.arw
dsc02947.arw
dsc02948.arw
dsc02949.arw
dsc02950.arw
dsc02951.arw
dsc02952.arw
dsc02953.arw
dsc02954.arw
dsc02955.arw
dsc02956.arw
dsc02957.arw
dsc02958.arw
dsc02959.arw
dsc02960.arw
dsc02961.arw
dsc02962.arw
dsc02963.arw
dsc02964.arw
dsc02965.arw
dsc02966.arw
dsc02967.arw
dsc02968.arw
dsc02969.arw
dsc02970.arw
dsc02971.arw
dsc02972.arw
dsc02973.arw
dsc02974.arw
dsc02975.arw
dsc02976.arw
dsc02977.arw
dsc02978.arw
dsc02979.arw
dsc02980.arw
dsc02981.arw
dsc02982.arw
dsc02983.arw
dsc02984.arw
dsc02985.arw
dsc02986.arw
dsc02987.arw
dsc02988.arw
dsc02989.arw
dsc02990.arw
dsc02991.arw
dsc02992.arw
dsc02993.arw
dsc02994.arw

setup_035/field_035/raw/:
dsc03342.arw
dsc03343.arw
dsc03344.arw
dsc03345.arw
dsc03346.arw
dsc03347.arw
dsc03348.arw
dsc03349.arw
dsc03350.arw
dsc03351.arw
dsc03352.arw
dsc03353.arw
dsc03354.arw
dsc03355.arw
dsc03356.arw
dsc03357.arw
dsc03358.arw
dsc03359.arw
dsc03360.arw
dsc03361.arw
dsc03362.arw
dsc03363.arw
dsc03364.arw
dsc03365.arw
dsc03366.arw
dsc03367.arw
dsc03368.arw
dsc03369.arw
dsc03370.arw
dsc03371.arw
dsc03372.arw
dsc03373.arw
dsc03374.arw
dsc03375.arw
dsc03376.arw
dsc03377.arw
dsc03378.arw
dsc03379.arw
dsc03380.arw
dsc03381.arw
dsc03382.arw
dsc03383.arw
dsc03384.arw
dsc03385.arw
dsc03386.arw
dsc03387.arw
dsc03388.arw
dsc03389.arw
dsc03390.arw
dsc03391.arw
dsc03392.arw
dsc03393.arw
dsc03394.arw
dsc03395.arw
dsc03396.arw
dsc03397.arw
dsc03398.arw
dsc03399.arw
dsc03400.arw
dsc03401.arw
dsc03402.arw
dsc03403.arw
dsc03404.arw
dsc03405.arw
dsc03406.arw
dsc03407.arw
dsc03408.arw
dsc03409.arw
dsc03410.arw
dsc03411.arw
dsc03412.arw
dsc03413.arw
dsc03414.arw
dsc03415.arw
dsc03416.arw
dsc03417.arw
dsc03418.arw
dsc03419.arw
dsc03420.arw
dsc03421.arw
dsc03422.arw
dsc03423.arw
dsc03424.arw
dsc03425.arw
dsc03426.arw
dsc03427.arw
dsc03428.arw
dsc03429.arw
dsc03430.arw
dsc03431.arw
dsc03432.arw
dsc03433.arw
dsc03434.arw
dsc03435.arw
dsc03436.arw
dsc03437.arw
dsc03438.arw
dsc03439.arw
dsc03440.arw
dsc03441.arw
dsc03442.arw
dsc03443.arw
dsc03444.arw
dsc03445.arw
dsc03446.arw
dsc03447.arw
dsc03448.arw
dsc03449.arw
dsc03450.arw
dsc03451.arw
dsc03452.arw
dsc03453.arw
dsc03454.arw
dsc03455.arw
dsc03456.arw
dsc03457.arw
dsc03459.arw
dsc03460.arw
dsc03461.arw
dsc03462.arw
dsc03463.arw
dsc03464.arw
dsc03465.arw
dsc03466.arw
dsc03467.arw
dsc03468.arw
dsc03469.arw
dsc03470.arw
dsc03471.arw

setup_036/field_036/raw/:
dsc03194.arw
dsc03195.arw
dsc03196.arw
dsc03197.arw
dsc03198.arw
dsc03199.arw
dsc03200.arw
dsc03201.arw
dsc03202.arw
dsc03203.arw
dsc03204.arw
dsc03205.arw
dsc03206.arw
dsc03207.arw
dsc03208.arw
dsc03209.arw
dsc03210.arw
dsc03211.arw
dsc03212.arw
dsc03213.arw
dsc03214.arw
dsc03215.arw
dsc03216.arw
dsc03217.arw
dsc03218.arw
dsc03219.arw
dsc03220.arw
dsc03221.arw
dsc03222.arw
dsc03223.arw
dsc03224.arw
dsc03225.arw
dsc03226.arw
dsc03227.arw
dsc03228.arw
dsc03229.arw
dsc03230.arw
dsc03231.arw
dsc03232.arw
dsc03233.arw
dsc03234.arw
dsc03235.arw
dsc03236.arw
dsc03237.arw
dsc03238.arw
dsc03239.arw
dsc03240.arw
dsc03241.arw
dsc03242.arw
dsc03243.arw
dsc03244.arw
dsc03245.arw
dsc03246.arw
dsc03247.arw
dsc03248.arw
dsc03249.arw
dsc03250.arw
dsc03251.arw
dsc03252.arw
dsc03253.arw
dsc03254.arw
dsc03255.arw
dsc03256.arw
dsc03257.arw
dsc03258.arw
dsc03259.arw
dsc03260.arw
dsc03261.arw
dsc03262.arw
dsc03263.arw
dsc03264.arw
dsc03265.arw
dsc03266.arw
dsc03267.arw
dsc03268.arw
dsc03269.arw
dsc03270.arw
dsc03271.arw
dsc03272.arw
dsc03273.arw
dsc03274.arw
dsc03275.arw
dsc03276.arw
dsc03277.arw
dsc03278.arw
dsc03279.arw
dsc03280.arw
dsc03281.arw
dsc03282.arw
dsc03283.arw
dsc03284.arw
dsc03285.arw
dsc03286.arw
dsc03287.arw
dsc03288.arw
dsc03289.arw
dsc03290.arw
dsc03291.arw
dsc03292.arw
dsc03293.arw
dsc03294.arw
dsc03295.arw
dsc03296.arw
dsc03297.arw
dsc03298.arw
dsc03299.arw
dsc03300.arw
dsc03301.arw
dsc03302.arw
dsc03303.arw
dsc03304.arw
dsc03305.arw
dsc03306.arw
dsc03307.arw
dsc03308.arw
dsc03309.arw
dsc03310.arw
dsc03311.arw
dsc03312.arw
dsc03313.arw
dsc03314.arw
dsc03315.arw
dsc03316.arw
dsc03317.arw
dsc03318.arw
dsc03319.arw
dsc03320.arw
dsc03321.arw
dsc03322.arw
dsc03323.arw
dsc03324.arw
dsc03325.arw
dsc03326.arw
dsc03327.arw
dsc03328.arw
dsc03329.arw
dsc03330.arw
dsc03331.arw
dsc03332.arw
dsc03333.arw
dsc03334.arw
dsc03335.arw
dsc03336.arw
dsc03337.arw
dsc03338.arw
dsc03339.arw
dsc03340.arw
dsc03341.arw

setup_037/field_037/raw/:
dsc02995.arw
dsc02996.arw
dsc02997.arw
dsc02998.arw
dsc02999.arw
dsc03000.arw
dsc03001.arw
dsc03002.arw
dsc03003.arw
dsc03004.arw
dsc03005.arw
dsc03006.arw
dsc03007.arw
dsc03008.arw
dsc03009.arw
dsc03010.arw
dsc03011.arw
dsc03012.arw
dsc03013.arw
dsc03014.arw
dsc03015.arw
dsc03016.arw
dsc03017.arw
dsc03018.arw
dsc03019.arw
dsc03020.arw
dsc03021.arw
dsc03022.arw
dsc03023.arw
dsc03024.arw
dsc03025.arw
dsc03026.arw
dsc03027.arw
dsc03028.arw
dsc03029.arw
dsc03030.arw
dsc03031.arw
dsc03032.arw
dsc03033.arw
dsc03034.arw
dsc03035.arw
dsc03036.arw
dsc03037.arw
dsc03038.arw
dsc03039.arw
dsc03040.arw
dsc03041.arw
dsc03042.arw
dsc03043.arw
dsc03044.arw
dsc03045.arw
dsc03046.arw
dsc03047.arw
dsc03048.arw
dsc03049.arw
dsc03050.arw
dsc03051.arw
dsc03052.arw
dsc03053.arw
dsc03054.arw
dsc03055.arw
dsc03056.arw
dsc03057.arw
dsc03058.arw
dsc03059.arw
dsc03060.arw
dsc03061.arw
dsc03062.arw
dsc03063.arw
dsc03064.arw
dsc03065.arw
dsc03066.arw
dsc03067.arw
dsc03068.arw
dsc03069.arw
dsc03070.arw
dsc03071.arw
dsc03072.arw

setup_038/field_038/raw/:
dsc03073.arw
dsc03074.arw
dsc03075.arw
dsc03076.arw
dsc03077.arw
dsc03078.arw
dsc03079.arw
dsc03080.arw
dsc03081.arw
dsc03082.arw
dsc03083.arw
dsc03084.arw
dsc03085.arw
dsc03086.arw
dsc03087.arw
dsc03088.arw
dsc03089.arw
dsc03090.arw
dsc03091.arw
dsc03092.arw
dsc03093.arw
dsc03094.arw
dsc03095.arw
dsc03096.arw
dsc03097.arw
dsc03098.arw
dsc03099.arw
dsc03100.arw
dsc03101.arw
dsc03102.arw
dsc03103.arw
dsc03104.arw
dsc03105.arw
dsc03106.arw
dsc03107.arw
dsc03108.arw
dsc03109.arw
dsc03110.arw
dsc03111.arw
dsc03112.arw
dsc03113.arw
dsc03114.arw
dsc03115.arw
dsc03116.arw
dsc03117.arw
dsc03118.arw
dsc03119.arw
dsc03120.arw
dsc03121.arw
dsc03122.arw
dsc03123.arw
dsc03124.arw
dsc03125.arw
dsc03126.arw
dsc03127.arw
dsc03128.arw
dsc03129.arw
dsc03130.arw
dsc03131.arw
dsc03132.arw
dsc03133.arw
dsc03134.arw
dsc03135.arw
dsc03136.arw
dsc03137.arw
dsc03138.arw
dsc03139.arw
dsc03140.arw
dsc03141.arw
dsc03142.arw
dsc03143.arw
dsc03144.arw
dsc03145.arw
dsc03146.arw
dsc03147.arw
dsc03148.arw
dsc03149.arw
dsc03150.arw
dsc03151.arw
dsc03152.arw
dsc03153.arw
dsc03154.arw
dsc03155.arw
dsc03156.arw
dsc03157.arw
dsc03158.arw
dsc03159.arw
dsc03160.arw
dsc03161.arw
dsc03162.arw
dsc03163.arw
dsc03164.arw
dsc03165.arw
dsc03166.arw
dsc03167.arw
dsc03168.arw
dsc03169.arw
dsc03170.arw
dsc03171.arw
dsc03172.arw
dsc03173.arw
dsc03174.arw
dsc03175.arw
dsc03176.arw
dsc03177.arw
dsc03178.arw
dsc03179.arw
dsc03180.arw
dsc03181.arw
dsc03182.arw
dsc03183.arw
dsc03184.arw
dsc03185.arw
dsc03186.arw
dsc03187.arw
dsc03188.arw
dsc03189.arw
dsc03190.arw
dsc03191.arw
dsc03192.arw
dsc03193.arw

setup_039/field_039/raw/:
dsc02058.arw
dsc02059.arw
dsc02060.arw
dsc02061.arw
dsc02062.arw
dsc02063.arw
dsc02064.arw
dsc02065.arw
dsc02066.arw
dsc02067.arw
dsc02068.arw
dsc02069.arw
dsc02070.arw
dsc02071.arw
dsc02072.arw
dsc02073.arw
dsc02074.arw
dsc02075.arw
dsc02076.arw
dsc02077.arw
dsc02078.arw
dsc02079.arw
dsc02080.arw
dsc02081.arw
dsc02082.arw
dsc02083.arw
dsc02084.arw
dsc02085.arw
dsc02086.arw
dsc02087.arw
dsc02088.arw
dsc02089.arw
dsc02090.arw
dsc02091.arw
dsc02092.arw
dsc02093.arw
dsc02094.arw
dsc02095.arw
dsc02096.arw
dsc02097.arw
dsc02098.arw
dsc02099.arw
dsc02100.arw
dsc02101.arw
dsc02102.arw
dsc02103.arw
dsc02104.arw
dsc02105.arw
dsc02106.arw
dsc02107.arw
dsc02108.arw
dsc02109.arw
dsc02110.arw
dsc02111.arw
dsc02112.arw
dsc02113.arw
dsc02114.arw
dsc02115.arw
dsc02116.arw
dsc02117.arw
dsc02118.arw
dsc02119.arw
dsc02120.arw
dsc02121.arw
dsc02122.arw
dsc02123.arw
dsc02124.arw
dsc02125.arw
dsc02126.arw
dsc02127.arw
dsc02128.arw
dsc02129.arw
dsc02130.arw
dsc02131.arw
dsc02132.arw
dsc02133.arw
dsc02134.arw
dsc02135.arw
dsc02136.arw
dsc02137.arw
dsc02138.arw
dsc02139.arw
dsc02140.arw
dsc02141.arw
dsc02142.arw
dsc02143.arw
dsc02144.arw
dsc02145.arw
dsc02146.arw
dsc02147.arw
dsc02148.arw
dsc02149.arw
dsc02150.arw
dsc02151.arw
dsc02152.arw
dsc02153.arw
dsc02154.arw
dsc02155.arw
dsc02156.arw
dsc02157.arw
dsc02158.arw
dsc02159.arw
dsc02160.arw
dsc02161.arw
dsc02162.arw
dsc02163.arw
dsc02164.arw
dsc02165.arw
dsc02166.arw
dsc02167.arw
dsc02168.arw
dsc02169.arw
dsc02170.arw
dsc02171.arw
dsc02172.arw
dsc02173.arw
dsc02174.arw
dsc02175.arw
dsc02176.arw
dsc02177.arw
dsc02178.arw
dsc02179.arw
dsc02180.arw
dsc02181.arw
dsc02182.arw
dsc02183.arw
dsc02184.arw
dsc02185.arw
dsc02186.arw
dsc02187.arw
dsc02188.arw
dsc02189.arw
dsc02190.arw
dsc02191.arw
dsc02192.arw
dsc02193.arw
dsc02194.arw
dsc02195.arw
dsc02196.arw
dsc02197.arw
dsc02198.arw
dsc02199.arw
dsc02200.arw
dsc02201.arw
dsc02202.arw
dsc02203.arw
dsc02204.arw
dsc02205.arw
dsc02206.arw
dsc02207.arw
dsc02208.arw
dsc02209.arw
dsc02210.arw
dsc02211.arw
dsc02212.arw
dsc02213.arw
dsc02214.arw
dsc02215.arw
dsc02216.arw
dsc02217.arw
dsc02218.arw
dsc02219.arw
dsc02220.arw
dsc02221.arw
dsc02222.arw
dsc02223.arw
dsc02224.arw
dsc02225.arw
dsc02226.arw
dsc02227.arw
dsc02228.arw
dsc02229.arw
dsc02230.arw
dsc02231.arw
dsc02232.arw
dsc02233.arw
dsc02234.arw
dsc02235.arw
dsc02236.arw
dsc02237.arw
dsc02238.arw
dsc02239.arw
dsc02240.arw
dsc02241.arw
dsc02242.arw
dsc02243.arw
dsc02244.arw
dsc02245.arw
dsc02246.arw
dsc02247.arw
dsc02248.arw
dsc02249.arw
dsc02250.arw
dsc02251.arw
dsc02252.arw
dsc02253.arw
dsc02254.arw
dsc02255.arw
dsc02256.arw
dsc02257.arw
dsc02258.arw
dsc02259.arw
dsc02260.arw
dsc02261.arw
dsc02262.arw
dsc02263.arw
dsc02264.arw
dsc02265.arw
dsc02266.arw
dsc02267.arw
dsc02268.arw
dsc02269.arw
dsc02270.arw
dsc02271.arw
dsc02272.arw
dsc02273.arw
dsc02274.arw
dsc02275.arw
dsc02276.arw
dsc02277.arw
dsc02278.arw
dsc02279.arw
dsc02280.arw
dsc02281.arw
dsc02282.arw
dsc02283.arw
dsc02284.arw
dsc02285.arw
dsc02286.arw
dsc02287.arw
dsc02288.arw
dsc02289.arw
dsc02290.arw
dsc02291.arw
dsc02292.arw
dsc02293.arw
dsc02294.arw
dsc02295.arw
dsc02296.arw
dsc02297.arw
dsc02298.arw
dsc02299.arw
dsc02300.arw
dsc02301.arw
dsc02302.arw
dsc02303.arw
dsc02304.arw
dsc02305.arw
dsc02306.arw
dsc02307.arw
dsc02308.arw

setup_040/field_040/raw/:

setup_041/field_041/raw/:

setup_042/field_042/raw/:

setup_043/field_043/raw/:
dsc01826.arw
dsc01827.arw
dsc01828.arw
dsc01829.arw
dsc01830.arw
dsc01831.arw
dsc01832.arw
dsc01833.arw
dsc01834.arw
dsc01835.arw
dsc01836.arw
dsc01837.arw
dsc01838.arw
dsc01839.arw
dsc01840.arw
dsc01841.arw
dsc01842.arw
dsc01843.arw
dsc01844.arw
dsc01845.arw
dsc01846.arw
dsc01847.arw
dsc01848.arw
dsc01849.arw
dsc01850.arw
dsc01851.arw
dsc01852.arw
dsc01853.arw
dsc01854.arw
dsc01855.arw
dsc01856.arw
dsc01857.arw
dsc01858.arw
dsc01859.arw
dsc01860.arw
dsc01861.arw
dsc01862.arw
dsc01863.arw
dsc01864.arw
dsc01865.arw
dsc01866.arw
dsc01867.arw
dsc01868.arw
dsc01869.arw
dsc01870.arw
dsc01871.arw
dsc01872.arw
dsc01873.arw
dsc01874.arw
dsc01875.arw
dsc01876.arw
dsc01877.arw
dsc01878.arw
dsc01879.arw
dsc01880.arw
dsc01881.arw
dsc01882.arw
dsc01883.arw
dsc01884.arw
dsc01885.arw
dsc01891.arw
dsc01892.arw
dsc01893.arw
dsc01894.arw
dsc01895.arw
dsc01896.arw
dsc01897.arw
dsc01898.arw
dsc01899.arw
dsc01900.arw
dsc01901.arw
dsc01902.arw
dsc01903.arw
dsc01904.arw
dsc01905.arw
dsc01906.arw
dsc01907.arw
dsc01908.arw
dsc01909.arw
dsc01910.arw
dsc01911.arw
dsc01912.arw
dsc01913.arw
dsc01914.arw
dsc01915.arw
dsc01916.arw
dsc01917.arw
dsc01918.arw
dsc01919.arw
dsc01920.arw
dsc01921.arw
dsc01922.arw
dsc01923.arw
dsc01924.arw
dsc01925.arw
dsc01926.arw
dsc01927.arw
dsc01928.arw
dsc01929.arw
dsc01930.arw
dsc01931.arw
dsc01932.arw
dsc01933.arw
dsc01934.arw
dsc01935.arw
dsc01936.arw
dsc01937.arw
dsc01938.arw
dsc01939.arw
dsc01940.arw
dsc01941.arw
dsc01942.arw
dsc01943.arw
dsc01944.arw
dsc01945.arw
dsc01946.arw
dsc01947.arw
dsc01948.arw
dsc01949.arw
dsc01950.arw
dsc01951.arw
dsc01952.arw
dsc01953.arw
dsc01954.arw
dsc01955.arw
dsc01956.arw
dsc01957.arw
dsc01958.arw
dsc01959.arw
dsc01960.arw
dsc01961.arw
dsc01962.arw
dsc01963.arw
dsc01964.arw
dsc01965.arw
dsc01966.arw
dsc01967.arw
dsc01968.arw
dsc01969.arw
dsc01970.arw
dsc01971.arw
dsc01972.arw
dsc01973.arw
dsc01974.arw
dsc01975.arw
dsc01976.arw
dsc01977.arw
dsc01978.arw
dsc01979.arw
dsc01980.arw
dsc01981.arw
dsc01982.arw
dsc01983.arw
dsc01984.arw
dsc01985.arw
dsc01986.arw
dsc01987.arw
dsc01988.arw
dsc01989.arw
dsc01990.arw
dsc01991.arw
dsc01992.arw
dsc01993.arw
dsc01994.arw
dsc01995.arw
dsc01996.arw
dsc01997.arw
dsc01998.arw
dsc01999.arw
dsc02000.arw
dsc02001.arw
dsc02002.arw
dsc02003.arw
dsc02004.arw
dsc02005.arw
dsc02006.arw
dsc02007.arw
dsc02008.arw
dsc02009.arw
dsc02010.arw
dsc02011.arw
dsc02012.arw
dsc02013.arw
dsc02014.arw
dsc02015.arw
dsc02027.arw
dsc02028.arw
dsc02029.arw
dsc02030.arw
dsc02031.arw
dsc02032.arw
dsc02033.arw
dsc02034.arw
dsc02035.arw

setup_044/field_044/raw/:
dsc01886.arw
dsc01887.arw
dsc01888.arw
dsc01889.arw
dsc01890.arw
dsc02016.arw
dsc02017.arw
dsc02018.arw
dsc02019.arw
dsc02020.arw
dsc02021.arw
dsc02022.arw
dsc02023.arw
dsc02024.arw
dsc02025.arw
dsc02026.arw
dsc02036.arw
dsc02037.arw
dsc02038.arw
dsc02039.arw
dsc02040.arw
dsc02041.arw
dsc02042.arw
dsc02043.arw
dsc02044.arw
dsc02045.arw

setup_045/field_045/raw/:

setup_049/field_049/raw/:
