setup_000/field_000/jpeg:

setup_001/field_001/jpeg:
dsc04609.jpg
dsc04610.jpg
dsc04611.jpg
dsc04612.jpg
dsc04613.jpg
dsc04614.jpg
dsc04615.jpg
dsc04616.jpg
dsc04617.jpg
dsc04618.jpg
dsc04619.jpg
dsc04620.jpg
dsc04621.jpg
dsc04622.jpg
dsc04623.jpg
dsc04624.jpg
dsc04625.jpg
dsc04626.jpg
dsc04627.jpg
dsc04628.jpg
dsc04629.jpg
dsc04630.jpg
dsc04631.jpg
dsc04632.jpg
dsc04633.jpg
dsc04634.jpg
dsc04635.jpg
dsc04636.jpg
dsc04637.jpg
dsc04638.jpg
dsc04639.jpg
dsc04640.jpg
dsc04641.jpg
dsc04642.jpg
dsc04643.jpg
dsc04644.jpg
dsc04645.jpg
dsc04646.jpg
dsc04647.jpg
dsc04648.jpg
dsc04649.jpg
dsc04650.jpg
dsc04651.jpg
dsc04652.jpg
dsc04653.jpg
dsc04654.jpg
dsc04655.jpg
dsc04656.jpg
dsc04657.jpg
dsc04658.jpg
dsc04659.jpg
dsc04660.jpg
dsc04661.jpg
dsc04662.jpg
dsc04663.jpg
dsc04664.jpg
dsc04665.jpg
dsc04666.jpg
dsc04667.jpg
dsc04668.jpg
dsc04669.jpg
dsc04670.jpg
dsc04671.jpg
dsc04672.jpg
dsc04673.jpg
dsc04674.jpg
dsc04675.jpg
dsc04676.jpg
dsc04677.jpg
dsc04678.jpg
dsc04679.jpg
dsc04680.jpg
dsc04681.jpg

setup_002/field_002/jpeg:
dsc01826.jpg
dsc01827.jpg
dsc01828.jpg
dsc01829.jpg
dsc01830.jpg
dsc01831.jpg
dsc01832.jpg
dsc01833.jpg
dsc01834.jpg
dsc01835.jpg
dsc01836.jpg
dsc01837.jpg
dsc01838.jpg
dsc01839.jpg
dsc01840.jpg
dsc01841.jpg
dsc01842.jpg
dsc01843.jpg
dsc01844.jpg
dsc01845.jpg
dsc01846.jpg
dsc01847.jpg
dsc01848.jpg
dsc01849.jpg
dsc01850.jpg
dsc01851.jpg
dsc01852.jpg
dsc01853.jpg
dsc01854.jpg
dsc01855.jpg
dsc01856.jpg
dsc01857.jpg
dsc01858.jpg
dsc01859.jpg
dsc01860.jpg
dsc01861.jpg
dsc01862.jpg
dsc01863.jpg
dsc01864.jpg
dsc01865.jpg
dsc01866.jpg
dsc01867.jpg
dsc01868.jpg
dsc01869.jpg
dsc01870.jpg
dsc01871.jpg
dsc01872.jpg
dsc01873.jpg
dsc01874.jpg
dsc01875.jpg
dsc01876.jpg
dsc01877.jpg
dsc01878.jpg
dsc01879.jpg
dsc01880.jpg
dsc01881.jpg
dsc01882.jpg
dsc01883.jpg
dsc01884.jpg
dsc01885.jpg
dsc01891.jpg
dsc01892.jpg
dsc01893.jpg
dsc01894.jpg
dsc01895.jpg
dsc01896.jpg
dsc01897.jpg
dsc01898.jpg
dsc01899.jpg
dsc01900.jpg
dsc01901.jpg
dsc01902.jpg
dsc01903.jpg
dsc01904.jpg
dsc01905.jpg
dsc01906.jpg
dsc01907.jpg
dsc01908.jpg
dsc01909.jpg
dsc01910.jpg
dsc01911.jpg
dsc01912.jpg
dsc01913.jpg
dsc01914.jpg
dsc01915.jpg
dsc01916.jpg
dsc01917.jpg
dsc01918.jpg
dsc01919.jpg
dsc01920.jpg
dsc01921.jpg
dsc01922.jpg
dsc01923.jpg
dsc01924.jpg
dsc01925.jpg
dsc01926.jpg
dsc01927.jpg
dsc01928.jpg
dsc01929.jpg
dsc01930.jpg
dsc01931.jpg
dsc01932.jpg
dsc01933.jpg
dsc01934.jpg
dsc01935.jpg
dsc01936.jpg
dsc01937.jpg
dsc01938.jpg
dsc01939.jpg
dsc01940.jpg
dsc01941.jpg
dsc01942.jpg
dsc01943.jpg
dsc01944.jpg
dsc01945.jpg
dsc01946.jpg
dsc01947.jpg
dsc01948.jpg
dsc01949.jpg
dsc01950.jpg
dsc01951.jpg
dsc01952.jpg
dsc01953.jpg
dsc01954.jpg
dsc01955.jpg
dsc01956.jpg
dsc01957.jpg
dsc01958.jpg
dsc01959.jpg
dsc01960.jpg
dsc01961.jpg
dsc01962.jpg
dsc01963.jpg
dsc01964.jpg
dsc01965.jpg
dsc01966.jpg
dsc01967.jpg
dsc01968.jpg
dsc01969.jpg
dsc01970.jpg
dsc01971.jpg
dsc01972.jpg
dsc01973.jpg
dsc01974.jpg
dsc01975.jpg
dsc01976.jpg
dsc01977.jpg
dsc01978.jpg
dsc01979.jpg
dsc01980.jpg
dsc01981.jpg
dsc01982.jpg
dsc01983.jpg
dsc01984.jpg
dsc01985.jpg
dsc01986.jpg
dsc01987.jpg
dsc01988.jpg
dsc01989.jpg
dsc01990.jpg
dsc01991.jpg
dsc01992.jpg
dsc01993.jpg
dsc01994.jpg
dsc01995.jpg
dsc01996.jpg
dsc01997.jpg
dsc01998.jpg
dsc01999.jpg
dsc02000.jpg
dsc02001.jpg
dsc02002.jpg
dsc02003.jpg
dsc02004.jpg
dsc02005.jpg
dsc02006.jpg
dsc02007.jpg
dsc02008.jpg
dsc02009.jpg
dsc02010.jpg
dsc02011.jpg
dsc02012.jpg
dsc02013.jpg
dsc02014.jpg
dsc02015.jpg
dsc02027.jpg
dsc02028.jpg
dsc02029.jpg
dsc02030.jpg
dsc02031.jpg
dsc02032.jpg
dsc02033.jpg
dsc02034.jpg
dsc02035.jpg

setup_003/field_003/jpeg:
20220614_131055.jpg
20220614_131056.jpg
20220614_131057.jpg
20220614_131058.jpg
20220614_131059.jpg
20220614_131100.jpg
20220614_131101.jpg
20220614_131102.jpg
20220614_131103.jpg
20220614_131104.jpg
20220614_131105.jpg
20220614_131106.jpg
20220614_131107.jpg
20220614_131108.jpg
20220614_131109.jpg
20220614_131110.jpg
20220614_131111.jpg
20220614_131112.jpg
20220614_131113.jpg
20220614_131115.jpg
20220614_131116.jpg
20220614_131117.jpg
20220614_131118.jpg
20220614_131119.jpg
20220614_131120.jpg
20220614_131121.jpg
20220614_131122.jpg
20220614_131124.jpg
20220614_131125.jpg
20220614_131126.jpg
20220614_131127.jpg
20220614_131128.jpg
20220614_131129.jpg
20220614_131130.jpg
20220614_131131.jpg
20220614_131132.jpg
20220614_131133.jpg
20220614_131134.jpg
20220614_131135.jpg
20220614_131136.jpg
20220614_131137.jpg
20220614_131139.jpg
20220614_131140.jpg
20220614_131141.jpg
20220614_131142.jpg
20220614_131143.jpg
20220614_131144.jpg
20220614_131145_a.jpg
20220614_131145.jpg
20220614_131146.jpg
20220614_131148.jpg
20220614_131149.jpg
20220614_131150.jpg
20220614_131151_a.jpg
20220614_131151.jpg
20220614_131152.jpg
20220614_131153.jpg
20220614_131154.jpg
20220614_131155.jpg
20220614_131156.jpg
20220614_131157.jpg
20220614_131158.jpg
20220614_131159.jpg
20220614_131200_a.jpg
20220614_131200.jpg
20220614_131201.jpg
20220614_131202.jpg
20220614_131203.jpg
20220614_131204.jpg
20220614_131205.jpg
20220614_131206.jpg
20220614_131207.jpg
20220614_131208.jpg
20220614_131209.jpg
20220614_131210.jpg
20220614_131211.jpg
20220614_131212.jpg
20220614_131213_a.jpg
20220614_131213.jpg
20220614_131214.jpg
20220614_131215.jpg
20220614_131216.jpg
20220614_131217.jpg
20220614_131218.jpg
20220614_131219.jpg
20220614_131220.jpg
20220614_131221.jpg
20220614_131222.jpg
20220614_131224.jpg
20220614_131225_a.jpg
20220614_131225.jpg
20220614_131226.jpg
20220614_131227.jpg
20220614_131228.jpg
20220614_131229.jpg
20220614_131230.jpg
20220614_131231.jpg
20220614_131232.jpg
20220614_131233.jpg
20220614_131234.jpg
20220614_131235.jpg
20220614_131236.jpg
20220614_131237.jpg
20220614_131238.jpg
20220614_131239.jpg
20220614_131240.jpg
20220614_131241_a.jpg
20220614_131241.jpg
20220614_131243.jpg
20220614_131244_a.jpg
20220614_131244.jpg
20220614_131245.jpg
20220614_131246.jpg
20220614_131247.jpg
20220614_131248.jpg
20220614_131249.jpg
20220614_131250.jpg
20220614_131251.jpg
20220614_131252.jpg
20220614_131253.jpg
20220614_131254.jpg
20220614_131255.jpg
20220614_131256.jpg
20220614_131257.jpg
20220614_131258.jpg
20220614_131259.jpg
20220614_131300.jpg

setup_004/field_004/jpeg:
20220614_131542.jpg
20220614_131543.jpg
20220614_131544.jpg
20220614_131545.jpg
20220614_131546.jpg
20220614_131547.jpg
20220614_131548.jpg
20220614_131549.jpg
20220614_131550.jpg
20220614_131551.jpg
20220614_131552.jpg
20220614_131553.jpg
20220614_131554.jpg
20220614_131555.jpg
20220614_131556.jpg
20220614_131557.jpg
20220614_131558.jpg
20220614_131559.jpg
20220614_131600.jpg
20220614_131601.jpg
20220614_131602.jpg
20220614_131603.jpg
20220614_131604.jpg
20220614_131605.jpg
20220614_131606.jpg
20220614_131607.jpg
20220614_131608.jpg
20220614_131609.jpg
20220614_131610.jpg
20220614_131611.jpg
20220614_131612.jpg
20220614_131613.jpg
20220614_131614.jpg
20220614_131615.jpg
20220614_131616.jpg
20220614_131617.jpg
20220614_131618.jpg
20220614_131619.jpg
20220614_131620.jpg
20220614_131621.jpg
20220614_131622.jpg
20220614_131624.jpg
20220614_131625.jpg
20220614_131626.jpg
20220614_131627.jpg
20220614_131628.jpg
20220614_131629.jpg
20220614_131630.jpg
20220614_131631.jpg
20220614_131633.jpg
20220614_131634.jpg
20220614_131635.jpg
20220614_131636.jpg
20220614_131638.jpg
20220614_131639.jpg
20220614_131640.jpg
20220614_131641.jpg
20220614_131642.jpg
20220614_131643.jpg
20220614_131644.jpg
20220614_131645.jpg
20220614_131646.jpg
20220614_131647.jpg
20220614_131648.jpg
20220614_131649.jpg
20220614_131650.jpg
20220614_131651.jpg
20220614_131652.jpg
20220614_131653.jpg

setup_005/field_005/jpeg:
20220614_133456.jpg
20220614_133457.jpg
20220614_133500.jpg
20220614_133501.jpg
20220614_133502.jpg
20220614_133503.jpg
20220614_133504.jpg
20220614_133505.jpg
20220614_133506.jpg
20220614_133508.jpg
20220614_133509.jpg
20220614_133510.jpg
20220614_133512.jpg
20220614_133514.jpg
20220614_133515.jpg
20220614_133518.jpg
20220614_133519.jpg
20220614_133520.jpg
20220614_133521.jpg
20220614_133523.jpg
20220614_133524.jpg
20220614_133525.jpg
20220614_133527.jpg
20220614_133528.jpg
20220614_133529.jpg
20220614_133531.jpg
Thumbs.db

setup_006/field_006/jpeg:
20220614_134039.jpg
20220614_134040.jpg
20220614_134041.jpg
20220614_134042.jpg
20220614_134043.jpg
20220614_134044.jpg
20220614_134045.jpg
20220614_134046.jpg
20220614_134047.jpg
20220614_134048.jpg
20220614_134050.jpg
20220614_134051.jpg
20220614_134052.jpg
20220614_134053.jpg
20220614_134054.jpg
20220614_134055.jpg
20220614_134056.jpg
20220614_134058.jpg
20220614_134059.jpg
20220614_134100.jpg
20220614_134101.jpg
20220614_134102.jpg
20220614_134103.jpg
20220614_134104.jpg
20220614_134105.jpg
20220614_134106.jpg
20220614_134215.jpg
20220614_134217.jpg
20220614_134218.jpg
20220614_134220.jpg
20220614_134221.jpg
20220614_134223.jpg
20220614_134224.jpg
20220614_134225.jpg
20220614_134226.jpg
20220614_134228.jpg
20220614_134322.jpg

setup_007/field_007/jpeg:
dsc02350.jpg
dsc02352.jpg
dsc02355.jpg
dsc02356.jpg
dsc02357.jpg
dsc02358.jpg
dsc02359.jpg
dsc02360.jpg
dsc02361.jpg
dsc02362.jpg
dsc02363.jpg
dsc02364.jpg
dsc02365.jpg
dsc02366.jpg
dsc02367.jpg
dsc02368.jpg
dsc02369.jpg
dsc02370.jpg
dsc02371.jpg
dsc02372.jpg
dsc02373.jpg
dsc02374.jpg
dsc02375.jpg
dsc02376.jpg
dsc02377.jpg
dsc02378.jpg
dsc02379.jpg
dsc02380.jpg
dsc02381.jpg
dsc02382.jpg
dsc02383.jpg
dsc02384.jpg
dsc02385.jpg
dsc02386.jpg
dsc02387.jpg
dsc02388.jpg
dsc02389.jpg
dsc02390.jpg
dsc02391.jpg
dsc02392.jpg
dsc02393.jpg
dsc02394.jpg
dsc02395.jpg
dsc02396.jpg
dsc02397.jpg
dsc02398.jpg
dsc02399.jpg
dsc02400.jpg
dsc02401.jpg
dsc02402.jpg
dsc02403.jpg
dsc02404.jpg
dsc02405.jpg
dsc02406.jpg
dsc02407.jpg
dsc02408.jpg
dsc02409.jpg
dsc02410.jpg
dsc02411.jpg
dsc02412.jpg
dsc02413.jpg
dsc02414.jpg
dsc02415.jpg
dsc02416.jpg
dsc02417.jpg
dsc02418.jpg
dsc02419.jpg
dsc02420.jpg
dsc02421.jpg
dsc02422.jpg
dsc02423.jpg
dsc02424.jpg
dsc02425.jpg
dsc02426.jpg
dsc02427.jpg
dsc02428.jpg
dsc02429.jpg
dsc02430.jpg
dsc02431.jpg
dsc02432.jpg
dsc02433.jpg
dsc02434.jpg
dsc02435.jpg
dsc02436.jpg
dsc02437.jpg
dsc02438.jpg
dsc02439.jpg
dsc02440.jpg
dsc02441.jpg
dsc02442.jpg
dsc02443.jpg
dsc02444.jpg
dsc02445.jpg
dsc02447.jpg
dsc02448.jpg
dsc02449.jpg
dsc02450.jpg
dsc02451.jpg

setup_008/field_008/jpeg:
20220614_133542.jpg
20220614_133543.jpg
20220614_133544.jpg
20220614_133546.jpg
20220614_133547.jpg
20220614_133548.jpg
20220614_133550.jpg
20220614_133552.jpg
20220614_133553.jpg
20220614_133555.jpg
20220614_133558.jpg
20220614_133602.jpg
20220614_133603.jpg
20220614_133605.jpg
20220614_133608.jpg
20220614_133609.jpg
20220614_133610.jpg
20220614_133612.jpg
20220614_133613.jpg
20220614_133615.jpg
20220614_133616.jpg
20220614_133618.jpg
20220614_133619.jpg
20220614_133621.jpg
20220614_133622.jpg
20220614_133624.jpg
20220614_133625.jpg
20220614_133627.jpg
20220614_133628.jpg
20220614_133630.jpg
20220614_133631.jpg
20220614_133632.jpg
20220614_133634.jpg
20220614_133635.jpg
20220614_133636.jpg
20220614_133637.jpg
20220614_133638.jpg
20220614_133640.jpg
20220614_133641.jpg
20220614_133643.jpg
20220614_133644.jpg
20220614_133645.jpg
20220614_133646.jpg
20220614_133648.jpg
20220614_133649.jpg
20220614_133650.jpg
20220614_133651.jpg
20220614_133653.jpg
20220614_133654.jpg
20220614_133655.jpg
20220614_133656.jpg
20220614_133658.jpg
20220614_133659.jpg
20220614_133700.jpg
20220614_133701.jpg
20220614_133702.jpg
20220614_133703.jpg
20220614_133705.jpg
20220614_133706.jpg
20220614_133707.jpg
20220614_133708.jpg
20220614_133710.jpg
20220614_133712.jpg

setup_009/field_009/jpeg:
20220614_131702.jpg
20220614_131703.jpg
20220614_131704.jpg
20220614_131705.jpg
20220614_131706.jpg
20220614_131707.jpg
20220614_131708.jpg
20220614_131709.jpg
20220614_131710.jpg
20220614_131711.jpg
20220614_131712.jpg
20220614_131713.jpg
20220614_131715.jpg
20220614_131716.jpg
20220614_131717.jpg
20220614_131718.jpg
20220614_131719.jpg
20220614_131721.jpg
20220614_131722.jpg
20220614_131723.jpg
20220614_131724.jpg
20220614_131725.jpg
20220614_131726.jpg
20220614_131727.jpg
20220614_131728.jpg
20220614_131729.jpg
20220614_131731.jpg
20220614_131733.jpg
20220614_131735.jpg
20220614_131736.jpg
20220614_131737.jpg
20220614_131738.jpg
20220614_131739.jpg
20220614_131740.jpg
20220614_131742.jpg
20220614_131743.jpg
20220614_131744.jpg
20220614_131745.jpg
20220614_131746.jpg
20220614_131747.jpg
20220614_131748.jpg
20220614_131749.jpg
20220614_131750.jpg
20220614_131751.jpg
20220614_131752.jpg
20220614_131753.jpg
20220614_131754.jpg
20220614_131755.jpg
20220614_131756.jpg
20220614_131757.jpg
20220614_131758.jpg
20220614_131759.jpg
20220614_131800.jpg
20220614_131802.jpg
20220614_131803.jpg
20220614_131804.jpg
20220614_131805.jpg
20220614_131806.jpg
20220614_131807.jpg
20220614_131808.jpg
20220614_131809.jpg
20220614_131810.jpg
20220614_131811.jpg
20220614_131812.jpg
20220614_131813.jpg
20220614_131814.jpg
20220614_131815.jpg
20220614_131817.jpg
20220614_131818.jpg
20220614_131819.jpg
20220614_131820.jpg
20220614_131821.jpg
20220614_131822.jpg
20220614_131823.jpg
20220614_131824.jpg
20220614_131825.jpg
20220614_131826.jpg
20220614_131827.jpg
20220614_131828.jpg

setup_011/field_011/jpeg:
dsc03474.jpg
dsc03475.jpg
dsc03476.jpg
dsc03477.jpg
dsc03478.jpg
dsc03479.jpg
dsc03480.jpg
dsc03481.jpg
dsc03482.jpg
dsc03483.jpg
dsc03484.jpg
dsc03485.jpg
dsc03486.jpg
dsc03487.jpg
dsc03488.jpg
dsc03489.jpg
dsc03490.jpg
dsc03491.jpg
dsc03492.jpg
dsc03493.jpg
dsc03494.jpg
dsc03495.jpg
dsc03496.jpg
dsc03497.jpg
dsc03498.jpg
dsc03499.jpg
dsc03500.jpg
dsc03501.jpg
dsc03502.jpg
dsc03503.jpg
dsc03504.jpg
dsc03505.jpg
dsc03506.jpg
dsc03507.jpg
dsc03508.jpg
dsc03509.jpg
dsc03510.jpg
dsc03511.jpg
dsc03512.jpg
dsc03513.jpg
dsc03514.jpg
dsc03515.jpg
dsc03516.jpg
dsc03517.jpg
dsc03518.jpg
dsc03519.jpg
dsc03520.jpg
dsc03521.jpg
dsc03522.jpg
dsc03523.jpg
dsc03524.jpg
dsc03525.jpg
dsc03526.jpg
dsc03527.jpg
dsc03528.jpg
dsc03529.jpg
dsc03530.jpg
dsc03531.jpg
dsc03532.jpg
dsc03533.jpg
dsc03534.jpg
dsc03535.jpg
dsc03536.jpg
dsc03537.jpg
dsc03538.jpg
dsc03539.jpg
dsc03540.jpg
dsc03541.jpg
dsc03542.jpg
dsc03543.jpg
dsc03544.jpg
dsc03545.jpg
dsc03546.jpg
dsc03547.jpg
dsc03548.jpg
dsc03549.jpg
dsc03550.jpg
dsc03551.jpg
dsc03552.jpg
dsc03553.jpg
dsc03554.jpg
dsc03555.jpg
dsc03556.jpg
dsc03557.jpg
dsc03558.jpg
dsc03559.jpg
dsc03560.jpg
dsc03561.jpg
dsc03562.jpg
dsc03563.jpg
dsc03564.jpg
dsc03565.jpg
dsc03566.jpg
dsc03567.jpg
dsc03568.jpg
dsc03569.jpg
dsc03570.jpg
dsc03571.jpg
dsc03572.jpg
dsc03573.jpg
dsc03574.jpg
dsc03575.jpg
dsc03576.jpg
dsc03577.jpg
dsc03578.jpg
dsc03579.jpg
dsc03580.jpg
dsc03581.jpg
dsc03582.jpg
dsc03583.jpg
dsc03584.jpg
dsc03585.jpg
dsc03586.jpg
dsc03587.jpg
dsc03588.jpg
dsc03589.jpg
dsc03590.jpg
dsc03591.jpg
dsc03592.jpg
dsc03593.jpg
dsc03594.jpg
dsc03595.jpg
dsc03596.jpg
dsc03597.jpg
dsc03598.jpg
dsc03599.jpg
dsc03600.jpg
dsc03601.jpg
dsc03602.jpg
dsc03603.jpg
dsc03604.jpg
dsc03605.jpg
dsc03606.jpg
dsc03607.jpg
dsc03608.jpg
dsc03609.jpg
dsc03610.jpg
dsc03611.jpg
dsc03612.jpg
dsc03613.jpg
dsc03614.jpg
dsc03615.jpg
dsc03616.jpg
dsc03617.jpg
dsc03618.jpg
dsc03619.jpg
dsc03620.jpg
dsc03621.jpg
dsc03622.jpg
dsc03623.jpg
dsc03624.jpg
dsc03625.jpg
dsc03626.jpg
dsc03627.jpg
dsc03628.jpg
dsc03629.jpg
dsc03630.jpg
dsc03631.jpg
dsc03632.jpg
dsc03633.jpg
dsc03634.jpg
dsc03635.jpg
dsc03636.jpg
dsc03637.jpg
dsc03638.jpg
dsc03639.jpg
dsc03640.jpg
dsc03641.jpg
dsc03642.jpg
dsc03643.jpg
dsc03644.jpg
dsc03645.jpg
dsc03646.jpg
dsc03647.jpg
dsc03648.jpg
dsc03649.jpg
dsc03650.jpg
dsc03651.jpg
dsc03652.jpg
dsc03653.jpg
dsc03654.jpg
dsc03655.jpg
dsc03656.jpg
dsc03657.jpg
dsc03658.jpg
dsc03659.jpg
dsc03660.jpg
dsc03661.jpg
dsc03662.jpg
dsc03663.jpg
dsc03664.jpg
dsc03665.jpg
dsc03666.jpg
dsc03667.jpg
dsc03668.jpg
dsc03669.jpg
dsc03670.jpg
dsc03671.jpg
dsc03672.jpg
dsc03673.jpg
dsc03674.jpg
dsc03675.jpg
dsc03676.jpg
dsc03677.jpg
dsc03678.jpg
dsc03679.jpg
dsc03680.jpg
dsc03681.jpg
dsc03682.jpg
dsc03683.jpg
dsc03684.jpg
dsc03685.jpg
dsc03686.jpg
dsc03687.jpg
dsc03688.jpg
dsc03689.jpg
dsc03690.jpg
dsc03691.jpg
dsc03692.jpg
dsc03693.jpg
dsc03694.jpg
dsc03695.jpg
dsc03696.jpg
dsc03697.jpg
dsc03698.jpg
dsc03699.jpg
dsc03700.jpg
dsc03701.jpg
dsc03702.jpg
dsc03703.jpg
dsc03704.jpg
dsc03705.jpg
dsc03706.jpg
dsc03707.jpg
dsc03708.jpg
dsc03709.jpg
dsc03710.jpg
dsc03711.jpg
dsc03712.jpg
dsc03713.jpg
dsc03714.jpg
dsc03715.jpg
dsc03716.jpg
dsc03717.jpg
dsc03718.jpg
dsc03719.jpg
dsc03720.jpg
dsc03721.jpg
dsc03722.jpg
dsc03723.jpg
dsc03724.jpg
dsc03725.jpg
dsc03726.jpg
dsc03727.jpg
dsc03728.jpg
dsc03729.jpg
dsc03730.jpg
dsc03731.jpg
dsc03732.jpg
dsc03733.jpg
dsc03734.jpg
dsc03735.jpg
dsc03736.jpg
dsc03737.jpg
dsc03738.jpg
dsc03739.jpg
dsc03740.jpg
dsc03741.jpg
dsc03742.jpg
dsc03743.jpg
dsc03744.jpg
dsc03745.jpg
dsc03746.jpg
dsc03747.jpg
dsc03748.jpg
dsc03749.jpg
dsc03750.jpg
dsc03751.jpg
dsc03752.jpg
dsc03753.jpg
dsc03754.jpg
dsc03755.jpg
dsc03756.jpg
dsc03757.jpg
dsc03758.jpg
dsc03759.jpg
dsc03760.jpg
dsc03761.jpg
dsc03762.jpg
dsc03763.jpg
dsc03764.jpg
dsc03765.jpg
dsc03766.jpg
dsc03767.jpg
dsc03768.jpg
dsc03769.jpg
dsc03770.jpg
dsc03771.jpg
dsc03772.jpg
dsc03773.jpg
dsc03774.jpg
dsc03775.jpg
dsc03776.jpg
dsc03777.jpg
dsc03778.jpg
dsc03779.jpg
dsc03780.jpg
dsc03781.jpg
dsc03782.jpg
dsc03783.jpg
dsc03784.jpg
dsc03785.jpg
dsc03786.jpg
dsc03787.jpg
dsc03788.jpg
dsc03789.jpg

setup_012/field_012/jpeg:
DSC03791.JPG
DSC03792.JPG
DSC03793.JPG
DSC03794.JPG
DSC03795.JPG
DSC03796.JPG
DSC03797.JPG
DSC03798.JPG
DSC03799.JPG
DSC03800.JPG
DSC03801.JPG
DSC03802.JPG
DSC03803.JPG
DSC03804.JPG
DSC03805.JPG
DSC03806.JPG
DSC03807.JPG
DSC03808.JPG
DSC03809.JPG
DSC03810.JPG
DSC03811.JPG
DSC03812.JPG
DSC03813.JPG
DSC03814.JPG
DSC03815.JPG
DSC03816.JPG
DSC03817.JPG
DSC03818.JPG
DSC03819.JPG
DSC03820.JPG
DSC03821.JPG
DSC03822.JPG
DSC03823.JPG
DSC03824.JPG
DSC03825.JPG
DSC03826.JPG
DSC03827.JPG
DSC03828.JPG
DSC03829.JPG
DSC03830.JPG
DSC03831.JPG
DSC03832.JPG
DSC03833.JPG
DSC03834.JPG
DSC03835.JPG
DSC03836.JPG
DSC03837.JPG
DSC03838.JPG
DSC03839.JPG
DSC03840.JPG
DSC03841.JPG
DSC03842.JPG
DSC03843.JPG
DSC03844.JPG
DSC03845.JPG
DSC03846.JPG
DSC03847.JPG
DSC03848.JPG
DSC03849.JPG
DSC03850.JPG
DSC03851.JPG
DSC03852.JPG
DSC03853.JPG
DSC03854.JPG
DSC03855.JPG
DSC03856.JPG
DSC03857.JPG
DSC03858.JPG
DSC03859.JPG
DSC03860.JPG
DSC03861.JPG
DSC03862.JPG
DSC03863.JPG
DSC03864.JPG
DSC03865.JPG
DSC03866.JPG
DSC03867.JPG
DSC03868.JPG
DSC03869.JPG
DSC03870.JPG
DSC03871.JPG
DSC03872.JPG
DSC03873.JPG
DSC03874.JPG
DSC03875.JPG
DSC03876.JPG
DSC03877.JPG
DSC03878.JPG
DSC03879.JPG
DSC03880.JPG
DSC03881.JPG
DSC03882.JPG
DSC03883.JPG
DSC03884.JPG
DSC03885.JPG
DSC03886.JPG
DSC03887.JPG
DSC03888.JPG
DSC03889.JPG
DSC03890.JPG
DSC03891.JPG
DSC03892.JPG
DSC03893.JPG
DSC03894.JPG
DSC03895.JPG
DSC03896.JPG
DSC03897.JPG
DSC03898.JPG
DSC03899.JPG
DSC03900.JPG
DSC03901.JPG
DSC03902.JPG
DSC03903.JPG
DSC03904.JPG
DSC03905.JPG
DSC03906.JPG
DSC03907.JPG
DSC03908.JPG
DSC03909.JPG
DSC03910.JPG
DSC03911.JPG
DSC03912.JPG
DSC03913.JPG
DSC03914.JPG
DSC03915.JPG

setup_014/field_014/jpeg:
dsc03920.jpg
dsc03921.jpg
dsc03922.jpg
dsc03923.jpg
dsc03924.jpg
dsc03925.jpg
dsc03926.jpg
dsc03927.jpg
dsc03928.jpg
dsc03929.jpg
dsc03930.jpg
dsc03931.jpg
dsc03932.jpg
dsc03933.jpg
dsc03934.jpg
dsc03935.jpg
dsc03936.jpg
dsc03937.jpg
dsc03938.jpg
dsc03939.jpg
dsc03940.jpg
dsc03941.jpg
dsc03942.jpg
dsc03943.jpg
dsc03944.jpg
dsc03945.jpg
dsc03946.jpg
dsc03947.jpg
dsc03948.jpg
dsc03949.jpg
dsc03950.jpg
dsc03951.jpg
dsc03952.jpg
dsc03953.jpg
dsc03954.jpg
dsc03955.jpg
dsc03956.jpg
dsc03957.jpg
dsc03958.jpg
dsc03959.jpg
dsc03960.jpg
dsc03961.jpg
dsc03962.jpg
dsc03963.jpg
dsc03964.jpg
dsc03965.jpg
dsc03966.jpg
dsc03967.jpg
dsc03968.jpg
dsc03969.jpg
dsc03970.jpg
dsc03971.jpg
dsc03972.jpg
dsc03973.jpg
dsc03974.jpg
dsc03975.jpg
dsc03976.jpg
dsc03977.jpg
dsc03978.jpg
dsc03979.jpg
dsc03980.jpg
dsc03981.jpg
dsc03982.jpg
dsc03983.jpg
dsc03984.jpg
dsc03985.jpg
dsc03986.jpg
dsc03987.jpg
dsc03988.jpg
dsc03989.jpg
dsc03990.jpg
dsc03991.jpg
dsc03992.jpg
dsc03993.jpg
dsc03994.jpg
dsc03995.jpg
dsc03996.jpg
dsc03997.jpg
dsc03998.jpg
dsc03999.jpg
dsc04000.jpg
dsc04001.jpg
dsc04002.jpg
dsc04003.jpg
dsc04004.jpg
dsc04005.jpg
dsc04006.jpg
dsc04007.jpg
dsc04008.jpg
dsc04009.jpg
dsc04010.jpg
dsc04011.jpg
dsc04012.jpg
dsc04013.jpg
dsc04014.jpg
dsc04015.jpg
dsc04016.jpg
dsc04017.jpg
dsc04018.jpg
dsc04019.jpg
dsc04020.jpg
dsc04021.jpg
dsc04022.jpg
dsc04023.jpg
dsc04024.jpg
dsc04025.jpg
dsc04026.jpg
dsc04027.jpg
dsc04028.jpg
dsc04029.jpg
dsc04030.jpg
dsc04031.jpg
dsc04032.jpg
dsc04033.jpg
dsc04034.jpg
dsc04035.jpg
dsc04036.jpg
dsc04037.jpg
dsc04038.jpg
dsc04039.jpg
dsc04040.jpg
dsc04041.jpg
dsc04042.jpg
dsc04043.jpg
dsc04044.jpg
dsc04045.jpg
dsc04046.jpg
dsc04047.jpg
dsc04048.jpg
dsc04049.jpg
dsc04050.jpg
dsc04051.jpg
dsc04052.jpg
dsc04053.jpg
dsc04054.jpg
dsc04055.jpg
dsc04056.jpg
dsc04057.jpg
dsc04058.jpg
dsc04059.jpg
dsc04060.jpg
dsc04061.jpg
dsc04062.jpg
dsc04063.jpg
dsc04064.jpg
dsc04065.jpg
dsc04066.jpg
dsc04067.jpg
dsc04068.jpg
dsc04069.jpg
dsc04070.jpg
dsc04071.jpg
dsc04072.jpg
dsc04073.jpg
dsc04074.jpg
dsc04075.jpg
dsc04076.jpg
dsc04077.jpg
dsc04078.jpg
dsc04079.jpg
dsc04080.jpg
dsc04081.jpg
dsc04082.jpg
dsc04083.jpg
dsc04084.jpg
dsc04085.jpg
dsc04086.jpg
dsc04087.jpg
dsc04088.jpg
dsc04089.jpg
dsc04090.jpg
dsc04091.jpg
dsc04092.jpg
dsc04093.jpg
dsc04094.jpg
dsc04095.jpg
dsc04096.jpg
dsc04097.jpg
dsc04098.jpg
dsc04099.jpg
dsc04100.jpg
dsc04101.jpg
dsc04102.jpg
dsc04103.jpg
dsc04104.jpg
dsc04105.jpg
dsc04106.jpg
dsc04107.jpg
dsc04108.jpg
dsc04109.jpg
dsc04110.jpg
dsc04111.jpg
dsc04112.jpg
dsc04113.jpg
dsc04114.jpg
dsc04115.jpg
dsc04116.jpg
dsc04117.jpg
dsc04118.jpg
dsc04119.jpg
dsc04120.jpg
dsc04121.jpg
dsc04122.jpg
dsc04123.jpg
dsc04124.jpg
dsc04125.jpg
dsc04126.jpg
dsc04127.jpg
dsc04128.jpg
dsc04129.jpg
dsc04130.jpg
dsc04131.jpg
dsc04132.jpg
dsc04133.jpg
dsc04134.jpg
dsc04135.jpg
dsc04136.jpg
dsc04137.jpg
dsc04138.jpg
dsc04139.jpg
dsc04140.jpg
dsc04141.jpg
dsc04142.jpg
dsc04143.jpg
dsc04144.jpg
dsc04145.jpg
dsc04146.jpg
dsc04147.jpg
dsc04148.jpg
dsc04149.jpg
dsc04150.jpg
dsc04151.jpg
dsc04152.jpg
dsc04153.jpg
dsc04154.jpg
dsc04155.jpg
dsc04156.jpg
dsc04157.jpg
dsc04158.jpg
dsc04159.jpg
dsc04160.jpg
dsc04161.jpg
dsc04162.jpg
dsc04163.jpg
dsc04164.jpg
dsc04165.jpg
dsc04166.jpg
dsc04167.jpg
dsc04168.jpg
dsc04169.jpg
dsc04170.jpg
dsc04171.jpg
dsc04172.jpg
dsc04173.jpg
dsc04174.jpg
dsc04175.jpg
dsc04176.jpg
dsc04177.jpg
dsc04178.jpg
dsc04179.jpg
dsc04180.jpg
dsc04181.jpg
dsc04182.jpg
dsc04183.jpg
dsc04184.jpg
dsc04185.jpg
dsc04186.jpg
dsc04187.jpg
dsc04188.jpg
dsc04189.jpg
dsc04190.jpg
dsc04191.jpg
dsc04192.jpg
dsc04193.jpg
dsc04194.jpg
dsc04195.jpg
dsc04196.jpg
dsc04197.jpg
dsc04198.jpg
dsc04199.jpg
dsc04200.jpg
dsc04201.jpg
dsc04202.jpg
dsc04203.jpg
dsc04204.jpg
dsc04205.jpg
dsc04206.jpg
dsc04207.jpg
dsc04208.jpg
dsc04209.jpg
dsc04210.jpg
dsc04211.jpg
dsc04212.jpg
dsc04213.jpg
dsc04214.jpg
dsc04215.jpg
dsc04216.jpg
dsc04217.jpg
dsc04218.jpg
dsc04219.jpg
dsc04220.jpg
dsc04221.jpg
dsc04222.jpg
dsc04223.jpg
dsc04224.jpg
dsc04225.jpg
dsc04226.jpg
dsc04227.jpg
dsc04228.jpg
dsc04229.jpg
dsc04230.jpg
dsc04231.jpg
dsc04232.jpg
dsc04233.jpg
dsc04234.jpg
dsc04235.jpg
dsc04236.jpg
dsc04237.jpg
dsc04238.jpg
dsc04239.jpg
dsc04240.jpg
dsc04241.jpg
dsc04242.jpg
dsc04243.jpg
dsc04244.jpg
dsc04245.jpg
dsc04246.jpg
dsc04247.jpg
dsc04248.jpg
dsc04249.jpg
dsc04250.jpg
dsc04251.jpg
dsc04252.jpg
dsc04253.jpg
dsc04254.jpg
dsc04255.jpg
dsc04256.jpg
dsc04257.jpg
dsc04258.jpg
dsc04259.jpg
dsc04260.jpg
dsc04261.jpg
dsc04262.jpg
dsc04263.jpg
dsc04264.jpg
dsc04265.jpg
dsc04266.jpg
dsc04267.jpg
dsc04268.jpg
dsc04269.jpg
dsc04270.jpg
dsc04271.jpg
dsc04272.jpg
dsc04273.jpg
dsc04274.jpg
dsc04275.jpg
dsc04276.jpg
dsc04277.jpg
dsc04278.jpg
dsc04279.jpg
dsc04280.jpg
dsc04281.jpg
dsc04282.jpg
dsc04283.jpg
dsc04284.jpg
dsc04285.jpg
dsc04286.jpg
dsc04287.jpg
dsc04288.jpg
dsc04289.jpg
dsc04290.jpg
dsc04291.jpg
dsc04292.jpg
dsc04293.jpg
dsc04294.jpg
dsc04295.jpg
dsc04296.jpg
dsc04297.jpg
dsc04298.jpg
dsc04299.jpg
dsc04300.jpg
dsc04301.jpg
dsc04302.jpg
dsc04303.jpg
dsc04304.jpg
dsc04305.jpg
dsc04306.jpg
dsc04307.jpg
dsc04308.jpg
dsc04309.jpg
dsc04310.jpg
dsc04311.jpg
dsc04312.jpg
dsc04313.jpg
dsc04314.jpg
dsc04315.jpg
dsc04316.jpg
dsc04317.jpg
dsc04318.jpg
dsc04319.jpg
dsc04320.jpg
dsc04321.jpg
dsc04322.jpg
dsc04323.jpg
dsc04324.jpg
dsc04325.jpg
dsc04326.jpg
dsc04327.jpg
dsc04328.jpg
dsc04329.jpg
dsc04330.jpg
Thumbs.db

setup_015/field_015/jpeg:
dsc04332.jpg
dsc04333.jpg
dsc04334.jpg
dsc04335.jpg
dsc04336.jpg
dsc04337.jpg
dsc04338.jpg
dsc04339.jpg
dsc04340.jpg
dsc04341.jpg
dsc04342.jpg
dsc04343.jpg
dsc04344.jpg
dsc04345.jpg
dsc04346.jpg
dsc04347.jpg
dsc04348.jpg
dsc04349.jpg
dsc04350.jpg
dsc04351.jpg
dsc04352.jpg
dsc04353.jpg
dsc04354.jpg
dsc04355.jpg
dsc04356.jpg
dsc04357.jpg
dsc04358.jpg
dsc04359.jpg
dsc04360.jpg
dsc04361.jpg
dsc04362.jpg
dsc04363.jpg
dsc04364.jpg
dsc04365.jpg
dsc04366.jpg
dsc04367.jpg
dsc04368.jpg
dsc04369.jpg
dsc04370.jpg
dsc04371.jpg
dsc04372.jpg
dsc04373.jpg
dsc04374.jpg
dsc04375.jpg
dsc04376.jpg
dsc04377.jpg
dsc04378.jpg
dsc04379.jpg
dsc04380.jpg
dsc04381.jpg
dsc04382.jpg
dsc04383.jpg
dsc04384.jpg
dsc04385.jpg
dsc04386.jpg
dsc04387.jpg
dsc04388.jpg
dsc04389.jpg
dsc04390.jpg
dsc04391.jpg
dsc04392.jpg
dsc04393.jpg
dsc04394.jpg
dsc04395.jpg
dsc04396.jpg
dsc04397.jpg
dsc04398.jpg
dsc04399.jpg
dsc04400.jpg
dsc04401.jpg
dsc04402.jpg
dsc04403.jpg
dsc04404.jpg
dsc04405.jpg
dsc04406.jpg
dsc04407.jpg
dsc04408.jpg
dsc04409.jpg
dsc04410.jpg

setup_016/field_016/jpeg:
dsc04412.jpg
dsc04413.jpg
dsc04414.jpg
dsc04415.jpg
dsc04416.jpg
dsc04417.jpg
dsc04418.jpg
dsc04419.jpg
dsc04420.jpg
dsc04421.jpg
dsc04422.jpg
dsc04423.jpg
dsc04424.jpg
dsc04425.jpg
dsc04426.jpg
dsc04427.jpg
dsc04428.jpg
dsc04429.jpg
dsc04430.jpg
dsc04431.jpg
dsc04432.jpg
dsc04433.jpg
dsc04434.jpg
dsc04435.jpg
dsc04436.jpg
dsc04437.jpg
dsc04438.jpg
dsc04439.jpg
dsc04440.jpg
dsc04441.jpg
dsc04442.jpg
dsc04443.jpg
dsc04444.jpg
dsc04445.jpg
dsc04446.jpg
dsc04447.jpg
dsc04448.jpg
dsc04449.jpg
dsc04450.jpg
dsc04451.jpg
dsc04452.jpg
dsc04453.jpg
dsc04454.jpg
dsc04455.jpg
dsc04456.jpg
dsc04457.jpg
dsc04458.jpg
dsc04459.jpg
dsc04460.jpg
dsc04461.jpg
dsc04462.jpg
dsc04463.jpg
dsc04464.jpg
dsc04465.jpg
dsc04466.jpg
dsc04467.jpg
dsc04468.jpg
dsc04469.jpg
dsc04470.jpg
dsc04471.jpg
dsc04472.jpg
dsc04473.jpg
dsc04474.jpg
dsc04475.jpg
dsc04476.jpg
dsc04477.jpg
dsc04478.jpg
dsc04479.jpg
dsc04480.jpg
dsc04481.jpg
dsc04482.jpg
dsc04483.jpg
dsc04484.jpg
dsc04485.jpg
dsc04486.jpg
dsc04487.jpg
dsc04488.jpg
dsc04489.jpg
dsc04490.jpg
dsc04491.jpg
dsc04492.jpg
dsc04493.jpg
dsc04494.jpg
dsc04495.jpg
dsc04496.jpg
dsc04497.jpg
dsc04498.jpg
dsc04499.jpg
dsc04500.jpg
dsc04501.jpg
dsc04502.jpg
dsc04503.jpg
dsc04504.jpg
dsc04505.jpg
dsc04506.jpg
dsc04507.jpg
dsc04508.jpg
dsc04509.jpg
dsc04510.jpg
dsc04511.jpg
dsc04512.jpg
dsc04513.jpg
dsc04514.jpg
dsc04515.jpg
dsc04516.jpg
dsc04517.jpg
dsc04518.jpg
dsc04519.jpg
dsc04520.jpg
dsc04521.jpg
dsc04522.jpg
dsc04523.jpg
dsc04524.jpg
dsc04525.jpg
dsc04526.jpg
dsc04527.jpg
dsc04528.jpg
dsc04529.jpg
dsc04530.jpg
dsc04531.jpg
dsc04532.jpg
dsc04533.jpg
dsc04534.jpg
dsc04535.jpg
dsc04536.jpg
dsc04537.jpg
dsc04538.jpg
dsc04539.jpg
dsc04540.jpg
dsc04541.jpg
dsc04542.jpg
dsc04543.jpg
dsc04544.jpg
dsc04545.jpg
dsc04546.jpg
dsc04547.jpg
dsc04548.jpg
dsc04549.jpg
dsc04550.jpg
dsc04551.jpg
dsc04552.jpg
dsc04553.jpg
dsc04554.jpg
dsc04555.jpg
dsc04556.jpg
dsc04557.jpg
dsc04558.jpg
dsc04559.jpg
dsc04560.jpg
dsc04561.jpg
dsc04562.jpg
dsc04563.jpg
dsc04564.jpg
dsc04565.jpg
dsc04566.jpg
dsc04567.jpg
dsc04568.jpg
dsc04569.jpg
dsc04570.jpg
dsc04571.jpg
dsc04572.jpg
dsc04573.jpg
dsc04576.jpg
dsc04577.jpg
dsc04578.jpg
dsc04579.jpg
dsc04580.jpg
dsc04581.jpg
dsc04582.jpg
dsc04583.jpg
dsc04584.jpg
dsc04585.jpg
dsc04586.jpg
dsc04587.jpg
dsc04588.jpg
dsc04589.jpg
dsc04590.jpg
dsc04591.jpg
dsc04592.jpg
dsc04593.jpg
dsc04594.jpg
dsc04595.jpg
dsc04596.jpg
dsc04597.jpg
dsc04598.jpg
dsc04599.jpg
dsc04600.jpg
dsc04601.jpg
dsc04602.jpg
dsc04603.jpg
dsc04604.jpg
dsc04605.jpg
dsc04606.jpg
dsc04607.jpg
dsc04608.jpg

setup_018/field_018/jpeg:
dsc04682.jpg
dsc04683.jpg
dsc04684.jpg
dsc04685.jpg
dsc04686.jpg
dsc04687.jpg
dsc04688.jpg
dsc04689.jpg
dsc04690.jpg
dsc04691.jpg
dsc04692.jpg
dsc04693.jpg
dsc04694.jpg
dsc04695.jpg
dsc04696.jpg
dsc04697.jpg
dsc04698.jpg
dsc04699.jpg
dsc04700.jpg
dsc04701.jpg
dsc04702.jpg
dsc04703.jpg
dsc04704.jpg
dsc04705.jpg
dsc04706.jpg
dsc04707.jpg
dsc04708.jpg
dsc04709.jpg
dsc04710.jpg
dsc04711.jpg
dsc04712.jpg
dsc04713.jpg
dsc04714.jpg
dsc04715.jpg
dsc04716.jpg
dsc04717.jpg
dsc04718.jpg
dsc04719.jpg
dsc04720.jpg
dsc04721.jpg
dsc04722.jpg
dsc04723.jpg
dsc04724.jpg
dsc04725.jpg
dsc04726.jpg
dsc04727.jpg
dsc04728.jpg
dsc04729.jpg
dsc04730.jpg
dsc04731.jpg
dsc04732.jpg
dsc04733.jpg
dsc04734.jpg
dsc04735.jpg
dsc04736.jpg
dsc04737.jpg
dsc04738.jpg
dsc04739.jpg
dsc04740.jpg
dsc04741.jpg
dsc04742.jpg
dsc04743.jpg
dsc04744.jpg
dsc04745.jpg
dsc04746.jpg
dsc04747.jpg
dsc04748.jpg
dsc04749.jpg
dsc04750.jpg
dsc04751.jpg
dsc04752.jpg
dsc04753.jpg
dsc04754.jpg
dsc04755.jpg
dsc04756.jpg
dsc04757.jpg
dsc04758.jpg
dsc04759.jpg
dsc04760.jpg
dsc04761.jpg
dsc04762.jpg
dsc04763.jpg
dsc04764.jpg
dsc04765.jpg
dsc04766.jpg
dsc04767.jpg
dsc04768.jpg
dsc04769.jpg
dsc04770.jpg
dsc04771.jpg
dsc04772.jpg
dsc04773.jpg
dsc04778.jpg

setup_019/field_019/jpeg:

setup_020/field_020/jpeg:
dsc02464.jpg
dsc02465.jpg
dsc02466.jpg
dsc02467.jpg
dsc02468.jpg
dsc02469.jpg
dsc02470.jpg
dsc02471.jpg
dsc02472.jpg
dsc02473.jpg
dsc02474.jpg
dsc02475.jpg
dsc02476.jpg
dsc02477.jpg
dsc02478.jpg
dsc02479.jpg
dsc02480.jpg
dsc02481.jpg
dsc02482.jpg
dsc02483.jpg
dsc02484.jpg
dsc02485.jpg
dsc02486.jpg
dsc02487.jpg
dsc02488.jpg
dsc02489.jpg
dsc02490.jpg
dsc02491.jpg
dsc02492.jpg
dsc02493.jpg
dsc02494.jpg
dsc02495.jpg
dsc02496.jpg
dsc02497.jpg
dsc02498.jpg
dsc02499.jpg
dsc02500.jpg
dsc02501.jpg
dsc02502.jpg
dsc02503.jpg
dsc02504.jpg
dsc02505.jpg
dsc02506.jpg
dsc02507.jpg
dsc02508.jpg
dsc02509.jpg
dsc02510.jpg
dsc02511.jpg
dsc02512.jpg
dsc02513.jpg
dsc02514.jpg
dsc02515.jpg
dsc02516.jpg
dsc02517.jpg
dsc02518.jpg
dsc02519.jpg
dsc02520.jpg
dsc02521.jpg
dsc02522.jpg
dsc02523.jpg
dsc02524.jpg
dsc02525.jpg
dsc02526.jpg
dsc02527.jpg
dsc02528.jpg
dsc02529.jpg
dsc02530.jpg
dsc02531.jpg
dsc02532.jpg
dsc02533.jpg
dsc02534.jpg
dsc02535.jpg
dsc02536.jpg
dsc02537.jpg
dsc02538.jpg
dsc02539.jpg
dsc02540.jpg
dsc02541.jpg
dsc02542.jpg
dsc02543.jpg
dsc02544.jpg
dsc02545.jpg
dsc02546.jpg
dsc02547.jpg
dsc02548.jpg
dsc02549.jpg
dsc02550.jpg
dsc02551.jpg
dsc02552.jpg
dsc02553.jpg
dsc02554.jpg
dsc02555.jpg
dsc02556.jpg
dsc02557.jpg
dsc02558.jpg
dsc02559.jpg
dsc02560.jpg
dsc02561.jpg
dsc02562.jpg
dsc02563.jpg
dsc02564.jpg
dsc02565.jpg
dsc02566.jpg
dsc02567.jpg
dsc02568.jpg
dsc02569.jpg
dsc02570.jpg
dsc02571.jpg
dsc02572.jpg
dsc02573.jpg
dsc02574.jpg
dsc02575.jpg
dsc02576.jpg
dsc02577.jpg
dsc02578.jpg
dsc02579.jpg
dsc02580.jpg
dsc02581.jpg
dsc02582.jpg
dsc02583.jpg
dsc02584.jpg
dsc02585.jpg
dsc02586.jpg
dsc02587.jpg
dsc02588.jpg
dsc02589.jpg
dsc02590.jpg
dsc02591.jpg
dsc02592.jpg
dsc02593.jpg
dsc02594.jpg
dsc02595.jpg
dsc02596.jpg
dsc02597.jpg
dsc02598.jpg
dsc02599.jpg
dsc02600.jpg
dsc02601.jpg
dsc02602.jpg
dsc02603.jpg
dsc02604.jpg
dsc02605.jpg
dsc02606.jpg
dsc02607.jpg
dsc02608.jpg
dsc02609.jpg
dsc02610.jpg
dsc02611.jpg
dsc02612.jpg
dsc02613.jpg
dsc02614.jpg
dsc02615.jpg
dsc02616.jpg
dsc02617.jpg
dsc02618.jpg
dsc02619.jpg
dsc02620.jpg
dsc02621.jpg
dsc02622.jpg
dsc02623.jpg
dsc02624.jpg
dsc02625.jpg
dsc02626.jpg
dsc02627.jpg
dsc02628.jpg
dsc02629.jpg
dsc02630.jpg
dsc02631.jpg
dsc02632.jpg
dsc02633.jpg
dsc02634.jpg
dsc02635.jpg
dsc02636.jpg
dsc02637.jpg
dsc02638.jpg
dsc02639.jpg
dsc02640.jpg
dsc02641.jpg
dsc02642.jpg
dsc02643.jpg
dsc02644.jpg
dsc02645.jpg
dsc02646.jpg
dsc02647.jpg
dsc02648.jpg
dsc02649.jpg
dsc02650.jpg
dsc02651.jpg
dsc02652.jpg
dsc02653.jpg
dsc02654.jpg
dsc02655.jpg
dsc02656.jpg
dsc02657.jpg
dsc02658.jpg
dsc02659.jpg
dsc02660.jpg
dsc02661.jpg
dsc02662.jpg
dsc02663.jpg
dsc02664.jpg
dsc02665.jpg
dsc02666.jpg
dsc02667.jpg
dsc02668.jpg
dsc02669.jpg
dsc02670.jpg
dsc02671.jpg
dsc02672.jpg
dsc02673.jpg
dsc02674.jpg
dsc02675.jpg
dsc02676.jpg
dsc02677.jpg
dsc02678.jpg
dsc02679.jpg
dsc02680.jpg
dsc02681.jpg
dsc02682.jpg
dsc02683.jpg
dsc02684.jpg
dsc02685.jpg
dsc02686.jpg
dsc02687.jpg
dsc02688.jpg
dsc02689.jpg
dsc02690.jpg
dsc02691.jpg
dsc02692.jpg
dsc02693.jpg
dsc02694.jpg
dsc02695.jpg
dsc02696.jpg
dsc02697.jpg
dsc02698.jpg
dsc02699.jpg
dsc02700.jpg
dsc02701.jpg
dsc02702.jpg
dsc02703.jpg
dsc02704.jpg
dsc02705.jpg
dsc02706.jpg
dsc02707.jpg
dsc02708.jpg
dsc02709.jpg
dsc02710.jpg
dsc02711.jpg
dsc02712.jpg
dsc02713.jpg
dsc02714.jpg
dsc02715.jpg
dsc02716.jpg
dsc02717.jpg
dsc02718.jpg
dsc02719.jpg
dsc02720.jpg
dsc02721.jpg
dsc02722.jpg
dsc02723.jpg
dsc02724.jpg
dsc02725.jpg
dsc02726.jpg
dsc02727.jpg
dsc02728.jpg
dsc02729.jpg
dsc02730.jpg
dsc02731.jpg
dsc02732.jpg
dsc02733.jpg
dsc02734.jpg
dsc02735.jpg
dsc02736.jpg
dsc02737.jpg
dsc02738.jpg
dsc02739.jpg
dsc02740.jpg
dsc02741.jpg
dsc02742.jpg
dsc02743.jpg
dsc02744.jpg
dsc02745.jpg
dsc02746.jpg
dsc02747.jpg
dsc02748.jpg
dsc02749.jpg
dsc02750.jpg
dsc02751.jpg
dsc02752.jpg
dsc02753.jpg
dsc02754.jpg
dsc02755.jpg
dsc02756.jpg
dsc02757.jpg
dsc02758.jpg
dsc02759.jpg
dsc02760.jpg
dsc02761.jpg
dsc02762.jpg
dsc02763.jpg
dsc02764.jpg
dsc02765.jpg
dsc02766.jpg
dsc02767.jpg
dsc02768.jpg
dsc02769.jpg
dsc02770.jpg
dsc02771.jpg
dsc02772.jpg
dsc02773.jpg
dsc02774.jpg
dsc02775.jpg
dsc02776.jpg
dsc02777.jpg
dsc02778.jpg
dsc02779.jpg
dsc02780.jpg
dsc02781.jpg
dsc02782.jpg
dsc02783.jpg
dsc02784.jpg
dsc02785.jpg
dsc02786.jpg
dsc02787.jpg
dsc02788.jpg
dsc02789.jpg
dsc02790.jpg
dsc02791.jpg
dsc02792.jpg
dsc02793.jpg
dsc02794.jpg
dsc02795.jpg
dsc02796.jpg
dsc02797.jpg
dsc02798.jpg
dsc02799.jpg
dsc02800.jpg
dsc02801.jpg
dsc02802.jpg
dsc02803.jpg
dsc02804.jpg
dsc02805.jpg
dsc02806.jpg
dsc02807.jpg
dsc02808.jpg
dsc02809.jpg
dsc02810.jpg
dsc02811.jpg
dsc02812.jpg
dsc02813.jpg
dsc02814.jpg
dsc02815.jpg
dsc02816.jpg
dsc02817.jpg
dsc02818.jpg
dsc02819.jpg
dsc02820.jpg
dsc02821.jpg
dsc02822.jpg
dsc02823.jpg
dsc02824.jpg
dsc02825.jpg
dsc02826.jpg
dsc02827.jpg
dsc02828.jpg
dsc02829.jpg
dsc02830.jpg

setup_021/field_021/jpeg:
dsc02831.jpg
dsc02832.jpg
dsc02833.jpg
dsc02834.jpg
dsc02835.jpg
dsc02836.jpg
dsc02837.jpg
dsc02838.jpg
dsc02839.jpg
dsc02840.jpg
dsc02841.jpg
dsc02842.jpg
dsc02843.jpg
dsc02844.jpg
dsc02845.jpg
dsc02846.jpg
dsc02847.jpg
dsc02848.jpg
dsc02849.jpg
dsc02850.jpg
dsc02851.jpg
dsc02852.jpg
dsc02853.jpg
dsc02854.jpg
dsc02855.jpg
dsc02856.jpg
dsc02857.jpg
dsc02858.jpg
dsc02859.jpg
dsc02860.jpg
dsc02861.jpg
dsc02862.jpg
dsc02863.jpg
dsc02864.jpg
dsc02865.jpg
dsc02866.jpg
dsc02867.jpg
dsc02868.jpg
dsc02869.jpg
dsc02870.jpg
dsc02871.jpg
dsc02872.jpg
dsc02873.jpg
dsc02874.jpg
dsc02875.jpg
dsc02876.jpg
dsc02877.jpg
dsc02878.jpg
dsc02879.jpg
dsc02880.jpg
dsc02881.jpg
dsc02882.jpg
dsc02883.jpg
dsc02884.jpg
dsc02885.jpg
dsc02886.jpg
dsc02887.jpg
dsc02888.jpg
dsc02889.jpg
dsc02890.jpg
dsc02891.jpg
dsc02892.jpg
dsc02893.jpg
dsc02894.jpg
dsc02895.jpg
dsc02896.jpg
dsc02897.jpg
dsc02898.jpg
dsc02899.jpg
dsc02900.jpg
dsc02901.jpg
dsc02902.jpg
dsc02903.jpg
dsc02904.jpg
dsc02905.jpg
dsc02906.jpg
dsc02907.jpg
dsc02908.jpg
dsc02909.jpg
dsc02910.jpg
dsc02911.jpg
dsc02912.jpg
dsc02913.jpg
dsc02914.jpg
dsc02915.jpg
dsc02916.jpg
dsc02917.jpg
dsc02918.jpg
dsc02919.jpg
dsc02920.jpg
dsc02921.jpg
dsc02922.jpg
dsc02923.jpg
dsc02924.jpg
dsc02925.jpg
dsc02926.jpg
dsc02927.jpg
dsc02928.jpg
dsc02929.jpg
dsc02930.jpg
dsc02931.jpg
dsc02932.jpg
dsc02933.jpg
dsc02934.jpg
dsc02935.jpg
dsc02936.jpg
dsc02937.jpg
dsc02938.jpg
dsc02939.jpg
dsc02940.jpg
dsc02941.jpg
dsc02942.jpg
dsc02943.jpg
dsc02944.jpg
dsc02945.jpg
dsc02946.jpg
dsc02947.jpg
dsc02948.jpg
dsc02949.jpg
dsc02950.jpg
dsc02951.jpg
dsc02952.jpg
dsc02953.jpg
dsc02954.jpg
dsc02955.jpg
dsc02956.jpg
dsc02957.jpg
dsc02958.jpg
dsc02959.jpg
dsc02960.jpg
dsc02961.jpg
dsc02962.jpg
dsc02963.jpg
dsc02964.jpg
dsc02965.jpg
dsc02966.jpg
dsc02967.jpg
dsc02968.jpg
dsc02969.jpg
dsc02970.jpg
dsc02971.jpg
dsc02972.jpg
dsc02973.jpg
dsc02974.jpg
dsc02975.jpg
dsc02976.jpg
dsc02977.jpg
dsc02978.jpg
dsc02979.jpg
dsc02980.jpg
dsc02981.jpg
dsc02982.jpg
dsc02983.jpg
dsc02984.jpg
dsc02985.jpg
dsc02986.jpg
dsc02987.jpg
dsc02988.jpg
dsc02989.jpg
dsc02990.jpg
dsc02991.jpg
dsc02992.jpg
dsc02993.jpg
dsc02994.jpg

setup_022/field_022/jpeg:
dsc02995.jpg
dsc02996.jpg
dsc02997.jpg
dsc02998.jpg
dsc02999.jpg
dsc03000.jpg
dsc03001.jpg
dsc03002.jpg
dsc03003.jpg
dsc03004.jpg
dsc03005.jpg
dsc03006.jpg
dsc03007.jpg
dsc03008.jpg
dsc03009.jpg
dsc03010.jpg
dsc03011.jpg
dsc03012.jpg
dsc03013.jpg
dsc03014.jpg
dsc03015.jpg
dsc03016.jpg
dsc03017.jpg
dsc03018.jpg
dsc03019.jpg
dsc03020.jpg
dsc03021.jpg
dsc03022.jpg
dsc03023.jpg
dsc03024.jpg
dsc03025.jpg
dsc03026.jpg
dsc03027.jpg
dsc03028.jpg
dsc03029.jpg
dsc03030.jpg
dsc03031.jpg
dsc03032.jpg
dsc03033.jpg
dsc03034.jpg
dsc03035.jpg
dsc03036.jpg
dsc03037.jpg
dsc03038.jpg
dsc03039.jpg
dsc03040.jpg
dsc03041.jpg
dsc03042.jpg
dsc03043.jpg
dsc03044.jpg
dsc03045.jpg
dsc03046.jpg
dsc03047.jpg
dsc03048.jpg
dsc03049.jpg
dsc03050.jpg
dsc03051.jpg
dsc03052.jpg
dsc03053.jpg
dsc03054.jpg
dsc03055.jpg
dsc03056.jpg
dsc03057.jpg
dsc03058.jpg
dsc03059.jpg
dsc03060.jpg
dsc03061.jpg
dsc03062.jpg
dsc03063.jpg
dsc03064.jpg
dsc03065.jpg
dsc03066.jpg
dsc03067.jpg
dsc03068.jpg
dsc03069.jpg
dsc03070.jpg
dsc03071.jpg
dsc03072.jpg
dsc03073.jpg
dsc03074.jpg
dsc03075.jpg
dsc03076.jpg
dsc03077.jpg
dsc03078.jpg
dsc03079.jpg
dsc03080.jpg
dsc03081.jpg
dsc03082.jpg
dsc03083.jpg
dsc03084.jpg
dsc03085.jpg
dsc03086.jpg
dsc03087.jpg
dsc03088.jpg
dsc03089.jpg
dsc03090.jpg
dsc03091.jpg
dsc03092.jpg
dsc03093.jpg
dsc03094.jpg
dsc03095.jpg
dsc03096.jpg
dsc03097.jpg
dsc03098.jpg
dsc03099.jpg
dsc03100.jpg
dsc03101.jpg
dsc03102.jpg
dsc03103.jpg
dsc03104.jpg
dsc03105.jpg
dsc03106.jpg
dsc03107.jpg
dsc03108.jpg
dsc03109.jpg
dsc03110.jpg
dsc03111.jpg
dsc03112.jpg
dsc03113.jpg
dsc03114.jpg
dsc03115.jpg
dsc03116.jpg
dsc03117.jpg
dsc03118.jpg
dsc03119.jpg
dsc03120.jpg
dsc03121.jpg
dsc03122.jpg
dsc03123.jpg
dsc03124.jpg
dsc03125.jpg
dsc03126.jpg
dsc03127.jpg
dsc03128.jpg
dsc03129.jpg
dsc03130.jpg
dsc03131.jpg
dsc03132.jpg
dsc03133.jpg
dsc03134.jpg
dsc03135.jpg
dsc03136.jpg
dsc03137.jpg
dsc03138.jpg
dsc03139.jpg
dsc03140.jpg
dsc03141.jpg
dsc03142.jpg
dsc03143.jpg
dsc03144.jpg
dsc03145.jpg
dsc03146.jpg
dsc03147.jpg
dsc03148.jpg
dsc03149.jpg
dsc03150.jpg
dsc03151.jpg
dsc03152.jpg
dsc03153.jpg
dsc03154.jpg
dsc03155.jpg
dsc03156.jpg
dsc03157.jpg
dsc03158.jpg
dsc03159.jpg
dsc03160.jpg
dsc03161.jpg
dsc03162.jpg
dsc03163.jpg
dsc03164.jpg
dsc03165.jpg
dsc03166.jpg
dsc03167.jpg
dsc03168.jpg
dsc03169.jpg
dsc03170.jpg
dsc03171.jpg
dsc03172.jpg
dsc03173.jpg
dsc03174.jpg
dsc03175.jpg
dsc03176.jpg
dsc03177.jpg
dsc03178.jpg
dsc03179.jpg
dsc03180.jpg
dsc03181.jpg
dsc03182.jpg
dsc03183.jpg
dsc03184.jpg
dsc03185.jpg
dsc03186.jpg
dsc03187.jpg
dsc03188.jpg
dsc03189.jpg
dsc03190.jpg
dsc03191.jpg
dsc03192.jpg
dsc03193.jpg

setup_023/field_023/jpeg:
dsc03194.jpg
dsc03195.jpg
dsc03196.jpg
dsc03197.jpg
dsc03198.jpg
dsc03199.jpg
dsc03200.jpg
dsc03201.jpg
dsc03202.jpg
dsc03203.jpg
dsc03204.jpg
dsc03205.jpg
dsc03206.jpg
dsc03207.jpg
dsc03208.jpg
dsc03209.jpg
dsc03210.jpg
dsc03211.jpg
dsc03212.jpg
dsc03213.jpg
dsc03214.jpg
dsc03215.jpg
dsc03216.jpg
dsc03217.jpg
dsc03218.jpg
dsc03219.jpg
dsc03220.jpg
dsc03221.jpg
dsc03222.jpg
dsc03223.jpg
dsc03224.jpg
dsc03225.jpg
dsc03226.jpg
dsc03227.jpg
dsc03228.jpg
dsc03229.jpg
dsc03230.jpg
dsc03231.jpg
dsc03232.jpg
dsc03233.jpg
dsc03234.jpg
dsc03235.jpg
dsc03236.jpg
dsc03237.jpg
dsc03238.jpg
dsc03239.jpg
dsc03240.jpg
dsc03241.jpg
dsc03242.jpg
dsc03243.jpg
dsc03244.jpg
dsc03245.jpg
dsc03246.jpg
dsc03247.jpg
dsc03248.jpg
dsc03249.jpg
dsc03250.jpg
dsc03251.jpg
dsc03252.jpg
dsc03253.jpg
dsc03254.jpg
dsc03255.jpg
dsc03256.jpg
dsc03257.jpg
dsc03258.jpg
dsc03259.jpg
dsc03260.jpg
dsc03261.jpg
dsc03262.jpg
dsc03263.jpg
dsc03264.jpg
dsc03265.jpg
dsc03266.jpg
dsc03267.jpg
dsc03268.jpg
dsc03269.jpg
dsc03270.jpg
dsc03271.jpg
dsc03272.jpg
dsc03273.jpg
dsc03274.jpg
dsc03275.jpg
dsc03276.jpg
dsc03277.jpg
dsc03278.jpg
dsc03279.jpg
dsc03280.jpg
dsc03281.jpg
dsc03282.jpg
dsc03283.jpg
dsc03284.jpg
dsc03285.jpg
dsc03286.jpg
dsc03287.jpg
dsc03288.jpg
dsc03289.jpg
dsc03290.jpg
dsc03291.jpg
dsc03292.jpg
dsc03293.jpg
dsc03294.jpg
dsc03295.jpg
dsc03296.jpg
dsc03297.jpg
dsc03298.jpg
dsc03299.jpg
dsc03300.jpg
dsc03301.jpg
dsc03302.jpg
dsc03303.jpg
dsc03304.jpg
dsc03305.jpg
dsc03306.jpg
dsc03307.jpg
dsc03308.jpg
dsc03309.jpg
dsc03310.jpg
dsc03311.jpg
dsc03312.jpg
dsc03313.jpg
dsc03314.jpg
dsc03315.jpg
dsc03316.jpg
dsc03317.jpg
dsc03318.jpg
dsc03319.jpg
dsc03320.jpg
dsc03321.jpg
dsc03322.jpg
dsc03323.jpg
dsc03324.jpg
dsc03325.jpg
dsc03326.jpg
dsc03327.jpg
dsc03328.jpg
dsc03329.jpg
dsc03330.jpg
dsc03331.jpg
dsc03332.jpg
dsc03333.jpg
dsc03334.jpg
dsc03335.jpg
dsc03336.jpg
dsc03337.jpg
dsc03338.jpg
dsc03339.jpg
dsc03340.jpg
dsc03341.jpg

setup_024/field_024/jpeg:
dsc03342.jpg
dsc03343.jpg
dsc03344.jpg
dsc03345.jpg
dsc03346.jpg
dsc03347.jpg
dsc03348.jpg
dsc03349.jpg
dsc03350.jpg
dsc03351.jpg
dsc03352.jpg
dsc03353.jpg
dsc03354.jpg
dsc03355.jpg
dsc03356.jpg
dsc03357.jpg
dsc03358.jpg
dsc03359.jpg
dsc03360.jpg
dsc03361.jpg
dsc03362.jpg
dsc03363.jpg
dsc03364.jpg
dsc03365.jpg
dsc03366.jpg
dsc03367.jpg
dsc03368.jpg
dsc03369.jpg
dsc03370.jpg
dsc03371.jpg
dsc03372.jpg
dsc03373.jpg
dsc03374.jpg
dsc03375.jpg
dsc03376.jpg
dsc03377.jpg
dsc03378.jpg
dsc03379.jpg
dsc03380.jpg
dsc03381.jpg
dsc03382.jpg
dsc03383.jpg
dsc03384.jpg
dsc03385.jpg
dsc03386.jpg
dsc03387.jpg
dsc03388.jpg
dsc03389.jpg
dsc03390.jpg
dsc03391.jpg
dsc03392.jpg
dsc03393.jpg
dsc03394.jpg
dsc03395.jpg
dsc03396.jpg
dsc03397.jpg
dsc03398.jpg
dsc03399.jpg
dsc03400.jpg
dsc03401.jpg
dsc03402.jpg
dsc03403.jpg
dsc03404.jpg
dsc03405.jpg
dsc03406.jpg
dsc03407.jpg
dsc03408.jpg
dsc03409.jpg
dsc03410.jpg
dsc03411.jpg
dsc03412.jpg
dsc03413.jpg
dsc03414.jpg
dsc03415.jpg
dsc03416.jpg
dsc03417.jpg
dsc03418.jpg
dsc03419.jpg
dsc03420.jpg
dsc03421.jpg
dsc03422.jpg
dsc03423.jpg
dsc03424.jpg
dsc03425.jpg
dsc03426.jpg
dsc03427.jpg
dsc03428.jpg
dsc03429.jpg
dsc03430.jpg
dsc03431.jpg
dsc03432.jpg
dsc03433.jpg
dsc03434.jpg
dsc03435.jpg
dsc03436.jpg
dsc03437.jpg
dsc03438.jpg
dsc03439.jpg
dsc03440.jpg
dsc03441.jpg
dsc03442.jpg
dsc03443.jpg
dsc03444.jpg
dsc03445.jpg
dsc03446.jpg
dsc03447.jpg
dsc03448.jpg
dsc03449.jpg
dsc03450.jpg
dsc03451.jpg
dsc03452.jpg
dsc03453.jpg
dsc03454.jpg
dsc03455.jpg
dsc03456.jpg
dsc03457.jpg
dsc03458.jpg
dsc03459.jpg
dsc03460.jpg
dsc03461.jpg
dsc03462.jpg
dsc03463.jpg
dsc03464.jpg
dsc03465.jpg
dsc03466.jpg
dsc03467.jpg
dsc03468.jpg
dsc03469.jpg
dsc03470.jpg
dsc03471.jpg

setup_025/field_025/jpeg:
dsc03474.jpg
dsc03475.jpg
dsc03476.jpg
dsc03477.jpg
dsc03478.jpg
dsc03479.jpg
dsc03480.jpg
dsc03481.jpg
dsc03482.jpg
dsc03483.jpg
dsc03484.jpg
dsc03485.jpg
dsc03486.jpg
dsc03487.jpg
dsc03488.jpg
dsc03489.jpg
dsc03490.jpg
dsc03491.jpg
dsc03492.jpg
dsc03493.jpg
dsc03494.jpg
dsc03495.jpg
dsc03496.jpg
dsc03497.jpg
dsc03498.jpg
dsc03499.jpg
dsc03500.jpg
dsc03501.jpg
dsc03502.jpg
dsc03503.jpg
dsc03504.jpg
dsc03505.jpg
dsc03506.jpg
dsc03507.jpg
dsc03508.jpg
dsc03509.jpg
dsc03510.jpg
dsc03511.jpg
dsc03512.jpg
dsc03513.jpg
dsc03514.jpg
dsc03515.jpg
dsc03516.jpg
dsc03517.jpg
dsc03518.jpg
dsc03519.jpg
dsc03520.jpg
dsc03521.jpg
dsc03522.jpg
dsc03523.jpg
dsc03524.jpg
dsc03525.jpg
dsc03526.jpg
dsc03527.jpg
dsc03528.jpg
dsc03529.jpg
dsc03530.jpg
dsc03531.jpg
dsc03532.jpg
dsc03533.jpg
dsc03534.jpg
dsc03535.jpg
dsc03536.jpg
dsc03537.jpg
dsc03538.jpg
dsc03539.jpg
dsc03540.jpg
dsc03541.jpg
dsc03542.jpg
dsc03543.jpg
dsc03544.jpg
dsc03545.jpg
dsc03546.jpg
dsc03547.jpg
dsc03548.jpg
dsc03549.jpg
dsc03550.jpg
dsc03551.jpg
dsc03552.jpg
dsc03553.jpg
dsc03554.jpg
dsc03555.jpg
dsc03556.jpg
dsc03557.jpg
dsc03558.jpg
dsc03559.jpg
dsc03560.jpg
dsc03561.jpg
dsc03562.jpg
dsc03563.jpg
dsc03564.jpg
dsc03565.jpg
dsc03566.jpg
dsc03567.jpg
dsc03568.jpg
dsc03569.jpg
dsc03570.jpg
dsc03571.jpg
dsc03572.jpg
dsc03573.jpg
dsc03574.jpg
dsc03575.jpg
dsc03576.jpg
dsc03577.jpg
dsc03578.jpg
dsc03579.jpg
dsc03580.jpg
dsc03581.jpg
dsc03582.jpg
dsc03583.jpg
dsc03584.jpg
dsc03585.jpg
dsc03586.jpg
dsc03587.jpg
dsc03588.jpg
dsc03589.jpg
dsc03590.jpg
dsc03591.jpg
dsc03592.jpg
dsc03593.jpg
dsc03594.jpg
dsc03595.jpg
dsc03596.jpg
dsc03597.jpg
dsc03598.jpg
dsc03599.jpg
dsc03600.jpg
dsc03601.jpg
dsc03602.jpg
dsc03603.jpg
dsc03604.jpg
dsc03605.jpg
dsc03606.jpg
dsc03607.jpg
dsc03608.jpg
dsc03609.jpg
dsc03610.jpg
dsc03611.jpg
dsc03612.jpg
dsc03613.jpg
dsc03614.jpg
dsc03615.jpg
dsc03616.jpg
dsc03617.jpg
dsc03618.jpg
dsc03619.jpg
dsc03620.jpg
dsc03621.jpg
dsc03622.jpg
dsc03623.jpg
dsc03624.jpg
dsc03625.jpg
dsc03626.jpg
dsc03627.jpg
dsc03628.jpg
dsc03629.jpg
dsc03630.jpg
dsc03631.jpg
dsc03632.jpg
dsc03633.jpg
dsc03634.jpg
dsc03635.jpg
dsc03636.jpg
dsc03637.jpg
dsc03638.jpg
dsc03639.jpg
dsc03640.jpg
dsc03641.jpg
dsc03642.jpg
dsc03643.jpg
dsc03644.jpg
dsc03645.jpg
dsc03646.jpg
dsc03647.jpg
dsc03648.jpg
dsc04018.jpg
dsc04019.jpg
dsc04020.jpg
dsc04021.jpg
dsc04022.jpg
dsc04023.jpg
dsc04024.jpg
dsc04025.jpg
dsc04026.jpg
dsc04027.jpg
dsc04028.jpg
dsc04029.jpg
dsc04030.jpg
dsc04031.jpg
dsc04032.jpg
dsc04033.jpg
dsc04034.jpg
dsc04035.jpg
dsc04036.jpg
dsc04037.jpg
dsc04038.jpg
dsc04039.jpg
dsc04040.jpg
dsc04041.jpg
dsc04042.jpg
dsc04043.jpg
dsc04044.jpg
dsc04045.jpg
dsc04046.jpg
dsc04047.jpg
dsc04048.jpg
dsc04049.jpg
dsc04050.jpg
dsc04051.jpg
dsc04052.jpg
dsc04053.jpg
dsc04054.jpg
dsc04055.jpg
dsc04056.jpg
dsc04057.jpg
dsc04058.jpg
dsc04059.jpg
dsc04060.jpg
dsc04061.jpg
dsc04062.jpg
dsc04063.jpg
dsc04064.jpg
dsc04065.jpg
dsc04066.jpg
dsc04067.jpg
dsc04068.jpg
dsc04069.jpg
dsc04070.jpg
dsc04071.jpg
dsc04072.jpg
dsc04073.jpg
dsc04074.jpg
dsc04075.jpg
dsc04076.jpg
dsc04077.jpg
dsc04078.jpg
dsc04079.jpg
dsc04080.jpg
dsc04081.jpg
dsc04082.jpg
dsc04083.jpg
dsc04084.jpg
dsc04085.jpg
dsc04086.jpg
dsc04087.jpg
dsc04088.jpg
dsc04089.jpg
dsc04090.jpg
dsc04091.jpg
dsc04092.jpg
dsc04093.jpg
dsc04094.jpg
dsc04095.jpg
dsc04096.jpg
dsc04097.jpg
dsc04098.jpg
dsc04099.jpg
dsc04100.jpg
dsc04101.jpg
dsc04102.jpg
dsc04103.jpg
dsc04104.jpg
dsc04105.jpg
dsc04106.jpg
dsc04107.jpg
dsc04108.jpg
dsc04109.jpg
dsc04110.jpg
dsc04111.jpg
dsc04112.jpg
dsc04113.jpg
dsc04114.jpg
dsc04115.jpg
dsc04116.jpg
dsc04117.jpg
dsc04118.jpg
dsc04119.jpg
dsc04120.jpg
dsc04121.jpg
dsc04122.jpg
dsc04123.jpg
dsc04124.jpg
dsc04125.jpg
dsc04126.jpg
dsc04127.jpg
dsc04128.jpg
dsc04129.jpg
dsc04130.jpg
dsc04131.jpg
dsc04132.jpg
dsc04133.jpg
dsc04134.jpg
dsc04135.jpg
dsc04136.jpg
dsc04137.jpg
dsc04138.jpg
dsc04139.jpg
dsc04140.jpg
dsc04141.jpg
dsc04142.jpg
dsc04143.jpg
dsc04144.jpg
dsc04145.jpg
dsc04146.jpg
dsc04147.jpg
dsc04148.jpg
dsc04149.jpg
dsc04150.jpg
dsc04151.jpg
dsc04152.jpg
dsc04153.jpg
dsc04154.jpg
dsc04155.jpg
dsc04156.jpg
dsc04157.jpg
dsc04158.jpg
dsc04159.jpg
dsc04160.jpg
dsc04161.jpg
dsc04162.jpg
dsc04163.jpg
dsc04164.jpg
dsc04165.jpg
dsc04166.jpg
dsc04167.jpg

setup_026/field_026/jpeg:
dsc04169.jpg
dsc04170.jpg
dsc04171.jpg
dsc04190.jpg
dsc04192.jpg
dsc04193.jpg
dsc04194.jpg
dsc04195.jpg
dsc04209.jpg
dsc04210.jpg
dsc04214.jpg
dsc04215.jpg
dsc04216.jpg
dsc04217.jpg
dsc04218.jpg
dsc04219.jpg
dsc04220.jpg
dsc04221.jpg
dsc04222.jpg
dsc04223.jpg
dsc04224.jpg
dsc04225.jpg
dsc04226.jpg
dsc04227.jpg
dsc04228.jpg
dsc04229.jpg
dsc04230.jpg
dsc04231.jpg
dsc04232.jpg
dsc04233.jpg
dsc04234.jpg
dsc04235.jpg
dsc04236.jpg
dsc04237.jpg
dsc04238.jpg
dsc04239.jpg
dsc04240.jpg
dsc04241.jpg
dsc04242.jpg
dsc04243.jpg
dsc04244.jpg
dsc04245.jpg
dsc04246.jpg
dsc04247.jpg
dsc04248.jpg
dsc04249.jpg
dsc04250.jpg
dsc04251.jpg
dsc04252.jpg
dsc04253.jpg
dsc04254.jpg
dsc04255.jpg
dsc04256.jpg
dsc04257.jpg
dsc04258.jpg
dsc04259.jpg
dsc04260.jpg
dsc04261.jpg
dsc04262.jpg
dsc04263.jpg
dsc04264.jpg
dsc04265.jpg
dsc04266.jpg
dsc04267.jpg
dsc04268.jpg
dsc04269.jpg
dsc04270.jpg
dsc04271.jpg
dsc04272.jpg
dsc04273.jpg
dsc04274.jpg
dsc04275.jpg
dsc04276.jpg
dsc04277.jpg
dsc04278.jpg
dsc04279.jpg
dsc04280.jpg
dsc04281.jpg
dsc04282.jpg
dsc04283.jpg
dsc04284.jpg
dsc04285.jpg
dsc04286.jpg
dsc04287.jpg
dsc04288.jpg
dsc04289.jpg
dsc04290.jpg
dsc04291.jpg
dsc04292.jpg
dsc04293.jpg
dsc04294.jpg
dsc04295.jpg
dsc04296.jpg
dsc04297.jpg
dsc04298.jpg
dsc04299.jpg
dsc04300.jpg
dsc04301.jpg
dsc04302.jpg
dsc04303.jpg
dsc04304.jpg
dsc04305.jpg
dsc04306.jpg
dsc04307.jpg
dsc04308.jpg
dsc04309.jpg
dsc04310.jpg
dsc04311.jpg
dsc04312.jpg
dsc04313.jpg
dsc04314.jpg
dsc04315.jpg
dsc04316.jpg
dsc04317.jpg
dsc04318.jpg
dsc04319.jpg
dsc04320.jpg
dsc04321.jpg
dsc04322.jpg
dsc04332.jpg
dsc04333.jpg
dsc04334.jpg
dsc04335.jpg
dsc04336.jpg
dsc04337.jpg
dsc04338.jpg
dsc04339.jpg
dsc04340.jpg
dsc04341.jpg
dsc04342.jpg
dsc04343.jpg
dsc04344.jpg
dsc04345.jpg
dsc04346.jpg
dsc04347.jpg
dsc04348.jpg
dsc04349.jpg
dsc04350.jpg
dsc04351.jpg
dsc04352.jpg
dsc04353.jpg
dsc04354.jpg
dsc04355.jpg
dsc04356.jpg
dsc04357.jpg
dsc04358.jpg
dsc04360.jpg
dsc04361.jpg
dsc04362.jpg
dsc04363.jpg
dsc04364.jpg
dsc04365.jpg
dsc04366.jpg
dsc04367.jpg
dsc04368.jpg
dsc04369.jpg
dsc04370.jpg
dsc04372.jpg
dsc04373.jpg
dsc04393.jpg
dsc04394.jpg
dsc04395.jpg
dsc04396.jpg
dsc04397.jpg
dsc04398.jpg
dsc04399.jpg
dsc04400.jpg
dsc04401.jpg
dsc04402.jpg
dsc04403.jpg
dsc04404.jpg
dsc04405.jpg
dsc04406.jpg
dsc04407.jpg
dsc04408.jpg
dsc04409.jpg
dsc04410.jpg

setup_027/field_027/jpeg:
opencv_frame_0.png
opencv_frame_10.png
opencv_frame_11.png
opencv_frame_12.png
opencv_frame_13.png
opencv_frame_14.png
opencv_frame_15.png
opencv_frame_16.png
opencv_frame_17.png
opencv_frame_18.png
opencv_frame_19.png
opencv_frame_1.png
opencv_frame_20.png
opencv_frame_21.png
opencv_frame_22.png
opencv_frame_23.png
opencv_frame_24.png
opencv_frame_25.png
opencv_frame_26.png
opencv_frame_27.png
opencv_frame_28.png
opencv_frame_29.png
opencv_frame_2.png
opencv_frame_30.png
opencv_frame_3.png
opencv_frame_4.png
opencv_frame_5.png
opencv_frame_6.png
opencv_frame_7.png
opencv_frame_8.png
opencv_frame_9.png
Thumbs.db

setup_028/field_028/jpeg:
dsc03923.jpg
dsc03924.jpg
dsc03925.jpg
dsc03926.jpg
dsc03927.jpg
dsc03928.jpg
dsc03929.jpg
dsc03930.jpg
dsc03931.jpg
dsc03935.jpg
dsc03936.jpg
dsc03937.jpg
dsc03938.jpg
dsc03939.jpg
dsc03940.jpg
dsc03941.jpg
dsc03942.jpg
dsc03943.jpg
dsc03944.jpg
dsc03945.jpg
dsc03946.jpg
dsc03947.jpg
dsc03948.jpg
dsc03949.jpg
dsc03950.jpg
dsc03951.jpg
dsc03952.jpg
dsc03953.jpg
dsc03954.jpg
dsc03955.jpg
dsc03956.jpg
dsc03957.jpg
dsc03958.jpg
dsc03959.jpg
dsc03960.jpg
dsc03961.jpg
dsc03962.jpg
dsc03963.jpg
dsc03964.jpg
dsc03965.jpg
dsc03966.jpg
dsc03967.jpg
dsc03968.jpg
dsc03969.jpg
dsc03970.jpg
dsc03971.jpg
dsc03972.jpg
dsc03973.jpg
dsc03974.jpg
dsc03975.jpg
dsc03976.jpg
dsc03977.jpg
dsc03978.jpg
dsc03979.jpg
dsc03980.jpg
dsc03981.jpg
dsc03982.jpg
dsc03983.jpg
dsc03984.jpg
dsc03985.jpg
dsc03986.jpg
dsc03987.jpg
dsc03988.jpg
dsc03989.jpg
dsc03990.jpg
dsc03991.jpg
dsc03992.jpg
dsc03993.jpg
dsc03994.jpg
dsc03995.jpg
dsc03996.jpg
dsc03997.jpg
dsc03998.jpg
dsc03999.jpg
dsc04000.jpg
dsc04001.jpg
dsc04002.jpg
dsc04003.jpg
dsc04004.jpg
dsc04005.jpg
dsc04006.jpg
dsc04007.jpg
dsc04008.jpg
dsc04009.jpg
dsc04010.jpg
dsc04011.jpg
dsc04012.jpg
dsc04013.jpg
dsc04014.jpg
dsc04015.jpg
dsc04016.jpg
dsc04017.jpg

setup_029/field_029/jpeg:
dsc03649.jpg
dsc03650.jpg
dsc03651.jpg
dsc03652.jpg
dsc03653.jpg
dsc03654.jpg
dsc03655.jpg
dsc03656.jpg
dsc03657.jpg
dsc03658.jpg
dsc03659.jpg
dsc03660.jpg
dsc03661.jpg
dsc03662.jpg
dsc03663.jpg
dsc03664.jpg
dsc03665.jpg
dsc03666.jpg
dsc03667.jpg
dsc03668.jpg
dsc03669.jpg
dsc03670.jpg
dsc03671.jpg
dsc03672.jpg
dsc03673.jpg
dsc03674.jpg
dsc03675.jpg
dsc03676.jpg
dsc03677.jpg
dsc03678.jpg
dsc03679.jpg
dsc03680.jpg
dsc03681.jpg
dsc03682.jpg
dsc03683.jpg
dsc03684.jpg
dsc03685.jpg
dsc03686.jpg
dsc03687.jpg
dsc03688.jpg
dsc03689.jpg
dsc03690.jpg
dsc03691.jpg
dsc03692.jpg
dsc03693.jpg
dsc03694.jpg
dsc03695.jpg
dsc03696.jpg
dsc03697.jpg
dsc03698.jpg
dsc03699.jpg
dsc03700.jpg
dsc03701.jpg
dsc03702.jpg
dsc03703.jpg
dsc03704.jpg
dsc03705.jpg
dsc03706.jpg
dsc03707.jpg
dsc03708.jpg
dsc03709.jpg
dsc03710.jpg
dsc03711.jpg
dsc03712.jpg
dsc03713.jpg
dsc03714.jpg
dsc03715.jpg
dsc03716.jpg
dsc03717.jpg
dsc03718.jpg
dsc03719.jpg
dsc03720.jpg
dsc03721.jpg
dsc03722.jpg
dsc03723.jpg
dsc03724.jpg
dsc03725.jpg
dsc03726.jpg
dsc03727.jpg
dsc03728.jpg
dsc03729.jpg
dsc03730.jpg
dsc03731.jpg
dsc03732.jpg
dsc03733.jpg
dsc03734.jpg
dsc03735.jpg
dsc03736.jpg
dsc03737.jpg
dsc03738.jpg
dsc03739.jpg
dsc03740.jpg
dsc03741.jpg
dsc03742.jpg
dsc03743.jpg
dsc03744.jpg
dsc03745.jpg
dsc03746.jpg
dsc03747.jpg
dsc03748.jpg
dsc03749.jpg
dsc03750.jpg
dsc03751.jpg
dsc03752.jpg
dsc03753.jpg
dsc03754.jpg
dsc03755.jpg
dsc03756.jpg
dsc03757.jpg
dsc03758.jpg
dsc03759.jpg
dsc03760.jpg
dsc03761.jpg
dsc03762.jpg
dsc03763.jpg
dsc03764.jpg
dsc03765.jpg
dsc03766.jpg
dsc03767.jpg
dsc03768.jpg
dsc03769.jpg
dsc03770.jpg
dsc03771.jpg
dsc03772.jpg
dsc03773.jpg
dsc03774.jpg
dsc03775.jpg
dsc03776.jpg
dsc03777.jpg
dsc03778.jpg
dsc03779.jpg
dsc03780.jpg
dsc03781.jpg
dsc03782.jpg
dsc03783.jpg
dsc03784.jpg
dsc03785.jpg
dsc03786.jpg
dsc03787.jpg
dsc03788.jpg
dsc03789.jpg
dsc03790.jpg
dsc03791.jpg
dsc03792.jpg
dsc03793.jpg
dsc03794.jpg
dsc03795.jpg
dsc03796.jpg
dsc03797.jpg
dsc03798.jpg
dsc03799.jpg
dsc03800.jpg
dsc03801.jpg
dsc03802.jpg
dsc03803.jpg
dsc03804.jpg
dsc03805.jpg
dsc03806.jpg
dsc03807.jpg
dsc03808.jpg
dsc03809.jpg
dsc03810.jpg
dsc03811.jpg
dsc03812.jpg
dsc03813.jpg
dsc03814.jpg
dsc03815.jpg
dsc03816.jpg
dsc03817.jpg
dsc03818.jpg
dsc03819.jpg
dsc03820.jpg
dsc03821.jpg
dsc03822.jpg
dsc03823.jpg
dsc03824.jpg
dsc03825.jpg
dsc03826.jpg
dsc03827.jpg
dsc03828.jpg
dsc03829.jpg
dsc03830.jpg
dsc03831.jpg
dsc03832.jpg
dsc03833.jpg
dsc03834.jpg
dsc03835.jpg
dsc03836.jpg
dsc03837.jpg
dsc03838.jpg
dsc03839.jpg
dsc03840.jpg
dsc03841.jpg
dsc03842.jpg
dsc03843.jpg
dsc03844.jpg
dsc03845.jpg
dsc03846.jpg
dsc03847.jpg
dsc03848.jpg
dsc03849.jpg
dsc03850.jpg
dsc03851.jpg
dsc03852.jpg
dsc03853.jpg
dsc03854.jpg
dsc03855.jpg
dsc03856.jpg
dsc03857.jpg
dsc03858.jpg
dsc03859.jpg
dsc03860.jpg
dsc03861.jpg
dsc03862.jpg
dsc03863.jpg
dsc03864.jpg
dsc03865.jpg
dsc03866.jpg
dsc03867.jpg
dsc03868.jpg
dsc03869.jpg
dsc03870.jpg
dsc03871.jpg
dsc03872.jpg
dsc03873.jpg
dsc03874.jpg
dsc03875.jpg
dsc03876.jpg
dsc03877.jpg
dsc03878.jpg
dsc03879.jpg
dsc03880.jpg
dsc03881.jpg
dsc03882.jpg
dsc03883.jpg
dsc03884.jpg
dsc03885.jpg
dsc03886.jpg
dsc03887.jpg
dsc03888.jpg
dsc03889.jpg
dsc03890.jpg
dsc03891.jpg
dsc03892.jpg
dsc03893.jpg
dsc03894.jpg
dsc03895.jpg
dsc03896.jpg
dsc03897.jpg
dsc03898.jpg
dsc03899.jpg
dsc03900.jpg
dsc03901.jpg
dsc03902.jpg
dsc03903.jpg
dsc03904.jpg
dsc03905.jpg
dsc03906.jpg
dsc03907.jpg
dsc03908.jpg
dsc03909.jpg
dsc03910.jpg
dsc03911.jpg
dsc03912.jpg
dsc03913.jpg
dsc03914.jpg
dsc03915.jpg
dsc03920.jpg
dsc03921.jpg
dsc03922.jpg
dsc03932.jpg
dsc03933.jpg
dsc03934.jpg

setup_030/field_030/jpeg:
dsc04172.jpg
dsc04173.jpg
dsc04174.jpg
dsc04175.jpg
dsc04176.jpg
dsc04177.jpg
dsc04178.jpg
dsc04179.jpg
dsc04180.jpg
dsc04181.jpg
dsc04182.jpg
dsc04183.jpg
dsc04184.jpg
dsc04185.jpg
dsc04186.jpg
dsc04187.jpg
dsc04188.jpg
dsc04189.jpg
dsc04196.jpg
dsc04197.jpg
dsc04198.jpg
dsc04199.jpg
dsc04200.jpg
dsc04201.jpg
dsc04202.jpg
dsc04203.jpg
dsc04204.jpg
dsc04205.jpg
dsc04206.jpg
dsc04207.jpg
dsc04208.jpg
dsc04211.jpg
dsc04212.jpg
dsc04213.jpg
dsc04323.jpg
dsc04324.jpg
dsc04325.jpg
dsc04326.jpg
dsc04327.jpg
dsc04328.jpg
dsc04329.jpg
dsc04330.jpg
dsc04359.jpg
dsc04371.jpg
dsc04374.jpg
dsc04375.jpg
dsc04376.jpg
dsc04377.jpg
dsc04378.jpg
dsc04379.jpg
dsc04380.jpg
dsc04381.jpg
dsc04382.jpg
dsc04383.jpg
dsc04384.jpg
dsc04385.jpg
dsc04386.jpg
dsc04387.jpg
dsc04388.jpg
dsc04389.jpg
dsc04390.jpg
dsc04391.jpg
dsc04392.jpg

setup_031/field_031/jpeg:

setup_032/field_032/jpeg:

setup_033/field_033/jpeg:

setup_034/field_034/jpeg:

setup_035/field_035/jpeg:

setup_036/field_036/jpeg:

setup_037/field_037/jpeg:

setup_038/field_038/jpeg:

setup_039/field_039/jpeg:
dsc02058.jpg
dsc02059.jpg
dsc02060.jpg
dsc02061.jpg
dsc02062.jpg
dsc02063.jpg
dsc02064.jpg
dsc02065.jpg
dsc02066.jpg
dsc02067.jpg
dsc02068.jpg
dsc02069.jpg
dsc02070.jpg
dsc02071.jpg
dsc02072.jpg
dsc02073.jpg
dsc02074.jpg
dsc02075.jpg
dsc02076.jpg
dsc02077.jpg
dsc02078.jpg
dsc02079.jpg
dsc02080.jpg
dsc02081.jpg
dsc02082.jpg
dsc02083.jpg
dsc02084.jpg
dsc02085.jpg
dsc02086.jpg
dsc02087.jpg
dsc02088.jpg
dsc02089.jpg
dsc02090.jpg
dsc02091.jpg
dsc02092.jpg
dsc02093.jpg
dsc02094.jpg
dsc02095.jpg
dsc02096.jpg
dsc02097.jpg
dsc02098.jpg
dsc02099.jpg
dsc02100.jpg
dsc02101.jpg
dsc02102.jpg
dsc02103.jpg
dsc02104.jpg
dsc02105.jpg
dsc02106.jpg
dsc02107.jpg
dsc02108.jpg
dsc02109.jpg
dsc02110.jpg
dsc02111.jpg
dsc02112.jpg
dsc02113.jpg
dsc02114.jpg
dsc02115.jpg
dsc02116.jpg
dsc02117.jpg
dsc02118.jpg
dsc02119.jpg
dsc02120.jpg
dsc02121.jpg
dsc02122.jpg
dsc02123.jpg
dsc02124.jpg
dsc02125.jpg
dsc02126.jpg
dsc02127.jpg
dsc02128.jpg
dsc02129.jpg
dsc02130.jpg
dsc02131.jpg
dsc02132.jpg
dsc02133.jpg
dsc02134.jpg
dsc02135.jpg
dsc02136.jpg
dsc02137.jpg
dsc02138.jpg
dsc02139.jpg
dsc02140.jpg
dsc02141.jpg
dsc02142.jpg
dsc02143.jpg
dsc02144.jpg
dsc02145.jpg
dsc02146.jpg
dsc02147.jpg
dsc02148.jpg
dsc02149.jpg
dsc02150.jpg
dsc02151.jpg
dsc02152.jpg
dsc02153.jpg
dsc02154.jpg
dsc02155.jpg
dsc02156.jpg
dsc02157.jpg
dsc02158.jpg
dsc02159.jpg
dsc02160.jpg
dsc02161.jpg
dsc02162.jpg
dsc02163.jpg
dsc02164.jpg
dsc02165.jpg
dsc02166.jpg
dsc02167.jpg
dsc02168.jpg
dsc02169.jpg
dsc02170.jpg
dsc02171.jpg
dsc02172.jpg
dsc02173.jpg
dsc02174.jpg
dsc02175.jpg
dsc02176.jpg
dsc02177.jpg
dsc02178.jpg
dsc02179.jpg
dsc02180.jpg
dsc02181.jpg
dsc02182.jpg
dsc02183.jpg
dsc02184.jpg
dsc02185.jpg
dsc02186.jpg
dsc02187.jpg
dsc02188.jpg
dsc02189.jpg
dsc02190.jpg
dsc02191.jpg
dsc02192.jpg
dsc02193.jpg
dsc02194.jpg
dsc02195.jpg
dsc02196.jpg
dsc02197.jpg
dsc02198.jpg
dsc02199.jpg
dsc02200.jpg
dsc02201.jpg
dsc02202.jpg
dsc02203.jpg
dsc02204.jpg
dsc02205.jpg
dsc02206.jpg
dsc02207.jpg
dsc02208.jpg
dsc02209.jpg
dsc02210.jpg
dsc02211.jpg
dsc02212.jpg
dsc02213.jpg
dsc02214.jpg
dsc02215.jpg
dsc02216.jpg
dsc02217.jpg
dsc02218.jpg
dsc02219.jpg
dsc02220.jpg
dsc02221.jpg
dsc02222.jpg
dsc02223.jpg
dsc02224.jpg
dsc02225.jpg
dsc02226.jpg
dsc02227.jpg
dsc02228.jpg
dsc02229.jpg
dsc02230.jpg
dsc02231.jpg
dsc02232.jpg
dsc02233.jpg
dsc02234.jpg
dsc02235.jpg
dsc02236.jpg
dsc02237.jpg
dsc02238.jpg
dsc02239.jpg
dsc02240.jpg
dsc02241.jpg
dsc02242.jpg
dsc02243.jpg
dsc02244.jpg
dsc02245.jpg
dsc02246.jpg
dsc02247.jpg
dsc02248.jpg
dsc02249.jpg
dsc02250.jpg
dsc02251.jpg
dsc02252.jpg
dsc02253.jpg
dsc02254.jpg
dsc02255.jpg
dsc02256.jpg
dsc02257.jpg
dsc02258.jpg
dsc02259.jpg
dsc02260.jpg
dsc02261.jpg
dsc02262.jpg
dsc02263.jpg
dsc02264.jpg
dsc02265.jpg
dsc02266.jpg
dsc02267.jpg
dsc02268.jpg
dsc02269.jpg
dsc02270.jpg
dsc02271.jpg
dsc02272.jpg
dsc02273.jpg
dsc02274.jpg
dsc02275.jpg
dsc02276.jpg
dsc02277.jpg
dsc02278.jpg
dsc02279.jpg
dsc02280.jpg
dsc02281.jpg
dsc02282.jpg
dsc02283.jpg
dsc02284.jpg
dsc02285.jpg
dsc02286.jpg
dsc02287.jpg
dsc02288.jpg
dsc02289.jpg
dsc02290.jpg
dsc02291.jpg
dsc02292.jpg
dsc02293.jpg
dsc02294.jpg
dsc02295.jpg
dsc02296.jpg
dsc02297.jpg
dsc02298.jpg
dsc02299.jpg
dsc02300.jpg
dsc02301.jpg
dsc02302.jpg
dsc02303.jpg
dsc02304.jpg
dsc02305.jpg
dsc02306.jpg
dsc02307.jpg
dsc02308.jpg

setup_040/field_040/jpeg:
20220614_131056.png
20220614_131057.png
20220614_131058.png
20220614_131059.png
20220614_131100.png
20220614_131101.png
20220614_131102.png
20220614_131103.png
20220614_131104.png
20220614_131105.png
20220614_131106.png
20220614_131107.png
20220614_131108.png
20220614_131109.png
Thumbs.db

setup_041/field_041/jpeg:
Cucumber_11.png
Cucumber_12.png
Cucumber_14.png
Cucumber_15.png
Cucumber_16.png
Cucumber_17.png
Cucumber_19.png
Cucumber_1.png
Cucumber_20.png
Cucumber_21.png
Cucumber_22.png
Cucumber_23.png
Cucumber_24.png
Cucumber_25.png
Cucumber_26.png
Cucumber_27.png
Cucumber_28.png
Cucumber_29.png
Cucumber_2.png
Cucumber_30.png
Cucumber_31.png
Cucumber_34.png
Cucumber_35.png
Cucumber_37.png
Cucumber_38.png
Cucumber_3.png
Cucumber_40.png
Cucumber_41.png
Cucumber_42.png
Cucumber_43.png
Cucumber_44.png
Cucumber_45.png
Cucumber_46.png
Cucumber_47.png
Cucumber_48.png
Cucumber_49.png
Cucumber_4.png
Cucumber_50.png
Cucumber_5.png
Cucumber_6.png
Cucumber_7.png
Cucumber_8.png
Cucumber_9.png
Thumbs.db

setup_042/field_042/jpeg:
20220614_131055.jpg
20220614_131056.jpg
20220614_131057.jpg
20220614_131058.jpg
20220614_131059.jpg
20220614_131100.jpg
20220614_131101.jpg
20220614_131102.jpg
20220614_131103.jpg
20220614_131104.jpg
20220614_131105.jpg
20220614_131106.jpg
20220614_131107.jpg
20220614_131108.jpg
20220614_131109.jpg
20220614_131110.jpg
20220614_131111.jpg
20220614_131112.jpg
20220614_131113.jpg
20220614_131115.jpg
20220614_131116.jpg
20220614_131117.jpg
20220614_131118.jpg
20220614_131119.jpg
20220614_131120.jpg
20220614_131121.jpg
20220614_131122.jpg
20220614_131124.jpg
20220614_131125.jpg
20220614_131126.jpg
20220614_131127.jpg
20220614_131128.jpg
20220614_131129.jpg
20220614_131130.jpg
20220614_131131.jpg
20220614_131132.jpg
20220614_131133.jpg
20220614_131134.jpg
20220614_131135.jpg
20220614_131136.jpg
20220614_131137.jpg
20220614_131139.jpg
20220614_131140.jpg
20220614_131141.jpg
20220614_131142.jpg
20220614_131143.jpg
20220614_131144.jpg
20220614_1311451.jpg
20220614_131145.jpg
20220614_131146.jpg
20220614_131148.jpg
20220614_131149.jpg
20220614_131150.jpg
20220614_1311511.jpg
20220614_131151.jpg
20220614_131152.jpg
20220614_131153.jpg
20220614_131154.jpg
20220614_131155.jpg
20220614_131156.jpg
20220614_131157.jpg
20220614_131158.jpg
20220614_131159.jpg
20220614_1312001.jpg
20220614_131200.jpg
20220614_131201.jpg
20220614_131202.jpg
20220614_131203.jpg
20220614_131204.jpg
20220614_131205.jpg
20220614_131206.jpg
20220614_131207.jpg
20220614_131208.jpg
20220614_131209.jpg
20220614_131210.jpg
20220614_131211.jpg
20220614_131212.jpg
20220614_1312131.jpg
20220614_131213.jpg
20220614_131214.jpg
20220614_131215.jpg
20220614_131216.jpg
20220614_131217.jpg
20220614_131218.jpg
20220614_131219.jpg
20220614_131220.jpg
20220614_131221.jpg
20220614_131222.jpg
20220614_131224.jpg
20220614_1312251.jpg
20220614_131225.jpg
20220614_131226.jpg
20220614_131227.jpg
20220614_131228.jpg
20220614_131229.jpg
20220614_131230.jpg
20220614_131231.jpg
20220614_131232.jpg
20220614_131233.jpg
20220614_131234.jpg
20220614_131235.jpg
20220614_131236.jpg
20220614_131237.jpg
20220614_131238.jpg
20220614_131239.jpg
20220614_131240.jpg
20220614_1312411.jpg
20220614_131241.jpg
20220614_131243.jpg
20220614_1312441.jpg
20220614_131244.jpg
20220614_131245.jpg
20220614_131246.jpg
20220614_131247.jpg
20220614_131248.jpg
20220614_131249.jpg
20220614_131250.jpg
20220614_131251.jpg
20220614_131252.jpg
20220614_131253.jpg
20220614_131254.jpg
20220614_131255.jpg
20220614_131256.jpg
20220614_131257.jpg
20220614_131258.jpg
20220614_131259.jpg
20220614_131300.jpg

setup_043/field_043/jpeg:
dsc01826.jpg
dsc01827.jpg
dsc01828.jpg
dsc01829.jpg
dsc01830.jpg
dsc01831.jpg
dsc01832.jpg
dsc01833.jpg
dsc01834.jpg
dsc01835.jpg
dsc01836.jpg
dsc01837.jpg
dsc01838.jpg
dsc01839.jpg
dsc01840.jpg
dsc01841.jpg
dsc01842.jpg
dsc01843.jpg
dsc01844.jpg
dsc01845.jpg
dsc01846.jpg
dsc01847.jpg
dsc01848.jpg
dsc01849.jpg
dsc01850.jpg
dsc01851.jpg
dsc01852.jpg
dsc01853.jpg
dsc01854.jpg
dsc01855.jpg
dsc01856.jpg
dsc01857.jpg
dsc01858.jpg
dsc01859.jpg
dsc01860.jpg
dsc01861.jpg
dsc01862.jpg
dsc01863.jpg
dsc01864.jpg
dsc01865.jpg
dsc01866.jpg
dsc01867.jpg
dsc01868.jpg
dsc01869.jpg
dsc01870.jpg
dsc01871.jpg
dsc01872.jpg
dsc01873.jpg
dsc01874.jpg
dsc01875.jpg
dsc01876.jpg
dsc01877.jpg
dsc01878.jpg
dsc01879.jpg
dsc01880.jpg
dsc01881.jpg
dsc01882.jpg
dsc01883.jpg
dsc01884.jpg
dsc01885.jpg
dsc01891.jpg
dsc01892.jpg
dsc01893.jpg
dsc01894.jpg
dsc01895.jpg
dsc01896.jpg
dsc01897.jpg
dsc01898.jpg
dsc01899.jpg
dsc01900.jpg
dsc01901.jpg
dsc01902.jpg
dsc01903.jpg
dsc01904.jpg
dsc01905.jpg
dsc01906.jpg
dsc01907.jpg
dsc01908.jpg
dsc01909.jpg
dsc01910.jpg
dsc01911.jpg
dsc01912.jpg
dsc01913.jpg
dsc01914.jpg
dsc01915.jpg
dsc01916.jpg
dsc01917.jpg
dsc01918.jpg
dsc01919.jpg
dsc01920.jpg
dsc01921.jpg
dsc01922.jpg
dsc01923.jpg
dsc01924.jpg
dsc01925.jpg
dsc01926.jpg
dsc01927.jpg
dsc01928.jpg
dsc01929.jpg
dsc01930.jpg
dsc01931.jpg
dsc01932.jpg
dsc01933.jpg
dsc01934.jpg
dsc01935.jpg
dsc01936.jpg
dsc01937.jpg
dsc01938.jpg
dsc01939.jpg
dsc01940.jpg
dsc01941.jpg
dsc01942.jpg
dsc01943.jpg
dsc01944.jpg
dsc01945.jpg
dsc01946.jpg
dsc01947.jpg
dsc01948.jpg
dsc01949.jpg
dsc01950.jpg
dsc01951.jpg
dsc01952.jpg
dsc01953.jpg
dsc01954.jpg
dsc01955.jpg
dsc01956.jpg
dsc01957.jpg
dsc01958.jpg
dsc01959.jpg
dsc01960.jpg
dsc01961.jpg
dsc01962.jpg
dsc01963.jpg
dsc01964.jpg
dsc01965.jpg
dsc01966.jpg
dsc01967.jpg
dsc01968.jpg
dsc01969.jpg
dsc01970.jpg
dsc01971.jpg
dsc01972.jpg
dsc01973.jpg
dsc01974.jpg
dsc01975.jpg
dsc01976.jpg
dsc01977.jpg
dsc01978.jpg
dsc01979.jpg
dsc01980.jpg
dsc01981.jpg
dsc01982.jpg
dsc01983.jpg
dsc01984.jpg
dsc01985.jpg
dsc01986.jpg
dsc01987.jpg
dsc01988.jpg
dsc01989.jpg
dsc01990.jpg
dsc01991.jpg
dsc01992.jpg
dsc01993.jpg
dsc01994.jpg
dsc01995.jpg
dsc01996.jpg
dsc01997.jpg
dsc01998.jpg
dsc01999.jpg
dsc02000.jpg
dsc02001.jpg
dsc02002.jpg
dsc02003.jpg
dsc02004.jpg
dsc02005.jpg
dsc02006.jpg
dsc02007.jpg
dsc02008.jpg
dsc02009.jpg
dsc02010.jpg
dsc02011.jpg
dsc02012.jpg
dsc02013.jpg
dsc02014.jpg
dsc02015.jpg
dsc02027.jpg
dsc02028.jpg
dsc02029.jpg
dsc02030.jpg
dsc02031.jpg
dsc02032.jpg
dsc02033.jpg
dsc02034.jpg
dsc02035.jpg

setup_044/field_044/jpeg:
dsc01886.jpg
dsc01887.jpg
dsc01888.jpg
dsc01889.jpg
dsc01890.jpg
dsc02016.jpg
dsc02017.jpg
dsc02018.jpg
dsc02019.jpg
dsc02020.jpg
dsc02021.jpg
dsc02022.jpg
dsc02023.jpg
dsc02024.jpg
dsc02025.jpg
dsc02026.jpg
dsc02036.jpg
dsc02037.jpg
dsc02038.jpg
dsc02039.jpg
dsc02040.jpg
dsc02041.jpg
dsc02042.jpg
dsc02043.jpg
dsc02044.jpg
dsc02045.jpg

setup_045/field_045/jpeg:

setup_049/field_049/jpeg:
20220614_134041.jpg
20220614_134042.jpg
20220614_134043.jpg
20220614_134044.jpg
20220614_134045.jpg
20220614_134046.jpg
20220614_1340471.jpg
20220614_134047.jpg
20220614_134048.jpg
20220614_134050.jpg
20220614_134051.jpg
20220614_134052.jpg
20220614_134053.jpg
20220614_134054.jpg
20220614_134055.jpg
20220614_134056.jpg
20220614_134058.jpg
20220614_134059.jpg
20220614_134100.jpg
20220614_134101.jpg
20220614_134102.jpg
20220614_134103.jpg
20220614_134104.jpg
20220614_134105.jpg
20220614_1341061.jpg
20220614_134106.jpg
20220614_134215.jpg
20220614_134217.jpg
20220614_134218.jpg
20220614_134220.jpg
20220614_134221.jpg
20220614_134223.jpg
20220614_134224.jpg
20220614_134225.jpg
20220614_134226.jpg
20220614_134229.jpg
20220614_134322.jpg
