setup_002/probe_002/_probe_000_unfinished/dsc01826.png
setup_002/probe_002/_probe_000_unfinished/dsc01827.png
setup_002/probe_002/_probe_000_unfinished/dsc01828.png
setup_002/probe_002/_probe_000_unfinished/dsc01829.png
setup_002/probe_002/_probe_000_unfinished/dsc01830.png
setup_002/probe_002/_probe_000_unfinished/dsc01831.png
setup_002/probe_002/_probe_000_unfinished/dsc01832.png
setup_002/probe_002/_probe_000_unfinished/dsc01833.png
setup_002/probe_002/_probe_000_unfinished/dsc01834.png
setup_002/probe_002/_probe_000_unfinished/dsc01836.png
setup_002/probe_002/_probe_000_unfinished/dsc01837.png
setup_002/probe_002/_probe_000_unfinished/dsc01838.png
setup_002/probe_002/_probe_000_unfinished/dsc01839.png
setup_002/probe_002/_probe_000_unfinished/dsc01840.png
setup_002/probe_002/_probe_000_unfinished/dsc01841.png
setup_002/probe_002/_probe_000_unfinished/dsc01843.png
setup_002/probe_002/_probe_000_unfinished/dsc01844.png
setup_002/probe_002/_probe_000_unfinished/dsc01845.png
setup_002/probe_002/_probe_000_unfinished/dsc01846.png
setup_002/probe_002/_probe_000_unfinished/dsc01848.png
setup_002/probe_002/_probe_000_unfinished/dsc01849.png
setup_002/probe_002/_probe_000_unfinished/dsc01850.png
setup_002/probe_002/_probe_000_unfinished/dsc01851.png
setup_002/probe_002/_probe_000_unfinished/dsc01852.png
setup_002/probe_002/_probe_000_unfinished/dsc01853.png
setup_002/probe_002/_probe_000_unfinished/dsc01854.png
setup_002/probe_002/_probe_000_unfinished/dsc01855.png
setup_002/probe_002/_probe_000_unfinished/dsc01856.png
setup_002/probe_002/_probe_000_unfinished/dsc01857.png
setup_002/probe_002/_probe_000_unfinished/dsc01859.png
setup_002/probe_002/_probe_000_unfinished/dsc01861.png
setup_002/probe_002/_probe_000_unfinished/dsc01862.png
setup_002/probe_002/_probe_000_unfinished/dsc01863.png
setup_002/probe_002/_probe_000_unfinished/dsc01865.png
setup_002/probe_002/_probe_000_unfinished/dsc01866.png
setup_002/probe_002/_probe_000_unfinished/dsc01867.png
setup_002/probe_002/_probe_000_unfinished/dsc01868.png
setup_002/probe_002/_probe_000_unfinished/dsc01869.png
setup_002/probe_002/_probe_000_unfinished/dsc01870.png
setup_002/probe_002/_probe_000_unfinished/dsc01872.png
setup_002/probe_002/_probe_000_unfinished/dsc01873.png
setup_002/probe_002/_probe_000_unfinished/dsc01874.png
setup_002/probe_002/_probe_000_unfinished/dsc01875.png
setup_002/probe_002/_probe_000_unfinished/dsc01877.png
setup_002/probe_002/_probe_000_unfinished/dsc01878.png
setup_002/probe_002/_probe_000_unfinished/dsc01880.png
setup_002/probe_002/_probe_000_unfinished/dsc01881.png
setup_002/probe_002/_probe_000_unfinished/dsc01882.png
setup_002/probe_002/_probe_000_unfinished/dsc01883.png
setup_002/probe_002/_probe_000_unfinished/dsc01885.png
setup_002/probe_002/_probe_000_unfinished/dsc01891.png
setup_002/probe_002/_probe_000_unfinished/dsc01892.png
setup_002/probe_002/_probe_000_unfinished/dsc01894.png
setup_002/probe_002/_probe_000_unfinished/dsc01895.png
setup_002/probe_002/_probe_000_unfinished/dsc01897.png
setup_002/probe_002/_probe_000_unfinished/dsc01898.png
setup_002/probe_002/_probe_000_unfinished/dsc01899.png
setup_002/probe_002/_probe_000_unfinished/dsc01900.png
setup_002/probe_002/_probe_000_unfinished/dsc01901.png
setup_002/probe_002/_probe_000_unfinished/dsc01903.png
setup_002/probe_002/_probe_000_unfinished/dsc01904.png
setup_002/probe_002/_probe_000_unfinished/dsc01905.png
setup_002/probe_002/_probe_000_unfinished/dsc01906.png
setup_002/probe_002/_probe_000_unfinished/dsc01907.png
setup_002/probe_002/_probe_000_unfinished/dsc01909.png
setup_002/probe_002/_probe_000_unfinished/dsc01910.png
setup_002/probe_002/_probe_000_unfinished/dsc01911.png
setup_002/probe_002/_probe_000_unfinished/dsc01912.png
setup_002/probe_002/_probe_000_unfinished/dsc01913.png
setup_002/probe_002/_probe_000_unfinished/dsc01914.png
setup_002/probe_002/_probe_000_unfinished/dsc01915.png
setup_002/probe_002/_probe_000_unfinished/dsc01917.png
setup_002/probe_002/_probe_000_unfinished/dsc01919.png
setup_002/probe_002/_probe_000_unfinished/dsc01920.png
setup_002/probe_002/_probe_000_unfinished/dsc01923.png
setup_002/probe_002/_probe_000_unfinished/dsc01924.png
setup_002/probe_002/_probe_000_unfinished/dsc01927.png
setup_002/probe_002/_probe_000_unfinished/dsc01928.png
setup_002/probe_002/_probe_000_unfinished/dsc01930.png
setup_002/probe_002/_probe_000_unfinished/dsc01931.png
setup_002/probe_002/_probe_000_unfinished/dsc01932.png
setup_002/probe_002/_probe_000_unfinished/dsc01933.png
setup_002/probe_002/_probe_000_unfinished/dsc01934.png
setup_002/probe_002/_probe_000_unfinished/dsc01935.png
setup_002/probe_002/_probe_000_unfinished/dsc01936.png
setup_002/probe_002/_probe_000_unfinished/dsc01937.png
setup_002/probe_002/_probe_000_unfinished/dsc01938.png
setup_002/probe_002/_probe_000_unfinished/dsc01939.png
setup_002/probe_002/_probe_000_unfinished/dsc01940.png
setup_002/probe_002/_probe_000_unfinished/dsc01941.png
setup_002/probe_002/_probe_000_unfinished/dsc01942.png
setup_002/probe_002/_probe_000_unfinished/dsc01943.png
setup_002/probe_002/_probe_000_unfinished/dsc01944.png
setup_002/probe_002/_probe_000_unfinished/dsc01945.png
setup_002/probe_002/_probe_000_unfinished/dsc01946.png
setup_002/probe_002/_probe_000_unfinished/dsc01947.png
setup_002/probe_002/_probe_000_unfinished/dsc01948.png
setup_002/probe_002/_probe_000_unfinished/dsc01949.png
setup_002/probe_002/_probe_000_unfinished/dsc01950.png
setup_002/probe_002/_probe_000_unfinished/dsc01951.png
setup_002/probe_002/_probe_000_unfinished/dsc01952.png
setup_002/probe_002/_probe_000_unfinished/dsc01953.png
setup_002/probe_002/_probe_000_unfinished/dsc01954.png
setup_002/probe_002/_probe_000_unfinished/dsc01955.png
setup_002/probe_002/_probe_000_unfinished/dsc01956.png
setup_002/probe_002/_probe_000_unfinished/dsc01957.png
setup_002/probe_002/_probe_000_unfinished/dsc01958.png
setup_002/probe_002/_probe_000_unfinished/dsc01959.png
setup_002/probe_002/_probe_000_unfinished/dsc01960.png
setup_002/probe_002/_probe_000_unfinished/dsc01961.png
setup_002/probe_002/_probe_000_unfinished/dsc01962.png
setup_002/probe_002/_probe_000_unfinished/dsc01963.png
setup_002/probe_002/_probe_000_unfinished/dsc01964.png
setup_002/probe_002/_probe_000_unfinished/dsc01965.png
setup_002/probe_002/_probe_000_unfinished/dsc01966.png
setup_002/probe_002/_probe_000_unfinished/dsc01967.png
setup_002/probe_002/_probe_000_unfinished/dsc01968.png
setup_002/probe_002/_probe_000_unfinished/dsc01969.png
setup_002/probe_002/_probe_000_unfinished/dsc01970.png
setup_002/probe_002/_probe_000_unfinished/dsc01971.png
setup_002/probe_002/_probe_000_unfinished/dsc01973.png
setup_002/probe_002/_probe_000_unfinished/dsc01974.png
setup_002/probe_002/_probe_000_unfinished/dsc01975.png
setup_002/probe_002/_probe_000_unfinished/dsc01977.png
setup_002/probe_002/_probe_000_unfinished/dsc01978.png
setup_002/probe_002/_probe_000_unfinished/dsc01979.png
setup_002/probe_002/_probe_000_unfinished/dsc01980.png
setup_002/probe_002/_probe_000_unfinished/dsc01981.png
setup_002/probe_002/_probe_000_unfinished/dsc01982.png
setup_002/probe_002/_probe_000_unfinished/dsc01983.png
setup_002/probe_002/_probe_000_unfinished/dsc01985.png
setup_002/probe_002/_probe_000_unfinished/dsc01986.png
setup_002/probe_002/_probe_000_unfinished/dsc01988.png
setup_002/probe_002/_probe_000_unfinished/dsc01989.png
setup_002/probe_002/_probe_000_unfinished/dsc01990.png
setup_002/probe_002/_probe_000_unfinished/dsc01991.png
setup_002/probe_002/_probe_000_unfinished/dsc01992.png
setup_002/probe_002/_probe_000_unfinished/dsc01993.png
setup_002/probe_002/_probe_000_unfinished/dsc01995.png
setup_002/probe_002/_probe_000_unfinished/dsc01996.png
setup_002/probe_002/_probe_000_unfinished/dsc01997.png
setup_002/probe_002/_probe_000_unfinished/dsc01998.png
setup_002/probe_002/_probe_000_unfinished/dsc01999.png
setup_002/probe_002/_probe_000_unfinished/dsc02000.png
setup_002/probe_002/_probe_000_unfinished/dsc02001.png
setup_002/probe_002/_probe_000_unfinished/dsc02002.png
setup_002/probe_002/_probe_000_unfinished/dsc02003.png
setup_002/probe_002/_probe_000_unfinished/dsc02004.png
setup_002/probe_002/_probe_000_unfinished/dsc02005.png
setup_002/probe_002/_probe_000_unfinished/dsc02006.png
setup_002/probe_002/_probe_000_unfinished/dsc02007.png
setup_002/probe_002/_probe_000_unfinished/dsc02009.png
setup_002/probe_002/_probe_000_unfinished/dsc02010.png
setup_002/probe_002/_probe_000_unfinished/dsc02012.png
setup_002/probe_002/_probe_000_unfinished/dsc02013.png
setup_002/probe_002/_probe_000_unfinished/dsc02014.png
setup_002/probe_002/_probe_000_unfinished/dsc02015.png
setup_002/probe_002/_probe_000_unfinished/dsc02027.png
setup_002/probe_002/_probe_000_unfinished/dsc02029.png
setup_002/probe_002/_probe_000_unfinished/dsc02030.png
setup_002/probe_002/_probe_000_unfinished/dsc02031.png
setup_002/probe_002/_probe_000_unfinished/dsc02032.png
setup_002/probe_002/_probe_000_unfinished/dsc02033.png
setup_002/probe_002/_probe_000_unfinished/dsc02034.png
setup_002/probe_002/_probe_000_unfinished/dsc02035.png
setup_003/probe_003/_probe_001/20220614_131055.png
setup_003/probe_003/_probe_001/20220614_131056.png
setup_003/probe_003/_probe_001/20220614_131057.png
setup_003/probe_003/_probe_001/20220614_131058.png
setup_003/probe_003/_probe_001/20220614_131059.png
setup_003/probe_003/_probe_001/20220614_131100.png
setup_003/probe_003/_probe_001/20220614_131101.png
setup_003/probe_003/_probe_001/20220614_131102.png
setup_003/probe_003/_probe_001/20220614_131103.png
setup_003/probe_003/_probe_001/20220614_131104.png
setup_003/probe_003/_probe_001/20220614_131105.png
setup_003/probe_003/_probe_001/20220614_131106.png
setup_003/probe_003/_probe_001/20220614_131107.png
setup_003/probe_003/_probe_001/20220614_131108.png
setup_003/probe_003/_probe_001/20220614_131109.png
setup_003/probe_003/_probe_001/20220614_131110.png
setup_003/probe_003/_probe_001/20220614_131111.png
setup_003/probe_003/_probe_001/20220614_131112.png
setup_003/probe_003/_probe_001/20220614_131113.png
setup_003/probe_003/_probe_001/20220614_131115.png
setup_003/probe_003/_probe_001/20220614_131116.png
setup_003/probe_003/_probe_001/20220614_131117.png
setup_003/probe_003/_probe_001/20220614_131118.png
setup_003/probe_003/_probe_001/20220614_131119.png
setup_003/probe_003/_probe_001/20220614_131120.png
setup_003/probe_003/_probe_001/20220614_131121.png
setup_003/probe_003/_probe_001/20220614_131122.png
setup_003/probe_003/_probe_001/20220614_131124.png
setup_003/probe_003/_probe_001/20220614_131125.png
setup_003/probe_003/_probe_001/20220614_131126.png
setup_003/probe_003/_probe_001/20220614_131127.png
setup_003/probe_003/_probe_001/20220614_131128.png
setup_003/probe_003/_probe_001/20220614_131129.png
setup_003/probe_003/_probe_001/20220614_131130.png
setup_003/probe_003/_probe_001/20220614_131131.png
setup_003/probe_003/_probe_001/20220614_131132.png
setup_003/probe_003/_probe_001/20220614_131133.png
setup_003/probe_003/_probe_001/20220614_131134.png
setup_003/probe_003/_probe_001/20220614_131135.png
setup_003/probe_003/_probe_001/20220614_131136.png
setup_003/probe_003/_probe_001/20220614_131137.png
setup_003/probe_003/_probe_001/20220614_131139.png
setup_003/probe_003/_probe_001/20220614_131140.png
setup_003/probe_003/_probe_001/20220614_131141.png
setup_003/probe_003/_probe_001/20220614_131142.png
setup_003/probe_003/_probe_001/20220614_131143.png
setup_003/probe_003/_probe_001/20220614_131144.png
setup_003/probe_003/_probe_001/20220614_131145_a.png
setup_003/probe_003/_probe_001/20220614_131145.png
setup_003/probe_003/_probe_001/20220614_131146.png
setup_003/probe_003/_probe_001/20220614_131148.png
setup_003/probe_003/_probe_001/20220614_131149.png
setup_003/probe_003/_probe_001/20220614_131150.png
setup_003/probe_003/_probe_001/20220614_131151_a.png
setup_003/probe_003/_probe_001/20220614_131151.png
setup_003/probe_003/_probe_001/20220614_131152.png
setup_003/probe_003/_probe_001/20220614_131153.png
setup_003/probe_003/_probe_001/20220614_131154.png
setup_003/probe_003/_probe_001/20220614_131155.png
setup_003/probe_003/_probe_001/20220614_131156.png
setup_003/probe_003/_probe_001/20220614_131157.png
setup_003/probe_003/_probe_001/20220614_131158.png
setup_003/probe_003/_probe_001/20220614_131159.png
setup_003/probe_003/_probe_001/20220614_131200_a.png
setup_003/probe_003/_probe_001/20220614_131200.png
setup_003/probe_003/_probe_001/20220614_131201.png
setup_003/probe_003/_probe_001/20220614_131202.png
setup_003/probe_003/_probe_001/20220614_131203.png
setup_003/probe_003/_probe_001/20220614_131204.png
setup_003/probe_003/_probe_001/20220614_131205.png
setup_003/probe_003/_probe_001/20220614_131206.png
setup_003/probe_003/_probe_001/20220614_131207.png
setup_003/probe_003/_probe_001/20220614_131208.png
setup_003/probe_003/_probe_001/20220614_131209.png
setup_003/probe_003/_probe_001/20220614_131210.png
setup_003/probe_003/_probe_001/20220614_131211.png
setup_003/probe_003/_probe_001/20220614_131212.png
setup_003/probe_003/_probe_001/20220614_131217.png
setup_003/probe_003/_probe_001/20220614_131218.png
setup_003/probe_003/_probe_001/20220614_131219.png
setup_003/probe_003/_probe_001/20220614_131220.png
setup_003/probe_003/_probe_001/20220614_131224.png
setup_003/probe_003/_probe_001/20220614_131225_a.png
setup_003/probe_003/_probe_001/20220614_131225.png
setup_003/probe_003/_probe_001/20220614_131233.png
setup_003/probe_003/_probe_001/20220614_131234.png
setup_003/probe_003/_probe_001/20220614_131235.png
setup_003/probe_003/_probe_001/20220614_131236.png
setup_003/probe_003/_probe_001/20220614_131237.png
setup_003/probe_003/_probe_001/20220614_131238.png
setup_003/probe_003/_probe_001/20220614_131239.png
setup_003/probe_003/_probe_001/20220614_131240.png
setup_003/probe_003/_probe_001/20220614_131241_a.png
setup_003/probe_003/_probe_001/20220614_131241.png
setup_003/probe_003/_probe_001/20220614_131243.png
setup_003/probe_003/_probe_001/20220614_131244_a.png
setup_003/probe_003/_probe_001/20220614_131244.png
setup_003/probe_003/_probe_001/20220614_131245.png
setup_003/probe_003/_probe_001/20220614_131246.png
setup_003/probe_003/_probe_001/20220614_131247.png
setup_003/probe_003/_probe_001/20220614_131248.png
setup_003/probe_003/_probe_001/20220614_131249.png
setup_003/probe_003/_probe_001/20220614_131250.png
setup_003/probe_003/_probe_001/20220614_131251.png
setup_003/probe_003/_probe_001/20220614_131252.png
setup_003/probe_003/_probe_001/20220614_131253.png
setup_003/probe_003/_probe_001/20220614_131254.png
setup_003/probe_003/_probe_001/20220614_131255.png
setup_003/probe_003/_probe_001/20220614_131256.png
setup_003/probe_003/_probe_001/20220614_131257.png
setup_003/probe_003/_probe_001/20220614_131258.png
setup_003/probe_003/_probe_001/20220614_131259.png
setup_003/probe_003/_probe_001/20220614_131300.png
setup_006/probe_006/probe_001/20220614_134039.png
setup_006/probe_006/probe_001/20220614_134040.png
setup_006/probe_006/probe_001/20220614_134041.png
setup_006/probe_006/probe_001/20220614_134042.png
setup_006/probe_006/probe_001/20220614_134043.png
setup_006/probe_006/probe_001/20220614_134044.png
setup_006/probe_006/probe_001/20220614_134045.png
setup_006/probe_006/probe_001/20220614_134046.png
setup_006/probe_006/probe_001/20220614_134047.png
setup_006/probe_006/probe_001/20220614_134048.png
setup_006/probe_006/probe_001/20220614_134050.png
setup_006/probe_006/probe_001/20220614_134051.png
setup_006/probe_006/probe_001/20220614_134052.png
setup_006/probe_006/probe_001/20220614_134053.png
setup_006/probe_006/probe_001/20220614_134054.png
setup_006/probe_006/probe_001/20220614_134055.png
setup_006/probe_006/probe_001/20220614_134056.png
setup_006/probe_006/probe_001/20220614_134058.png
setup_006/probe_006/probe_001/20220614_134059.png
setup_006/probe_006/probe_001/20220614_134100.png
setup_006/probe_006/probe_001/20220614_134101.png
setup_006/probe_006/probe_001/20220614_134102.png
setup_006/probe_006/probe_001/20220614_134103.png
setup_006/probe_006/probe_001/20220614_134104.png
setup_006/probe_006/probe_001/20220614_134105.png
setup_006/probe_006/probe_001/20220614_134106.png
setup_006/probe_006/probe_001/20220614_134215.png
setup_006/probe_006/probe_001/20220614_134217.png
setup_006/probe_006/probe_001/20220614_134218.png
setup_006/probe_006/probe_001/20220614_134220.png
setup_006/probe_006/probe_001/20220614_134221.png
setup_006/probe_006/probe_001/20220614_134223.png
setup_006/probe_006/probe_001/20220614_134224.png
setup_006/probe_006/probe_001/20220614_134225.png
setup_006/probe_006/probe_001/20220614_134226.png
setup_006/probe_006/probe_001/20220614_134228.png
setup_006/probe_006/probe_001/20220614_134322.png
setup_011/probe_011/_probe_001/20220614_131055.png
setup_011/probe_011/_probe_001/20220614_131056.png
setup_011/probe_011/_probe_001/20220614_131057.png
setup_011/probe_011/_probe_001/20220614_131058.png
setup_011/probe_011/_probe_001/20220614_131059.png
setup_011/probe_011/_probe_001/20220614_131100.png
setup_011/probe_011/_probe_001/20220614_131101.png
setup_011/probe_011/_probe_001/20220614_131102.png
setup_011/probe_011/_probe_001/20220614_131103.png
setup_011/probe_011/_probe_001/20220614_131104.png
setup_011/probe_011/_probe_001/20220614_131105.png
setup_011/probe_011/_probe_001/20220614_131106.png
setup_011/probe_011/_probe_001/20220614_131107.png
setup_011/probe_011/_probe_001/20220614_131108.png
setup_011/probe_011/_probe_001/20220614_131109.png
setup_011/probe_011/_probe_001/20220614_131110.png
setup_011/probe_011/_probe_001/20220614_131111.png
setup_011/probe_011/_probe_001/20220614_131112.png
setup_011/probe_011/_probe_001/20220614_131113.png
setup_011/probe_011/_probe_001/20220614_131115.png
setup_011/probe_011/_probe_001/20220614_131116.png
setup_011/probe_011/_probe_001/20220614_131117.png
setup_011/probe_011/_probe_001/20220614_131118.png
setup_011/probe_011/_probe_001/20220614_131119.png
setup_011/probe_011/_probe_001/20220614_131120.png
setup_011/probe_011/_probe_001/20220614_131121.png
setup_011/probe_011/_probe_001/20220614_131122.png
setup_011/probe_011/_probe_001/20220614_131124.png
setup_011/probe_011/_probe_001/20220614_131125.png
setup_011/probe_011/_probe_001/20220614_131126.png
setup_011/probe_011/_probe_001/20220614_131127.png
setup_011/probe_011/_probe_001/20220614_131128.png
setup_011/probe_011/_probe_001/20220614_131129.png
setup_011/probe_011/_probe_001/20220614_131130.png
setup_011/probe_011/_probe_001/20220614_131131.png
setup_011/probe_011/_probe_001/20220614_131132.png
setup_011/probe_011/_probe_001/20220614_131133.png
setup_011/probe_011/_probe_001/20220614_131134.png
setup_011/probe_011/_probe_001/20220614_131135.png
setup_011/probe_011/_probe_001/20220614_131136.png
setup_011/probe_011/_probe_001/20220614_131137.png
setup_011/probe_011/_probe_001/20220614_131139.png
setup_011/probe_011/_probe_001/20220614_131140.png
setup_011/probe_011/_probe_001/20220614_131141.png
setup_011/probe_011/_probe_001/20220614_131142.png
setup_011/probe_011/_probe_001/20220614_131143.png
setup_011/probe_011/_probe_001/20220614_131144.png
setup_011/probe_011/_probe_001/20220614_131145_a.png
setup_011/probe_011/_probe_001/20220614_131145_b.png
setup_011/probe_011/_probe_001/20220614_131146.png
setup_011/probe_011/_probe_001/20220614_131148.png
setup_011/probe_011/_probe_001/20220614_131149.png
setup_011/probe_011/_probe_001/20220614_131150.png
setup_011/probe_011/_probe_001/20220614_131151_a.png
setup_011/probe_011/_probe_001/20220614_131151_b.png
setup_011/probe_011/_probe_001/20220614_131152.png
setup_011/probe_011/_probe_001/20220614_131153.png
setup_011/probe_011/_probe_001/20220614_131154.png
setup_011/probe_011/_probe_001/20220614_131155.png
setup_011/probe_011/_probe_001/20220614_131156.png
setup_011/probe_011/_probe_001/20220614_131157.png
setup_011/probe_011/_probe_001/20220614_131158.png
setup_011/probe_011/_probe_001/20220614_131159.png
setup_011/probe_011/_probe_001/20220614_131200_a.png
setup_011/probe_011/_probe_001/20220614_131200_b.png
setup_011/probe_011/_probe_001/20220614_131201.png
setup_011/probe_011/_probe_001/20220614_131202.png
setup_011/probe_011/_probe_001/20220614_131203.png
setup_011/probe_011/_probe_001/20220614_131204.png
setup_011/probe_011/_probe_001/20220614_131205.png
setup_011/probe_011/_probe_001/20220614_131206.png
setup_011/probe_011/_probe_001/20220614_131207.png
setup_011/probe_011/_probe_001/20220614_131208.png
setup_011/probe_011/_probe_001/20220614_131209.png
setup_011/probe_011/_probe_001/20220614_131210.png
setup_011/probe_011/_probe_001/20220614_131211.png
setup_011/probe_011/_probe_001/20220614_131212.png
setup_011/probe_011/_probe_001/20220614_131217.png
setup_011/probe_011/_probe_001/20220614_131218.png
setup_011/probe_011/_probe_001/20220614_131219.png
setup_011/probe_011/_probe_001/20220614_131220.png
setup_011/probe_011/_probe_001/20220614_131224.png
setup_011/probe_011/_probe_001/20220614_131225_a.png
setup_011/probe_011/_probe_001/20220614_131225_b.png
setup_011/probe_011/_probe_001/20220614_131233.png
setup_011/probe_011/_probe_001/20220614_131234.png
setup_011/probe_011/_probe_001/20220614_131235.png
setup_011/probe_011/_probe_001/20220614_131236.png
setup_011/probe_011/_probe_001/20220614_131237.png
setup_011/probe_011/_probe_001/20220614_131238.png
setup_011/probe_011/_probe_001/20220614_131239.png
setup_011/probe_011/_probe_001/20220614_131240.png
setup_011/probe_011/_probe_001/20220614_131241_a.png
setup_011/probe_011/_probe_001/20220614_131241_b.png
setup_011/probe_011/_probe_001/20220614_131243.png
setup_011/probe_011/_probe_001/20220614_131244_a.png
setup_011/probe_011/_probe_001/20220614_131244_b.png
setup_011/probe_011/_probe_001/20220614_131245.png
setup_011/probe_011/_probe_001/20220614_131246.png
setup_011/probe_011/_probe_001/20220614_131247.png
setup_011/probe_011/_probe_001/20220614_131248.png
setup_011/probe_011/_probe_001/20220614_131249.png
setup_011/probe_011/_probe_001/20220614_131250.png
setup_011/probe_011/_probe_001/20220614_131251.png
setup_011/probe_011/_probe_001/20220614_131252.png
setup_011/probe_011/_probe_001/20220614_131253.png
setup_011/probe_011/_probe_001/20220614_131254.png
setup_011/probe_011/_probe_001/20220614_131255.png
setup_011/probe_011/_probe_001/20220614_131256.png
setup_011/probe_011/_probe_001/20220614_131257.png
setup_011/probe_011/_probe_001/20220614_131258.png
setup_011/probe_011/_probe_001/20220614_131259.png
setup_011/probe_011/_probe_001/20220614_131300.png
setup_011/probe_011/_probe_002_unfinished/20220614_131213_a.png
setup_011/probe_011/_probe_002_unfinished/20220614_131213_b.png
setup_011/probe_011/_probe_002_unfinished/20220614_131214.png
setup_011/probe_011/_probe_002_unfinished/20220614_131215.png
setup_011/probe_011/_probe_002_unfinished/20220614_131216.png
setup_011/probe_011/_probe_002_unfinished/20220614_131221.png
setup_011/probe_011/_probe_002_unfinished/20220614_131222.png
setup_011/probe_011/_probe_002_unfinished/20220614_131226.png
setup_011/probe_011/_probe_002_unfinished/20220614_131227.png
setup_011/probe_011/_probe_002_unfinished/20220614_131228.png
setup_011/probe_011/_probe_002_unfinished/20220614_131229.png
setup_011/probe_011/_probe_002_unfinished/20220614_131230.png
setup_011/probe_011/_probe_002_unfinished/20220614_131231.png
setup_011/probe_011/_probe_002_unfinished/20220614_131232.png
setup_015/probe_015/_probe_001/001.png
setup_015/probe_015/_probe_001/002.png
setup_015/probe_015/_probe_001/003.png
setup_015/probe_015/_probe_001/004.png
setup_015/probe_015/_probe_001/005.png
setup_015/probe_015/_probe_001/006.png
setup_015/probe_015/_probe_001/007.png
setup_015/probe_015/_probe_001/008.png
setup_015/probe_015/_probe_001/009.png
setup_015/probe_015/_probe_001/010.png
setup_015/probe_015/_probe_001/011.png
setup_015/probe_015/_probe_001/012.png
setup_015/probe_015/_probe_001/013.png
setup_015/probe_015/_probe_001/014.png
setup_015/probe_015/_probe_001/015.png
setup_015/probe_015/_probe_001/016.png
setup_015/probe_015/_probe_001/017.png
setup_015/probe_015/_probe_001/018.png
setup_015/probe_015/_probe_001/019.png
setup_015/probe_015/_probe_001/020.png
setup_015/probe_015/_probe_001/021.png
setup_015/probe_015/_probe_001/022.png
setup_015/probe_015/_probe_001/023.png
setup_015/probe_015/_probe_001/024.png
setup_015/probe_015/_probe_001/025.png
setup_015/probe_015/_probe_001/026.png
setup_015/probe_015/_probe_001/027.png
setup_015/probe_015/_probe_001/028.png
setup_015/probe_015/_probe_001/029.png
setup_015/probe_015/_probe_001/030.png
setup_015/probe_015/_probe_001/031.png
setup_015/probe_015/_probe_001/032.png
setup_015/probe_015/_probe_001/033.png
setup_015/probe_015/_probe_001/034.png
setup_015/probe_015/_probe_001/035.png
setup_015/probe_015/_probe_001/036.png
setup_015/probe_015/_probe_001/037.png
setup_015/probe_015/_probe_001/038.png
setup_015/probe_015/_probe_001/039.png
setup_015/probe_015/_probe_001/040.png
setup_015/probe_015/_probe_001/041.png
setup_015/probe_015/_probe_001/042.png
setup_015/probe_015/_probe_001/043.png
setup_015/probe_015/_probe_001/044.png
setup_015/probe_015/_probe_001/045.png
setup_015/probe_015/_probe_001/046.png
setup_015/probe_015/_probe_001/047.png
setup_015/probe_015/_probe_001/048.png
setup_015/probe_015/_probe_001/049.png
setup_015/probe_015/_probe_001/050.png
setup_015/probe_015/_probe_001/051.png
setup_015/probe_015/_probe_001/052.png
setup_015/probe_015/_probe_001/053.png
setup_015/probe_015/_probe_001/054.png
setup_015/probe_015/_probe_001/055.png
setup_015/probe_015/_probe_001/056.png
setup_015/probe_015/_probe_001/057.png
setup_015/probe_015/_probe_001/058.png
setup_015/probe_015/_probe_001/059.png
setup_015/probe_015/_probe_001/060.png
setup_015/probe_015/_probe_001/061.png
setup_015/probe_015/_probe_001/062.png
setup_015/probe_015/_probe_001/063.png
setup_015/probe_015/_probe_001/064.png
setup_015/probe_015/_probe_001/065.png
setup_015/probe_015/_probe_001/066.png
setup_015/probe_015/_probe_001/067.png
setup_015/probe_015/_probe_001/068.png
setup_015/probe_015/_probe_001/069.png
setup_049/probe_049/_probe_aaa/20220614_134225.png
setup_049/probe_049/_probe_aaa/20220614_134226.png
setup_049/probe_049/_probe_aaa/20220614_134229.png
