setup_006/equip_006/probe/20220614_134215.json
setup_006/equip_006/probe/20220614_134217.json
setup_006/equip_006/probe/20220614_134218.json
setup_006/equip_006/probe/20220614_134220.json
setup_006/equip_006/probe/20220614_134221.json
setup_006/equip_006/probe/20220614_134223.json
setup_006/equip_006/probe/20220614_134224.json
setup_006/equip_006/probe/20220614_134225.json
setup_006/equip_006/probe/20220614_134226.json
setup_006/equip_006/probe/20220614_134228.json

setup_002/equip_002/probe/single_jsons_probe_001:
dsc01826.json
dsc01827.json
dsc01828.json
dsc01829.json
dsc01830.json
dsc01831.json
dsc01832.json
dsc01833.json
dsc01834.json
dsc01836.json
dsc01837.json
dsc01838.json
dsc01839.json
dsc01840.json
dsc01841.json
dsc01843.json
dsc01844.json
dsc01845.json
dsc01846.json
dsc01848.json
dsc01849.json
dsc01850.json
dsc01851.json
dsc01852.json
dsc01853.json
dsc01854.json
dsc01855.json
dsc01856.json
dsc01857.json
dsc01859.json
dsc01861.json
dsc01862.json
dsc01863.json
dsc01865.json
dsc01866.json
dsc01867.json
dsc01868.json
dsc01869.json
dsc01870.json
dsc01872.json
dsc01873.json
dsc01874.json
dsc01875.json
dsc01877.json
dsc01878.json
dsc01880.json
dsc01881.json
dsc01882.json
dsc01883.json
dsc01885.json
dsc01891.json
dsc01892.json
dsc01894.json
dsc01895.json
dsc01897.json
dsc01898.json
dsc01899.json
dsc01900.json
dsc01901.json
dsc01903.json
dsc01904.json
dsc01905.json
dsc01906.json
dsc01907.json
dsc01909.json
dsc01910.json
dsc01911.json
dsc01912.json
dsc01913.json
dsc01914.json
dsc01915.json
dsc01917.json
dsc01919.json
dsc01920.json
dsc01923.json
dsc01924.json
dsc01927.json
dsc01928.json
dsc01930.json
dsc01931.json
dsc01932.json
dsc01933.json
dsc01934.json
dsc01935.json
dsc01936.json
dsc01937.json
dsc01938.json
dsc01939.json
dsc01940.json
dsc01941.json
dsc01942.json
dsc01943.json
dsc01944.json
dsc01945.json
dsc01946.json
dsc01947.json
dsc01948.json
dsc01949.json
dsc01950.json
dsc01951.json
dsc01952.json
dsc01953.json
dsc01954.json
dsc01955.json
dsc01956.json
dsc01957.json
dsc01958.json
dsc01959.json
dsc01960.json
dsc01961.json
dsc01962.json
dsc01963.json
dsc01964.json
dsc01965.json
dsc01966.json
dsc01967.json
dsc01968.json
dsc01969.json
dsc01970.json
dsc01971.json
dsc01973.json
dsc01974.json
dsc01975.json
dsc01977.json
dsc01978.json
dsc01979.json
dsc01980.json
dsc01981.json
dsc01982.json
dsc01983.json
dsc01985.json
dsc01986.json
dsc01988.json
dsc01989.json
dsc01990.json
dsc01991.json
dsc01992.json
dsc01993.json
dsc01995.json
dsc01996.json
dsc01997.json
dsc01998.json
dsc01999.json
dsc02000.json
dsc02001.json
dsc02002.json
dsc02003.json
dsc02004.json
dsc02005.json
dsc02006.json
dsc02007.json
dsc02009.json
dsc02010.json
dsc02012.json
dsc02013.json
dsc02014.json
dsc02015.json
dsc02027.json
dsc02029.json
dsc02030.json
dsc02031.json
dsc02032.json
dsc02033.json
dsc02034.json
dsc02035.json

setup_003/equip_003/probe/single_jsons_probe_001:
20220614_131055.json
20220614_131056.json
20220614_131057.json
20220614_131058.json
20220614_131059.json
20220614_131100.json
20220614_131101.json
20220614_131102.json
20220614_131103.json
20220614_131104.json
20220614_131105.json
20220614_131106.json
20220614_131107.json
20220614_131108.json
20220614_131109.json
20220614_131110.json
20220614_131111.json
20220614_131112.json
20220614_131113.json
20220614_131115.json
20220614_131116.json
20220614_131117.json
20220614_131118.json
20220614_131119.json
20220614_131120.json
20220614_131121.json
20220614_131122.json
20220614_131124.json
20220614_131125.json
20220614_131126.json
20220614_131127.json
20220614_131128.json
20220614_131129.json
20220614_131130.json
20220614_131131.json
20220614_131132.json
20220614_131133.json
20220614_131134.json
20220614_131135.json
20220614_131136.json
20220614_131137.json
20220614_131139.json
20220614_131140.json
20220614_131141.json
20220614_131142.json
20220614_131143.json
20220614_131144.json
20220614_131145_a.json
20220614_131145.json
20220614_131146.json
20220614_131148.json
20220614_131149.json
20220614_131150.json
20220614_131151_a.json
20220614_131151.json
20220614_131152.json
20220614_131153.json
20220614_131154.json
20220614_131155.json
20220614_131156.json
20220614_131157.json
20220614_131158.json
20220614_131159.json
20220614_131200_a.json
20220614_131200.json
20220614_131201.json
20220614_131202.json
20220614_131203.json
20220614_131204.json
20220614_131205.json
20220614_131206.json
20220614_131207.json
20220614_131208.json
20220614_131209.json
20220614_131210.json
20220614_131211.json
20220614_131212.json
20220614_131217.json
20220614_131218.json
20220614_131219.json
20220614_131220.json
20220614_131224.json
20220614_131225_a.json
20220614_131225.json
20220614_131233.json
20220614_131234.json
20220614_131235.json
20220614_131236.json
20220614_131237.json
20220614_131238.json
20220614_131239.json
20220614_131240.json
20220614_131241_a.json
20220614_131241.json
20220614_131243.json
20220614_131244_a.json
20220614_131244.json
20220614_131245.json
20220614_131246.json
20220614_131247.json
20220614_131248.json
20220614_131249.json
20220614_131250.json
20220614_131251.json
20220614_131252.json
20220614_131253.json
20220614_131254.json
20220614_131255.json
20220614_131256.json
20220614_131257.json
20220614_131258.json
20220614_131259.json
20220614_131300.json

setup_011/equip_011/probe/_probe_001:
20220614_131055.json
20220614_131056.json
20220614_131057.json
20220614_131058.json
20220614_131059.json
20220614_131100.json
20220614_131101.json
20220614_131102.json
20220614_131103.json
20220614_131104.json
20220614_131105.json
20220614_131106.json
20220614_131107.json
20220614_131108.json
20220614_131109.json
20220614_131110.json
20220614_131111.json
20220614_131112.json
20220614_131113.json
20220614_131115.json
20220614_131116.json
20220614_131117.json
20220614_131118.json
20220614_131119.json
20220614_131120.json
20220614_131121.json
20220614_131122.json
20220614_131124.json
20220614_131125.json
20220614_131126.json
20220614_131127.json
20220614_131128.json
20220614_131129.json
20220614_131130.json
20220614_131131.json
20220614_131132.json
20220614_131133.json
20220614_131134.json
20220614_131135.json
20220614_131136.json
20220614_131137.json
20220614_131139.json
20220614_131140.json
20220614_131141.json
20220614_131142.json
20220614_131143.json
20220614_131144.json
20220614_131145_a.json
20220614_131145_b.json
20220614_131146.json
20220614_131148.json
20220614_131149.json
20220614_131150.json
20220614_131151_a.json
20220614_131151_b.json
20220614_131152.json
20220614_131153.json
20220614_131154.json
20220614_131155.json
20220614_131156.json
20220614_131157.json
20220614_131158.json
20220614_131159.json
20220614_131200_a.json
20220614_131200_b.json
20220614_131201.json
20220614_131202.json
20220614_131203.json
20220614_131204.json
20220614_131205.json
20220614_131206.json
20220614_131207.json
20220614_131208.json
20220614_131209.json
20220614_131210.json
20220614_131211.json
20220614_131212.json
20220614_131217.json
20220614_131218.json
20220614_131219.json
20220614_131220.json
20220614_131224.json
20220614_131225_a.json
20220614_131225_b.json
20220614_131233.json
20220614_131234.json
20220614_131235.json
20220614_131236.json
20220614_131237.json
20220614_131238.json
20220614_131239.json
20220614_131240.json
20220614_131241_a.json
20220614_131241_b.json
20220614_131243.json
20220614_131244_a.json
20220614_131244_b.json
20220614_131245.json
20220614_131246.json
20220614_131247.json
20220614_131248.json
20220614_131249.json
20220614_131250.json
20220614_131251.json
20220614_131252.json
20220614_131253.json
20220614_131254.json
20220614_131255.json
20220614_131256.json
20220614_131257.json
20220614_131258.json
20220614_131259.json
20220614_131300.json

setup_049/equip_049/probe/_probe_aaa:
jsons
