grep -h "file_name" setup_0*/*/*/annotations* | sort | uniq -c > 2024-09-17_List_of_annotated_file_names_unique_counts.out 


      1             "file_name": "001.png"
      1             "file_name": "002.png"
      1             "file_name": "003.png"
      1             "file_name": "004.png"
      1             "file_name": "005.png"
      1             "file_name": "006.png"
      1             "file_name": "007.png"
      1             "file_name": "008.png"
      1             "file_name": "009.png"
      1             "file_name": "010.png"
      1             "file_name": "011.png"
      1             "file_name": "012.png"
      1             "file_name": "013.png"
      1             "file_name": "014.png"
      1             "file_name": "015.png"
      1             "file_name": "016.png"
      1             "file_name": "017.png"
      1             "file_name": "018.png"
      1             "file_name": "019.png"
      1             "file_name": "020.png"
      1             "file_name": "021.png"
      1             "file_name": "022.png"
      1             "file_name": "023.png"
      1             "file_name": "024.png"
      1             "file_name": "025.png"
      1             "file_name": "026.png"
      1             "file_name": "027.png"
      1             "file_name": "028.png"
      1             "file_name": "029.png"
      1             "file_name": "030.png"
      1             "file_name": "031.png"
      1             "file_name": "032.png"
      1             "file_name": "033.png"
      1             "file_name": "034.png"
      1             "file_name": "035.png"
      1             "file_name": "036.png"
      1             "file_name": "037.png"
      1             "file_name": "038.png"
      1             "file_name": "039.png"
      1             "file_name": "040.png"
      1             "file_name": "041.png"
      1             "file_name": "042.png"
      1             "file_name": "043.png"
      1             "file_name": "044.png"
      1             "file_name": "045.png"
      1             "file_name": "046.png"
      1             "file_name": "047.png"
      1             "file_name": "048.png"
      1             "file_name": "049.png"
      1             "file_name": "050.png"
      1             "file_name": "051.png"
      1             "file_name": "052.png"
      1             "file_name": "053.png"
      1             "file_name": "054.png"
      1             "file_name": "055.png"
      1             "file_name": "056.png"
      1             "file_name": "057.png"
      1             "file_name": "058.png"
      1             "file_name": "059.png"
      1             "file_name": "060.png"
      1             "file_name": "061.png"
      1             "file_name": "062.png"
      1             "file_name": "063.png"
      1             "file_name": "064.png"
      1             "file_name": "065.png"
      1             "file_name": "066.png"
      1             "file_name": "067.png"
      1             "file_name": "068.png"
      1             "file_name": "069.png"
      2             "file_name": "20220614_131055.png"
      2             "file_name": "20220614_131056.png"
      2             "file_name": "20220614_131057.png"
      2             "file_name": "20220614_131058.png"
      2             "file_name": "20220614_131059.png"
      2             "file_name": "20220614_131100.png"
      2             "file_name": "20220614_131101.png"
      2             "file_name": "20220614_131102.png"
      2             "file_name": "20220614_131103.png"
      2             "file_name": "20220614_131104.png"
      2             "file_name": "20220614_131105.png"
      2             "file_name": "20220614_131106.png"
      2             "file_name": "20220614_131107.png"
      2             "file_name": "20220614_131108.png"
      2             "file_name": "20220614_131109.png"
      2             "file_name": "20220614_131110.png"
      2             "file_name": "20220614_131111.png"
      2             "file_name": "20220614_131112.png"
      2             "file_name": "20220614_131113.png"
      2             "file_name": "20220614_131115.png"
      2             "file_name": "20220614_131116.png"
      2             "file_name": "20220614_131117.png"
      2             "file_name": "20220614_131118.png"
      2             "file_name": "20220614_131119.png"
      2             "file_name": "20220614_131120.png"
      2             "file_name": "20220614_131121.png"
      2             "file_name": "20220614_131122.png"
      2             "file_name": "20220614_131124.png"
      2             "file_name": "20220614_131125.png"
      2             "file_name": "20220614_131126.png"
      2             "file_name": "20220614_131127.png"
      2             "file_name": "20220614_131128.png"
      2             "file_name": "20220614_131129.png"
      2             "file_name": "20220614_131130.png"
      2             "file_name": "20220614_131131.png"
      2             "file_name": "20220614_131132.png"
      2             "file_name": "20220614_131133.png"
      2             "file_name": "20220614_131134.png"
      2             "file_name": "20220614_131135.png"
      2             "file_name": "20220614_131136.png"
      2             "file_name": "20220614_131137.png"
      2             "file_name": "20220614_131139.png"
      2             "file_name": "20220614_131140.png"
      2             "file_name": "20220614_131141.png"
      2             "file_name": "20220614_131142.png"
      2             "file_name": "20220614_131143.png"
      2             "file_name": "20220614_131144.png"
      2             "file_name": "20220614_131145_a.png"
      1             "file_name": "20220614_131145_b.png"
      1             "file_name": "20220614_131145.png"
      2             "file_name": "20220614_131146.png"
      2             "file_name": "20220614_131148.png"
      2             "file_name": "20220614_131149.png"
      2             "file_name": "20220614_131150.png"
      2             "file_name": "20220614_131151_a.png"
      1             "file_name": "20220614_131151_b.png"
      1             "file_name": "20220614_131151.png"
      2             "file_name": "20220614_131152.png"
      2             "file_name": "20220614_131153.png"
      2             "file_name": "20220614_131154.png"
      2             "file_name": "20220614_131155.png"
      2             "file_name": "20220614_131156.png"
      2             "file_name": "20220614_131157.png"
      2             "file_name": "20220614_131158.png"
      2             "file_name": "20220614_131159.png"
      2             "file_name": "20220614_131200_a.png"
      1             "file_name": "20220614_131200_b.png"
      1             "file_name": "20220614_131200.png"
      2             "file_name": "20220614_131201.png"
      2             "file_name": "20220614_131202.png"
      2             "file_name": "20220614_131203.png"
      2             "file_name": "20220614_131204.png"
      2             "file_name": "20220614_131205.png"
      2             "file_name": "20220614_131206.png"
      2             "file_name": "20220614_131207.png"
      2             "file_name": "20220614_131208.png"
      2             "file_name": "20220614_131209.png"
      2             "file_name": "20220614_131210.png"
      2             "file_name": "20220614_131211.png"
      2             "file_name": "20220614_131212.png"
      2             "file_name": "20220614_131217.png"
      2             "file_name": "20220614_131218.png"
      2             "file_name": "20220614_131219.png"
      2             "file_name": "20220614_131220.png"
      2             "file_name": "20220614_131224.png"
      2             "file_name": "20220614_131225_a.png"
      1             "file_name": "20220614_131225_b.png"
      1             "file_name": "20220614_131225.png"
      2             "file_name": "20220614_131233.png"
      2             "file_name": "20220614_131234.png"
      2             "file_name": "20220614_131235.png"
      2             "file_name": "20220614_131236.png"
      2             "file_name": "20220614_131237.png"
      2             "file_name": "20220614_131238.png"
      2             "file_name": "20220614_131239.png"
      2             "file_name": "20220614_131240.png"
      2             "file_name": "20220614_131241_a.png"
      1             "file_name": "20220614_131241_b.png"
      1             "file_name": "20220614_131241.png"
      2             "file_name": "20220614_131243.png"
      2             "file_name": "20220614_131244_a.png"
      1             "file_name": "20220614_131244_b.png"
      1             "file_name": "20220614_131244.png"
      2             "file_name": "20220614_131245.png"
      2             "file_name": "20220614_131246.png"
      2             "file_name": "20220614_131247.png"
      2             "file_name": "20220614_131248.png"
      2             "file_name": "20220614_131249.png"
      2             "file_name": "20220614_131250.png"
      2             "file_name": "20220614_131251.png"
      2             "file_name": "20220614_131252.png"
      2             "file_name": "20220614_131253.png"
      2             "file_name": "20220614_131254.png"
      2             "file_name": "20220614_131255.png"
      2             "file_name": "20220614_131256.png"
      2             "file_name": "20220614_131257.png"
      2             "file_name": "20220614_131258.png"
      2             "file_name": "20220614_131259.png"
      2             "file_name": "20220614_131300.png"
      1             "file_name": "20220614_134215.png"
      1             "file_name": "20220614_134217.png"
      1             "file_name": "20220614_134218.png"
      1             "file_name": "20220614_134220.png"
      1             "file_name": "20220614_134221.png"
      1             "file_name": "20220614_134223.png"
      1             "file_name": "20220614_134224.png"
      2             "file_name": "20220614_134225.png"
      2             "file_name": "20220614_134226.png"
      1             "file_name": "20220614_134228.png"
      1             "file_name": "20220614_134229.png"
      1             "file_name": "dsc01826.png"
      1             "file_name": "dsc01827.png"
      1             "file_name": "dsc01828.png"
      1             "file_name": "dsc01829.png"
      1             "file_name": "dsc01830.png"
      1             "file_name": "dsc01831.png"
      1             "file_name": "dsc01832.png"
      1             "file_name": "dsc01833.png"
      1             "file_name": "dsc01834.png"
      1             "file_name": "dsc01836.png"
      1             "file_name": "dsc01837.png"
      1             "file_name": "dsc01838.png"
      1             "file_name": "dsc01839.png"
      1             "file_name": "dsc01840.png"
      1             "file_name": "dsc01841.png"
      1             "file_name": "dsc01843.png"
      1             "file_name": "dsc01844.png"
      1             "file_name": "dsc01845.png"
      1             "file_name": "dsc01846.png"
      1             "file_name": "dsc01848.png"
      1             "file_name": "dsc01849.png"
      1             "file_name": "dsc01850.png"
      1             "file_name": "dsc01851.png"
      1             "file_name": "dsc01852.png"
      1             "file_name": "dsc01853.png"
      1             "file_name": "dsc01854.png"
      1             "file_name": "dsc01855.png"
      1             "file_name": "dsc01856.png"
      1             "file_name": "dsc01857.png"
      1             "file_name": "dsc01859.png"
      1             "file_name": "dsc01861.png"
      1             "file_name": "dsc01862.png"
      1             "file_name": "dsc01863.png"
      1             "file_name": "dsc01865.png"
      1             "file_name": "dsc01866.png"
      1             "file_name": "dsc01867.png"
      1             "file_name": "dsc01868.png"
      1             "file_name": "dsc01869.png"
      1             "file_name": "dsc01870.png"
      1             "file_name": "dsc01872.png"
      1             "file_name": "dsc01873.png"
      1             "file_name": "dsc01874.png"
      1             "file_name": "dsc01875.png"
      1             "file_name": "dsc01877.png"
      1             "file_name": "dsc01878.png"
      1             "file_name": "dsc01880.png"
      1             "file_name": "dsc01881.png"
      1             "file_name": "dsc01882.png"
      1             "file_name": "dsc01883.png"
      1             "file_name": "dsc01885.png"
      1             "file_name": "dsc01891.png"
      1             "file_name": "dsc01892.png"
      1             "file_name": "dsc01894.png"
      1             "file_name": "dsc01895.png"
      1             "file_name": "dsc01897.png"
      1             "file_name": "dsc01898.png"
      1             "file_name": "dsc01899.png"
      1             "file_name": "dsc01900.png"
      1             "file_name": "dsc01901.png"
      1             "file_name": "dsc01903.png"
      1             "file_name": "dsc01904.png"
      1             "file_name": "dsc01905.png"
      1             "file_name": "dsc01906.png"
      1             "file_name": "dsc01907.png"
      1             "file_name": "dsc01909.png"
      1             "file_name": "dsc01910.png"
      1             "file_name": "dsc01911.png"
      1             "file_name": "dsc01912.png"
      1             "file_name": "dsc01913.png"
      1             "file_name": "dsc01914.png"
      1             "file_name": "dsc01915.png"
      1             "file_name": "dsc01917.png"
      1             "file_name": "dsc01919.png"
      1             "file_name": "dsc01920.png"
      1             "file_name": "dsc01923.png"
      1             "file_name": "dsc01924.png"
      1             "file_name": "dsc01927.png"
      1             "file_name": "dsc01928.png"
      1             "file_name": "dsc01930.png"
      1             "file_name": "dsc01931.png"
      1             "file_name": "dsc01932.png"
      1             "file_name": "dsc01933.png"
      1             "file_name": "dsc01934.png"
      1             "file_name": "dsc01935.png"
      1             "file_name": "dsc01936.png"
      1             "file_name": "dsc01937.png"
      1             "file_name": "dsc01938.png"
      1             "file_name": "dsc01939.png"
      1             "file_name": "dsc01940.png"
      1             "file_name": "dsc01941.png"
      1             "file_name": "dsc01942.png"
      1             "file_name": "dsc01943.png"
      1             "file_name": "dsc01944.png"
      1             "file_name": "dsc01945.png"
      1             "file_name": "dsc01946.png"
      1             "file_name": "dsc01947.png"
      1             "file_name": "dsc01948.png"
      1             "file_name": "dsc01949.png"
      1             "file_name": "dsc01950.png"
      1             "file_name": "dsc01951.png"
      1             "file_name": "dsc01952.png"
      1             "file_name": "dsc01953.png"
      1             "file_name": "dsc01954.png"
      1             "file_name": "dsc01955.png"
      1             "file_name": "dsc01956.png"
      1             "file_name": "dsc01957.png"
      1             "file_name": "dsc01958.png"
      1             "file_name": "dsc01959.png"
      1             "file_name": "dsc01960.png"
      1             "file_name": "dsc01961.png"
      1             "file_name": "dsc01962.png"
      1             "file_name": "dsc01963.png"
      1             "file_name": "dsc01964.png"
      1             "file_name": "dsc01965.png"
      1             "file_name": "dsc01966.png"
      1             "file_name": "dsc01967.png"
      1             "file_name": "dsc01968.png"
      1             "file_name": "dsc01969.png"
      1             "file_name": "dsc01970.png"
      1             "file_name": "dsc01971.png"
      1             "file_name": "dsc01973.png"
      1             "file_name": "dsc01974.png"
      1             "file_name": "dsc01975.png"
      1             "file_name": "dsc01977.png"
      1             "file_name": "dsc01978.png"
      1             "file_name": "dsc01979.png"
      1             "file_name": "dsc01980.png"
      1             "file_name": "dsc01981.png"
      1             "file_name": "dsc01982.png"
      1             "file_name": "dsc01983.png"
      1             "file_name": "dsc01985.png"
      1             "file_name": "dsc01986.png"
      1             "file_name": "dsc01988.png"
      1             "file_name": "dsc01989.png"
      1             "file_name": "dsc01990.png"
      1             "file_name": "dsc01991.png"
      1             "file_name": "dsc01992.png"
      1             "file_name": "dsc01993.png"
      1             "file_name": "dsc01995.png"
      1             "file_name": "dsc01996.png"
      1             "file_name": "dsc01997.png"
      1             "file_name": "dsc01998.png"
      1             "file_name": "dsc01999.png"
      1             "file_name": "dsc02000.png"
      1             "file_name": "dsc02001.png"
      1             "file_name": "dsc02002.png"
      1             "file_name": "dsc02003.png"
      1             "file_name": "dsc02004.png"
      1             "file_name": "dsc02005.png"
      1             "file_name": "dsc02006.png"
      1             "file_name": "dsc02007.png"
      1             "file_name": "dsc02009.png"
      1             "file_name": "dsc02010.png"
      1             "file_name": "dsc02012.png"
      1             "file_name": "dsc02013.png"
      1             "file_name": "dsc02014.png"
      1             "file_name": "dsc02015.png"
      1             "file_name": "dsc02027.png"
      1             "file_name": "dsc02029.png"
      1             "file_name": "dsc02030.png"
      1             "file_name": "dsc02031.png"
      1             "file_name": "dsc02032.png"
      1             "file_name": "dsc02033.png"
      1             "file_name": "dsc02034.png"
      1             "file_name": "dsc02035.png"
